ERROR in client/src/__tests__/components/Chart.test.tsx, column  line 8, column 10 error TS7006: Parameter 'props' implicitly has an 'any' type.
ERROR in client/src/__tests__/components/Chart.test.tsx, column  line 9, column 9 error TS7006: Parameter 'props' implicitly has an 'any' type.
ERROR in client/src/__tests__/components/Chart.test.tsx, column  line 10, column 9 error TS7006: Parameter 'props' implicitly has an 'any' type.
ERROR in client/src/__tests__/components/Chart.test.tsx, column  line 11, column 14 error TS7006: Parameter 'props' implicitly has an 'any' type.
ERROR in client/src/__tests__/components/Chart.test.tsx, column  line 12, column 11 error TS7006: Parameter 'props' implicitly has an 'any' type.
ERROR in client/src/__tests__/components/Chart.test.tsx, column  line 258, column 9 error TS2322: Type '{ type: "line"; data: { labels: string[]; datasets: { label: string; data: number[]; borderColor: string; tension: number; }[]; }; title: string; height: number; sx: { backgroundColor: string; borderRadius: string; }; }' is not assignable to type 'IntrinsicAttributes & ChartProps'.
  Property 'sx' does not exist on type 'IntrinsicAttributes & ChartProps'.
ERROR in client/src/__tests__/components/FiltersToolbar.test.tsx, column  line 38, column 7 error TS2322: Type '{ id: string; label: string; type: FilterType; placeholder: string; }' is not assignable to type 'FilterDefinition'.
  Object literal may only specify known properties, column  and 'placeholder' does not exist in type 'FilterDefinition'.
ERROR in client/src/__tests__/components/FiltersToolbar.test.tsx, column  line 185, column 9 error TS2322: Type '{ filters: FilterDefinition[]; onFilterChange: Mock<any, column  any>; showClearButton: boolean; }' is not assignable to type 'IntrinsicAttributes & FiltersToolbarProps'.
  Property 'showClearButton' does not exist on type 'IntrinsicAttributes & FiltersToolbarProps'. Did you mean 'showFilterButton'?
ERROR in client/src/__tests__/components/FiltersToolbar.test.tsx, column  line 215, column 9 error TS2322: Type '{ filters: FilterDefinition[]; initialValues: { status: string; search: string; isVerified: boolean; }; onFilterChange: , column  line ) => void; }' is not assignable to type 'IntrinsicAttributes & FiltersToolbarProps'.
  Property 'initialValues' does not exist on type 'IntrinsicAttributes & FiltersToolbarProps'.
ERROR in client/src/__tests__/components/FiltersToolbar.test.tsx, column  line 241, column 9 error TS2322: Type '{ filters: FilterDefinition[]; initialValues: { status: string; category: string[]; isVerified: boolean; }; onFilterChange: , column  line ) => void; showFilterCount: boolean; }' is not assignable to type 'IntrinsicAttributes & FiltersToolbarProps'.
  Property 'initialValues' does not exist on type 'IntrinsicAttributes & FiltersToolbarProps'.
ERROR in client/src/__tests__/components/FiltersToolbar.test.tsx, column  line 256, column 9 error TS2322: Type '{ filters: FilterDefinition[]; onFilterChange: , column  line ) => void; compact: boolean; }' is not assignable to type 'IntrinsicAttributes & FiltersToolbarProps'.
  Property 'compact' does not exist on type 'IntrinsicAttributes & FiltersToolbarProps'.
ERROR in client/src/__tests__/components/FiltersToolbar.test.tsx, column  line 279, column 9 error TS2322: Type '{ filters: FilterDefinition[]; onFilterChange: , column  line ) => void; sx: { backgroundColor: string; padding: string; }; }' is not assignable to type 'IntrinsicAttributes & FiltersToolbarProps'.
  Property 'sx' does not exist on type 'IntrinsicAttributes & FiltersToolbarProps'.
ERROR in client/src/__tests__/components/FormBuilder.test.tsx, column  line 116, column 9 error TS2322: Type '{ title: string; fields: , column  line { name: string; label: string; type: string; required: boolean; placeholder: string; validation: { required: string; minLength: { value: number; message: string; }; pattern?: undefined; min?: undefined; maxLength?: undefined; }; options?: undefined; } | ... 5 more ... | { ...; })[]; default...' is not assignable to type 'IntrinsicAttributes & FormBuilderProps'.
  Property 'fields' does not exist on type 'IntrinsicAttributes & FormBuilderProps'.
ERROR in client/src/__tests__/components/FormBuilder.test.tsx, column  line 145, column 9 error TS2322: Type '{ title: string; fields: , column  line { name: string; label: string; type: string; required: boolean; placeholder: string; validation: { required: string; minLength: { value: number; message: string; }; pattern?: undefined; min?: undefined; maxLength?: undefined; }; options?: undefined; } | ... 5 more ... | { ...; })[]; default...' is not assignable to type 'IntrinsicAttributes & FormBuilderProps'.
  Property 'fields' does not exist on type 'IntrinsicAttributes & FormBuilderProps'.
ERROR in client/src/__tests__/components/FormBuilder.test.tsx, column  line 180, column 9 error TS2322: Type '{ title: string; fields: , column  line { name: string; label: string; type: string; required: boolean; placeholder: string; validation: { required: string; minLength: { value: number; message: string; }; pattern?: undefined; min?: undefined; maxLength?: undefined; }; options?: undefined; } | ... 5 more ... | { ...; })[]; default...' is not assignable to type 'IntrinsicAttributes & FormBuilderProps'.
  Property 'fields' does not exist on type 'IntrinsicAttributes & FormBuilderProps'.
ERROR in client/src/__tests__/components/FormBuilder.test.tsx, column  line 216, column 9 error TS2322: Type '{ title: string; fields: , column  line { name: string; label: string; type: string; required: boolean; placeholder: string; validation: { required: string; minLength: { value: number; message: string; }; pattern?: undefined; min?: undefined; maxLength?: undefined; }; options?: undefined; } | ... 5 more ... | { ...; })[]; default...' is not assignable to type 'IntrinsicAttributes & FormBuilderProps'.
  Property 'fields' does not exist on type 'IntrinsicAttributes & FormBuilderProps'.
ERROR in client/src/__tests__/components/FormBuilder.test.tsx, column  line 254, column 9 error TS2322: Type '{ title: string; fields: , column  line { name: string; label: string; type: string; required: boolean; placeholder: string; validation: { required: string; minLength: { value: number; message: string; }; pattern?: undefined; min?: undefined; maxLength?: undefined; }; options?: undefined; } | ... 5 more ... | { ...; })[]; default...' is not assignable to type 'IntrinsicAttributes & FormBuilderProps'.
  Property 'fields' does not exist on type 'IntrinsicAttributes & FormBuilderProps'.
ERROR in client/src/__tests__/components/FormBuilder.test.tsx, column  line 274, column 9 error TS2322: Type '{ title: string; fields: , column  line { name: string; label: string; type: string; required: boolean; placeholder: string; validation: { required: string; minLength: { value: number; message: string; }; pattern?: undefined; min?: undefined; maxLength?: undefined; }; options?: undefined; } | ... 5 more ... | { ...; })[]; default...' is not assignable to type 'IntrinsicAttributes & FormBuilderProps'.
  Property 'fields' does not exist on type 'IntrinsicAttributes & FormBuilderProps'.
ERROR in client/src/__tests__/components/FormBuilder.test.tsx, column  line 288, column 9 error TS2322: Type '{ title: string; fields: , column  line { name: string; label: string; type: string; required: boolean; placeholder: string; validation: { required: string; minLength: { value: number; message: string; }; pattern?: undefined; min?: undefined; maxLength?: undefined; }; options?: undefined; } | ... 5 more ... | { ...; })[]; default...' is not assignable to type 'IntrinsicAttributes & FormBuilderProps'.
  Property 'fields' does not exist on type 'IntrinsicAttributes & FormBuilderProps'.
ERROR in client/src/__tests__/components/FormBuilder.test.tsx, column  line 305, column 9 error TS2322: Type '{ title: string; fields: , column  line { name: string; label: string; type: string; required: boolean; placeholder: string; validation: { required: string; minLength: { value: number; message: string; }; pattern?: undefined; min?: undefined; maxLength?: undefined; }; options?: undefined; } | ... 5 more ... | { ...; })[]; default...' is not assignable to type 'IntrinsicAttributes & FormBuilderProps'.
  Property 'fields' does not exist on type 'IntrinsicAttributes & FormBuilderProps'.
ERROR in client/src/__tests__/components/FormBuilder.test.tsx, column  line 326, column 9 error TS2322: Type '{ title: string; fields: , column  line { name: string; label: string; type: string; required: boolean; placeholder: string; validation: { required: string; minLength: { value: number; message: string; }; pattern?: undefined; min?: undefined; maxLength?: undefined; }; options?: undefined; } | ... 5 more ... | { ...; })[]; default...' is not assignable to type 'IntrinsicAttributes & FormBuilderProps'.
  Property 'fields' does not exist on type 'IntrinsicAttributes & FormBuilderProps'.
ERROR in client/src/__tests__/test-utils.tsx, column  line 54, column 12 error TS2786: 'SnackbarProvider' cannot be used as a JSX component.
  Its instance type 'SnackbarProvider' is not a valid JSX element.
ERROR in client/src/App.tsx, column  line 26, column 12 error TS2786: 'HelmetProvider' cannot be used as a JSX component.
  Its instance type 'HelmetProvider' is not a valid JSX element.
    Property 'refs' is missing in type 'HelmetProvider' but required in type 'ElementClass'.
ERROR in client/src/App.tsx, column  line 27, column 14 error TS2786: 'SnackbarProvider' cannot be used as a JSX component.
  Its instance type 'SnackbarProvider' is not a valid JSX element.
    Property 'refs' is missing in type 'SnackbarProvider' but required in type 'ElementClass'.
ERROR in client/src/components/auth/TwoFactorSetup.tsx, column  line 73, column 19 error TS2345: Argument of type 'string | undefined' is not assignable to parameter of type 'SetStateAction<string | null>'.
  Type 'undefined' is not assignable to type 'SetStateAction<string | null>'.
ERROR in client/src/components/auth/TwoFactorSetup.tsx, column  line 74, column 19 error TS2345: Argument of type 'string | undefined' is not assignable to parameter of type 'SetStateAction<string | null>'.
ERROR in client/src/components/common/AnimatedButton.tsx, column  line 214, column 5 error TS2769: No overload matches this call.
  Overload 3 of 3, column  ', column  line props: DefaultComponentProps<ExtendButtonBaseTypeMap<ButtonTypeMap<{}, column  "button">>> Element | null', column  gave the following error.
    Type 'string | SystemCssProperties<Theme> | CSSSelectorObjectOrCssVariables<Theme> | readonly , column  line Position | readonly NonNullable<...>[] | null | undefined)[] | { ...; } | , column  line , column  line theme: Theme) => ResponsiveStyleValue<...>) | null' is not assignable to type 'SystemStyleObject<Theme> | CssVariableType | , column  line , column  line theme: Theme) => string | number | SystemStyleObject<Theme>)'.
  Overload 3 of 3, column  ', column  line props: DefaultComponentProps<ExtendButtonBaseTypeMap<ButtonTypeMap<{}, column  "button">>> Element | null', column  gave the following error.
    Type 'string | SystemCssProperties<Theme> | CSSSelectorObjectOrCssVariables<Theme> | readonly , column  line readonly string[] | Transition<string & {}> | null | undefined)[] | { ...; } | , column  line , column  line theme: Theme) => ResponsiveStyleValue<...>) | null' is not assignable to type 'SystemStyleObject<Theme> | CssVariableType | , column  line , column  line theme: Theme) => string | number | SystemStyleObject<Theme>)'.
ERROR in client/src/components/common/AnimatedFeedback.tsx, column  line 160, column 7 error TS2769: No overload matches this call.
  Overload 2 of 2, column  ', column  line props: DefaultComponentProps<BoxTypeMap<{}, column  "div", column  Theme>> Element | null', column  gave the following error.
    Type ', column  line string & {}) | "-moz-initial" | "inherit" | "initial" | "revert" | "revert-layer" | "unset" | "none" | "block" | "inline" | "run-in" | "-ms-flexbox" | "-ms-grid" | "-webkit-flex" | ... 33 more ... | null' is not assignable to type 'SystemStyleObject<Theme> | CssVariableType | , column  line , column  line theme: Theme) => string | number | SystemStyleObject<Theme>)'.
  Overload 2 of 2, column  ', column  line props: DefaultComponentProps<BoxTypeMap<{}, column  "div", column  Theme>> Element | null', column  gave the following error.
    Type ', column  line string & {}) | "-moz-initial" | "inherit" | "initial" | "revert" | "revert-layer" | "unset" | "center" | "normal" | SystemCssProperties<Theme> | ... 12 more ... | null' is not assignable to type 'SystemStyleObject<Theme> | CssVariableType | , column  line , column  line theme: Theme) => string | number | SystemStyleObject<Theme>)'.
  Overload 2 of 2, column  ', column  line props: DefaultComponentProps<BoxTypeMap<{}, column  "div", column  Theme>> Element | null', column  gave the following error.
    Type 'string | SystemCssProperties<Theme> | CSSSelectorObjectOrCssVariables<Theme> | readonly , column  line Color | readonly string[] | null | undefined)[] | { ...; } | , column  line , column  line theme: Theme) => ResponsiveStyleValue<...>) | null' is not assignable to type 'SystemStyleObject<Theme> | CssVariableType | , column  line , column  line theme: Theme) => string | number | SystemStyleObject<Theme>)'.
ERROR in client/src/components/common/AnimatedFeedback.tsx, column  line 183, column 5 error TS2769: No overload matches this call.
  Overload 2 of 2, column  ', column  line props: DefaultComponentProps<BoxTypeMap<{}, column  "div", column  Theme>> Element | null', column  gave the following error.
    Type ', column  line string & {}) | "-moz-initial" | "inherit" | "initial" | "revert" | "revert-layer" | "unset" | "none" | "block" | "inline" | "run-in" | "-ms-flexbox" | "-ms-grid" | "-webkit-flex" | ... 33 more ... | null' is not assignable to type 'SystemStyleObject<Theme> | CssVariableType | , column  line , column  line theme: Theme) => string | number | SystemStyleObject<Theme>)'.
  Overload 2 of 2, column  ', column  line props: DefaultComponentProps<BoxTypeMap<{}, column  "div", column  Theme>> Element | null', column  gave the following error.
    Type ', column  line string & {}) | "-moz-initial" | "inherit" | "initial" | "revert" | "revert-layer" | "unset" | "center" | "normal" | SystemCssProperties<Theme> | ... 12 more ... | null' is not assignable to type 'SystemStyleObject<Theme> | CssVariableType | , column  line , column  line theme: Theme) => string | number | SystemStyleObject<Theme>)'.
  Overload 2 of 2, column  ', column  line props: DefaultComponentProps<BoxTypeMap<{}, column  "div", column  Theme>> Element | null', column  gave the following error.
    Type 'string | number | SystemCssProperties<Theme> | CSSSelectorObjectOrCssVariables<Theme> | readonly , column  line Padding<string | number> | readonly NonNullable<...>[] | null | undefined)[] | { ...; } | , column  line , column  line theme: Theme) => ResponsiveStyleValue<...>) | null' is not assignable to type 'SystemStyleObject<Theme> | CssVariableType | , column  line , column  line theme: Theme) => string | number | SystemStyleObject<Theme>)'.
  Overload 2 of 2, column  ', column  line props: DefaultComponentProps<BoxTypeMap<{}, column  "div", column  Theme>> Element | null', column  gave the following error.
    Type 'string | number | SystemCssProperties<Theme> | CSSSelectorObjectOrCssVariables<Theme> | readonly , column  line BorderRadius<string | number> | readonly NonNullable<...>[] | null | undefined)[] | { ...; } | , column  line , column  line theme: Theme) => ResponsiveStyleValue<...>) | null' is not assignable to type 'SystemStyleObject<Theme> | CssVariableType | , column  line , column  line theme: Theme) => string | number | SystemStyleObject<Theme>)'.
  Overload 2 of 2, column  ', column  line props: DefaultComponentProps<BoxTypeMap<{}, column  "div", column  Theme>> Element | null', column  gave the following error.
    Type 'string | SystemCssProperties<Theme> | CSSSelectorObjectOrCssVariables<Theme> | readonly , column  line readonly string[] | BackgroundColor | null | undefined)[] | { ...; } | , column  line , column  line theme: Theme) => ResponsiveStyleValue<...>) | null' is not assignable to type 'SystemStyleObject<Theme> | CssVariableType | , column  line , column  line theme: Theme) => string | number | SystemStyleObject<Theme>)'.
  Overload 2 of 2, column  ', column  line props: DefaultComponentProps<BoxTypeMap<{}, column  "div", column  Theme>> Element | null', column  gave the following error.
    Type 'number | , column  line string & {}) | "blue" | "purple" | "gray" | "medium" | "-moz-initial" | "inherit" | "initial" | "revert" | "revert-layer" | "unset" | "thick" | "thin" | "dashed" | "dotted" | ... 189 more ... | null' is not assignable to type 'SystemStyleObject<Theme> | CssVariableType | , column  line , column  line theme: Theme) => string | number | SystemStyleObject<Theme>)'.
  Overload 2 of 2, column  ', column  line props: DefaultComponentProps<BoxTypeMap<{}, column  "div", column  Theme>> Element | null', column  gave the following error.
    Type 'string | SystemCssProperties<Theme> | CSSSelectorObjectOrCssVariables<Theme> | readonly , column  line Color | readonly string[] | null | undefined)[] | { ...; } | , column  line , column  line theme: Theme) => ResponsiveStyleValue<...>) | null' is not assignable to type 'SystemStyleObject<Theme> | CssVariableType | , column  line , column  line theme: Theme) => string | number | SystemStyleObject<Theme>)'.
ERROR in client/src/components/common/ApiVersionWarningBanner.tsx, column  line 43, column 44 error TS2339: Property 'checkApiVersion' does not exist on type '{ get: <T>, column  line url: string, column  config?: AxiosRequestConfig<any> | undefined, column  cacheOptions?: CacheOptions | undefined) => Promise<T>; post: <T>, column  line url: string, column  data?: any, column  config?: AxiosRequestConfig<...> | undefined) => Promise<...>; put: <T>, column  line url: string, column  data?: any, column  config?: AxiosRequestConfig<...> | undefined) => Promise<.....'.
ERROR in client/src/components/common/ApiVersionWarningBanner.tsx, column  line 47, column 38 error TS2339: Property 'getMigrationGuide' does not exist on type '{ get: <T>, column  line url: string, column  config?: AxiosRequestConfig<any> | undefined, column  cacheOptions?: CacheOptions | undefined) => Promise<T>; post: <T>, column  line url: string, column  data?: any, column  config?: AxiosRequestConfig<...> | undefined) => Promise<...>; put: <T>, column  line url: string, column  data?: any, column  config?: AxiosRequestConfig<...> | undefined) => Promise<.....'.
ERROR in client/src/components/common/ApiVersionWarningBanner.tsx, column  line 47, column 67 error TS2339: Property 'getVersion' does not exist on type '{ get: <T>, column  line url: string, column  config?: AxiosRequestConfig<any> | undefined, column  cacheOptions?: CacheOptions | undefined) => Promise<T>; post: <T>, column  line url: string, column  data?: any, column  config?: AxiosRequestConfig<...> | undefined) => Promise<...>; put: <T>, column  line url: string, column  data?: any, column  config?: AxiosRequestConfig<...> | undefined) => Promise<.....'.
ERROR in client/src/components/common/ApiVersionWarningBanner.tsx, column  line 53, column 56 error TS2304: Cannot find name 'error'.
ERROR in client/src/components/common/DataVisualization.tsx, column  line 319, column 36 error TS2322: Type '{ labels: string[]; datasets: { label: string; data: number[]; backgroundColor: string[]; borderColor: string; borderWidth: number; }[]; } | { datasets: { label: string; data: { x: number; y: number; r: number; }[]; backgroundColor: string; }[]; labels?: undefined; } | { ...; }' is not assignable to type 'ChartData<"bar", column  number[], column  string>'.
  Type '{ datasets: { label: string; data: { x: number; y: number; r: number; }[]; backgroundColor: string; }[]; labels?: undefined; }' is not assignable to type 'ChartData<"bar", column  number[], column  string>'.
    Types of property 'datasets' are incompatible.
      Type '{ label: string; data: { x: number; y: number; r: number; }[]; backgroundColor: string; }[]' is not assignable to type 'ChartDataset<"bar", column  number[]>[]'.
        Type '{ label: string; data: { x: number; y: number; r: number; }[]; backgroundColor: string; }' is not assignable to type 'ChartDataset<"bar", column  number[]>'.
          Type '{ label: string; data: { x: number; y: number; r: number; }[]; backgroundColor: string; }' is not assignable to type 'ChartDatasetProperties<"bar", column  number[]>'.
            Types of property 'data' are incompatible.
              Type '{ x: number; y: number; r: number; }[]' is not assignable to type 'number[]'.
                Type '{ x: number; y: number; r: number; }' is not assignable to type 'number'.
ERROR in client/src/components/common/DataVisualization.tsx, column  line 319, column 53 error TS2322: Type '{ responsive: boolean; maintainAspectRatio: boolean; animation: { duration: number; }; plugins: { legend: { display: boolean; position: "top"; }; title: { display: boolean; text: string; font: { size: number; weight: string; }; }; tooltip: { ...; }; }; } | { ...; }' is not assignable to type '_DeepPartialObject<CoreChartOptions<"bar"> & ElementChartOptions<"bar"> & PluginChartOptions<"bar"> & DatasetChartOptions<"bar"> & ScaleChartOptions<...> & BarControllerChartOptions> | undefined'.
  Type '{ responsive: boolean; maintainAspectRatio: boolean; animation: { duration: number; }; plugins: { legend: { display: boolean; position: "top"; }; title: { display: boolean; text: string; font: { size: number; weight: string; }; }; tooltip: { ...; }; }; }' is not assignable to type '_DeepPartialObject<CoreChartOptions<"bar"> & ElementChartOptions<"bar"> & PluginChartOptions<"bar"> & DatasetChartOptions<"bar"> & ScaleChartOptions<...> & BarControllerChartOptions>'.
    The types of 'plugins.title.font' are incompatible between these types.
      Type '{ size: number; weight: string; }' is not assignable to type ', column  line , column  line ctx: ScriptableChartContext, column  options: AnyObject) => Partial<FontSpec> | undefined) | _DeepPartialObject<Partial<FontSpec>> | _DeepPartialObject<...> | undefined'.
        Type '{ size: number; weight: string; }' is not assignable to type '_DeepPartialObject<ScriptableOptions<Partial<FontSpec>, column  ScriptableChartContext>>'.
          Types of property 'weight' are incompatible.
            Type 'string' is not assignable to type 'number | "bold" | "normal" | "bolder" | "lighter" | , column  line , column  line ctx: ScriptableChartContext, column  options: AnyObject) => number | "bold" | "normal" | "bolder" | "lighter" | null | undefined) | null | undefined'.
ERROR in client/src/components/common/DataVisualization.tsx, column  line 321, column 37 error TS2322: Type '{ labels: string[]; datasets: { label: string; data: number[]; backgroundColor: string[]; borderColor: string; borderWidth: number; }[]; } | { datasets: { label: string; data: { x: number; y: number; r: number; }[]; backgroundColor: string; }[]; labels?: undefined; } | { ...; }' is not assignable to type 'ChartData<"line", column  number[], column  string>'.
  Type '{ datasets: { label: string; data: { x: number; y: number; r: number; }[]; backgroundColor: string; }[]; labels?: undefined; }' is not assignable to type 'ChartData<"line", column  number[], column  string>'.
    Types of property 'datasets' are incompatible.
      Type '{ label: string; data: { x: number; y: number; r: number; }[]; backgroundColor: string; }[]' is not assignable to type 'ChartDataset<"line", column  number[]>[]'.
        Type '{ label: string; data: { x: number; y: number; r: number; }[]; backgroundColor: string; }' is not assignable to type 'ChartDataset<"line", column  number[]>'.
          Type '{ label: string; data: { x: number; y: number; r: number; }[]; backgroundColor: string; }' is not assignable to type 'ChartDatasetProperties<"line", column  number[]>'.
            Types of property 'data' are incompatible.
              Type '{ x: number; y: number; r: number; }[]' is not assignable to type 'number[]'.
ERROR in client/src/components/common/DataVisualization.tsx, column  line 321, column 54 error TS2322: Type '{ responsive: boolean; maintainAspectRatio: boolean; animation: { duration: number; }; plugins: { legend: { display: boolean; position: "top"; }; title: { display: boolean; text: string; font: { size: number; weight: string; }; }; tooltip: { ...; }; }; } | { ...; }' is not assignable to type '_DeepPartialObject<CoreChartOptions<"line"> & ElementChartOptions<"line"> & PluginChartOptions<"line"> & DatasetChartOptions<"line"> & ScaleChartOptions<...> & LineControllerChartOptions> | undefined'.
  Type '{ responsive: boolean; maintainAspectRatio: boolean; animation: { duration: number; }; plugins: { legend: { display: boolean; position: "top"; }; title: { display: boolean; text: string; font: { size: number; weight: string; }; }; tooltip: { ...; }; }; }' is not assignable to type '_DeepPartialObject<CoreChartOptions<"line"> & ElementChartOptions<"line"> & PluginChartOptions<"line"> & DatasetChartOptions<"line"> & ScaleChartOptions<...> & LineControllerChartOptions>'.
    The types of 'plugins.title' are incompatible between these types.
      Type '{ display: boolean; text: string; font: { size: number; weight: string; }; }' is not assignable to type '_DeepPartialObject<TitleOptions>'.
ERROR in client/src/components/common/DataVisualization.tsx, column  line 323, column 36 error TS2322: Type '{ labels: string[]; datasets: { label: string; data: number[]; backgroundColor: string[]; borderColor: string; borderWidth: number; }[]; } | { datasets: { label: string; data: { x: number; y: number; r: number; }[]; backgroundColor: string; }[]; labels?: undefined; } | { ...; }' is not assignable to type 'ChartData<"pie", column  number[], column  string>'.
  Type '{ datasets: { label: string; data: { x: number; y: number; r: number; }[]; backgroundColor: string; }[]; labels?: undefined; }' is not assignable to type 'ChartData<"pie", column  number[], column  string>'.
    Types of property 'datasets' are incompatible.
      Type '{ label: string; data: { x: number; y: number; r: number; }[]; backgroundColor: string; }[]' is not assignable to type 'ChartDataset<"pie", column  number[]>[]'.
        Type '{ label: string; data: { x: number; y: number; r: number; }[]; backgroundColor: string; }' is not assignable to type 'ChartDataset<"pie", column  number[]>'.
          Type '{ label: string; data: { x: number; y: number; r: number; }[]; backgroundColor: string; }' is not assignable to type 'ChartDatasetProperties<"pie", column  number[]>'.
            Types of property 'data' are incompatible.
              Type '{ x: number; y: number; r: number; }[]' is not assignable to type 'number[]'.
ERROR in client/src/components/common/DataVisualization.tsx, column  line 323, column 53 error TS2322: Type '{ responsive: boolean; maintainAspectRatio: boolean; animation: { duration: number; }; plugins: { legend: { display: boolean; position: "top"; }; title: { display: boolean; text: string; font: { size: number; weight: string; }; }; tooltip: { ...; }; }; } | { ...; }' is not assignable to type '_DeepPartialObject<CoreChartOptions<"pie"> & ElementChartOptions<"pie"> & PluginChartOptions<"pie"> & DatasetChartOptions<"pie"> & ScaleChartOptions<...> & DoughnutControllerChartOptions> | undefined'.
  Type '{ responsive: boolean; maintainAspectRatio: boolean; animation: { duration: number; }; plugins: { legend: { display: boolean; position: "top"; }; title: { display: boolean; text: string; font: { size: number; weight: string; }; }; tooltip: { ...; }; }; }' is not assignable to type '_DeepPartialObject<CoreChartOptions<"pie"> & ElementChartOptions<"pie"> & PluginChartOptions<"pie"> & DatasetChartOptions<"pie"> & ScaleChartOptions<...> & DoughnutControllerChartOptions>'.
    The types of 'plugins.title' are incompatible between these types.
      Type '{ display: boolean; text: string; font: { size: number; weight: string; }; }' is not assignable to type '_DeepPartialObject<TitleOptions>'.
ERROR in client/src/components/common/DataVisualization.tsx, column  line 325, column 41 error TS2322: Type '{ labels: string[]; datasets: { label: string; data: number[]; backgroundColor: string[]; borderColor: string; borderWidth: number; }[]; } | { datasets: { label: string; data: { x: number; y: number; r: number; }[]; backgroundColor: string; }[]; labels?: undefined; } | { ...; }' is not assignable to type 'ChartData<"doughnut", column  number[], column  string>'.
  Type '{ datasets: { label: string; data: { x: number; y: number; r: number; }[]; backgroundColor: string; }[]; labels?: undefined; }' is not assignable to type 'ChartData<"doughnut", column  number[], column  string>'.
    Types of property 'datasets' are incompatible.
      Type '{ label: string; data: { x: number; y: number; r: number; }[]; backgroundColor: string; }[]' is not assignable to type 'ChartDataset<"doughnut", column  number[]>[]'.
        Type '{ label: string; data: { x: number; y: number; r: number; }[]; backgroundColor: string; }' is not assignable to type 'ChartDataset<"doughnut", column  number[]>'.
          Type '{ label: string; data: { x: number; y: number; r: number; }[]; backgroundColor: string; }' is not assignable to type 'ChartDatasetProperties<"doughnut", column  number[]>'.
            Types of property 'data' are incompatible.
              Type '{ x: number; y: number; r: number; }[]' is not assignable to type 'number[]'.
ERROR in client/src/components/common/DataVisualization.tsx, column  line 325, column 58 error TS2322: Type '{ responsive: boolean; maintainAspectRatio: boolean; animation: { duration: number; }; plugins: { legend: { display: boolean; position: "top"; }; title: { display: boolean; text: string; font: { size: number; weight: string; }; }; tooltip: { ...; }; }; } | { ...; }' is not assignable to type '_DeepPartialObject<CoreChartOptions<"doughnut"> & ElementChartOptions<"doughnut"> & PluginChartOptions<"doughnut"> & DatasetChartOptions<"doughnut"> & ScaleChartOptions<...> & DoughnutControllerChartOptions> | undefined'.
  Type '{ responsive: boolean; maintainAspectRatio: boolean; animation: { duration: number; }; plugins: { legend: { display: boolean; position: "top"; }; title: { display: boolean; text: string; font: { size: number; weight: string; }; }; tooltip: { ...; }; }; }' is not assignable to type '_DeepPartialObject<CoreChartOptions<"doughnut"> & ElementChartOptions<"doughnut"> & PluginChartOptions<"doughnut"> & DatasetChartOptions<"doughnut"> & ScaleChartOptions<...> & DoughnutControllerChartOptions>'.
    The types of 'plugins.title' are incompatible between these types.
      Type '{ display: boolean; text: string; font: { size: number; weight: string; }; }' is not assignable to type '_DeepPartialObject<TitleOptions>'.
ERROR in client/src/components/common/DataVisualization.tsx, column  line 327, column 38 error TS2322: Type '{ labels: string[]; datasets: { label: string; data: number[]; backgroundColor: string[]; borderColor: string; borderWidth: number; }[]; } | { datasets: { label: string; data: { x: number; y: number; r: number; }[]; backgroundColor: string; }[]; labels?: undefined; } | { ...; }' is not assignable to type 'ChartData<"radar", column  number[], column  string>'.
  Type '{ datasets: { label: string; data: { x: number; y: number; r: number; }[]; backgroundColor: string; }[]; labels?: undefined; }' is not assignable to type 'ChartData<"radar", column  number[], column  string>'.
    Types of property 'datasets' are incompatible.
      Type '{ label: string; data: { x: number; y: number; r: number; }[]; backgroundColor: string; }[]' is not assignable to type 'ChartDataset<"radar", column  number[]>[]'.
        Type '{ label: string; data: { x: number; y: number; r: number; }[]; backgroundColor: string; }' is not assignable to type 'ChartDataset<"radar", column  number[]>'.
          Type '{ label: string; data: { x: number; y: number; r: number; }[]; backgroundColor: string; }' is not assignable to type 'ChartDatasetProperties<"radar", column  number[]>'.
            Types of property 'data' are incompatible.
              Type '{ x: number; y: number; r: number; }[]' is not assignable to type 'number[]'.
ERROR in client/src/components/common/DataVisualization.tsx, column  line 327, column 55 error TS2322: Type '{ responsive: boolean; maintainAspectRatio: boolean; animation: { duration: number; }; plugins: { legend: { display: boolean; position: "top"; }; title: { display: boolean; text: string; font: { size: number; weight: string; }; }; tooltip: { ...; }; }; } | { ...; }' is not assignable to type '_DeepPartialObject<CoreChartOptions<"radar"> & ElementChartOptions<"radar"> & PluginChartOptions<"radar"> & DatasetChartOptions<"radar"> & ScaleChartOptions<...> & LineControllerChartOptions> | undefined'.
  Type '{ responsive: boolean; maintainAspectRatio: boolean; animation: { duration: number; }; plugins: { legend: { display: boolean; position: "top"; }; title: { display: boolean; text: string; font: { size: number; weight: string; }; }; tooltip: { ...; }; }; }' is not assignable to type '_DeepPartialObject<CoreChartOptions<"radar"> & ElementChartOptions<"radar"> & PluginChartOptions<"radar"> & DatasetChartOptions<"radar"> & ScaleChartOptions<...> & LineControllerChartOptions>'.
    The types of 'plugins.title' are incompatible between these types.
      Type '{ display: boolean; text: string; font: { size: number; weight: string; }; }' is not assignable to type '_DeepPartialObject<TitleOptions>'.
ERROR in client/src/components/common/DataVisualization.tsx, column  line 329, column 42 error TS2322: Type '{ labels: string[]; datasets: { label: string; data: number[]; backgroundColor: string[]; borderColor: string; borderWidth: number; }[]; } | { datasets: { label: string; data: { x: number; y: number; r: number; }[]; backgroundColor: string; }[]; labels?: undefined; } | { ...; }' is not assignable to type 'ChartData<"polarArea", column  number[], column  string>'.
  Type '{ datasets: { label: string; data: { x: number; y: number; r: number; }[]; backgroundColor: string; }[]; labels?: undefined; }' is not assignable to type 'ChartData<"polarArea", column  number[], column  string>'.
    Types of property 'datasets' are incompatible.
      Type '{ label: string; data: { x: number; y: number; r: number; }[]; backgroundColor: string; }[]' is not assignable to type 'ChartDataset<"polarArea", column  number[]>[]'.
        Type '{ label: string; data: { x: number; y: number; r: number; }[]; backgroundColor: string; }' is not assignable to type 'ChartDataset<"polarArea", column  number[]>'.
          Type '{ label: string; data: { x: number; y: number; r: number; }[]; backgroundColor: string; }' is not assignable to type 'ChartDatasetProperties<"polarArea", column  number[]>'.
            Types of property 'data' are incompatible.
              Type '{ x: number; y: number; r: number; }[]' is not assignable to type 'number[]'.
ERROR in client/src/components/common/DataVisualization.tsx, column  line 329, column 59 error TS2322: Type '{ responsive: boolean; maintainAspectRatio: boolean; animation: { duration: number; }; plugins: { legend: { display: boolean; position: "top"; }; title: { display: boolean; text: string; font: { size: number; weight: string; }; }; tooltip: { ...; }; }; } | { ...; }' is not assignable to type '_DeepPartialObject<CoreChartOptions<"polarArea"> & ElementChartOptions<"polarArea"> & PluginChartOptions<"polarArea"> & DatasetChartOptions<...> & ScaleChartOptions<...> & PolarAreaControllerChartOptions> | undefined'.
  Type '{ responsive: boolean; maintainAspectRatio: boolean; animation: { duration: number; }; plugins: { legend: { display: boolean; position: "top"; }; title: { display: boolean; text: string; font: { size: number; weight: string; }; }; tooltip: { ...; }; }; }' is not assignable to type '_DeepPartialObject<CoreChartOptions<"polarArea"> & ElementChartOptions<"polarArea"> & PluginChartOptions<"polarArea"> & DatasetChartOptions<...> & ScaleChartOptions<...> & PolarAreaControllerChartOptions>'.
    The types of 'plugins.title' are incompatible between these types.
      Type '{ display: boolean; text: string; font: { size: number; weight: string; }; }' is not assignable to type '_DeepPartialObject<TitleOptions>'.
ERROR in client/src/components/common/DataVisualization.tsx, column  line 331, column 39 error TS2322: Type '{ labels: string[]; datasets: { label: string; data: number[]; backgroundColor: string[]; borderColor: string; borderWidth: number; }[]; } | { datasets: { label: string; data: { x: number; y: number; r: number; }[]; backgroundColor: string; }[]; labels?: undefined; } | { ...; }' is not assignable to type 'ChartData<"bubble", column  number[], column  string>'.
  Type '{ datasets: { label: string; data: { x: number; y: number; r: number; }[]; backgroundColor: string; }[]; labels?: undefined; }' is not assignable to type 'ChartData<"bubble", column  number[], column  string>'.
    Types of property 'datasets' are incompatible.
      Type '{ label: string; data: { x: number; y: number; r: number; }[]; backgroundColor: string; }[]' is not assignable to type 'ChartDataset<"bubble", column  number[]>[]'.
        Type '{ label: string; data: { x: number; y: number; r: number; }[]; backgroundColor: string; }' is not assignable to type 'ChartDataset<"bubble", column  number[]>'.
          Type '{ label: string; data: { x: number; y: number; r: number; }[]; backgroundColor: string; }' is not assignable to type 'ChartDatasetProperties<"bubble", column  number[]>'.
            Types of property 'data' are incompatible.
              Type '{ x: number; y: number; r: number; }[]' is not assignable to type 'number[]'.
ERROR in client/src/components/common/DataVisualization.tsx, column  line 331, column 56 error TS2322: Type '{ responsive: boolean; maintainAspectRatio: boolean; animation: { duration: number; }; plugins: { legend: { display: boolean; position: "top"; }; title: { display: boolean; text: string; font: { size: number; weight: string; }; }; tooltip: { ...; }; }; } | { ...; }' is not assignable to type '_DeepPartialObject<CoreChartOptions<"bubble"> & ElementChartOptions<"bubble"> & PluginChartOptions<"bubble"> & DatasetChartOptions<"bubble"> & ScaleChartOptions<...>> | undefined'.
  Type '{ responsive: boolean; maintainAspectRatio: boolean; animation: { duration: number; }; plugins: { legend: { display: boolean; position: "top"; }; title: { display: boolean; text: string; font: { size: number; weight: string; }; }; tooltip: { ...; }; }; }' is not assignable to type '_DeepPartialObject<CoreChartOptions<"bubble"> & ElementChartOptions<"bubble"> & PluginChartOptions<"bubble"> & DatasetChartOptions<"bubble"> & ScaleChartOptions<...>>'.
    The types of 'plugins.title' are incompatible between these types.
      Type '{ display: boolean; text: string; font: { size: number; weight: string; }; }' is not assignable to type '_DeepPartialObject<TitleOptions>'.
ERROR in client/src/components/common/DataVisualization.tsx, column  line 333, column 40 error TS2322: Type '{ labels: string[]; datasets: { label: string; data: number[]; backgroundColor: string[]; borderColor: string; borderWidth: number; }[]; } | { datasets: { label: string; data: { x: number; y: number; r: number; }[]; backgroundColor: string; }[]; labels?: undefined; } | { ...; }' is not assignable to type 'ChartData<"scatter", column  number[], column  string>'.
  Type '{ datasets: { label: string; data: { x: number; y: number; r: number; }[]; backgroundColor: string; }[]; labels?: undefined; }' is not assignable to type 'ChartData<"scatter", column  number[], column  string>'.
    Types of property 'datasets' are incompatible.
      Type '{ label: string; data: { x: number; y: number; r: number; }[]; backgroundColor: string; }[]' is not assignable to type 'ChartDataset<"scatter", column  number[]>[]'.
        Type '{ label: string; data: { x: number; y: number; r: number; }[]; backgroundColor: string; }' is not assignable to type 'ChartDataset<"scatter", column  number[]>'.
          Type '{ label: string; data: { x: number; y: number; r: number; }[]; backgroundColor: string; }' is not assignable to type 'ChartDatasetProperties<"scatter", column  number[]>'.
            Types of property 'data' are incompatible.
              Type '{ x: number; y: number; r: number; }[]' is not assignable to type 'number[]'.
ERROR in client/src/components/common/DataVisualization.tsx, column  line 333, column 57 error TS2322: Type '{ responsive: boolean; maintainAspectRatio: boolean; animation: { duration: number; }; plugins: { legend: { display: boolean; position: "top"; }; title: { display: boolean; text: string; font: { size: number; weight: string; }; }; tooltip: { ...; }; }; } | { ...; }' is not assignable to type '_DeepPartialObject<CoreChartOptions<"scatter"> & ElementChartOptions<"scatter"> & PluginChartOptions<"scatter"> & DatasetChartOptions<"scatter"> & ScaleChartOptions<...> & LineControllerChartOptions> | undefined'.
  Type '{ responsive: boolean; maintainAspectRatio: boolean; animation: { duration: number; }; plugins: { legend: { display: boolean; position: "top"; }; title: { display: boolean; text: string; font: { size: number; weight: string; }; }; tooltip: { ...; }; }; }' is not assignable to type '_DeepPartialObject<CoreChartOptions<"scatter"> & ElementChartOptions<"scatter"> & PluginChartOptions<"scatter"> & DatasetChartOptions<"scatter"> & ScaleChartOptions<...> & LineControllerChartOptions>'.
    The types of 'plugins.title' are incompatible between these types.
      Type '{ display: boolean; text: string; font: { size: number; weight: string; }; }' is not assignable to type '_DeepPartialObject<TitleOptions>'.
ERROR in client/src/components/common/DataVisualization.tsx, column  line 335, column 36 error TS2322: Type '{ labels: string[]; datasets: { label: string; data: number[]; backgroundColor: string[]; borderColor: string; borderWidth: number; }[]; } | { datasets: { label: string; data: { x: number; y: number; r: number; }[]; backgroundColor: string; }[]; labels?: undefined; } | { ...; }' is not assignable to type 'ChartData<"bar", column  number[], column  string>'.
  Type '{ datasets: { label: string; data: { x: number; y: number; r: number; }[]; backgroundColor: string; }[]; labels?: undefined; }' is not assignable to type 'ChartData<"bar", column  number[], column  string>'.
ERROR in client/src/components/common/DataVisualization.tsx, column  line 335, column 53 error TS2322: Type '{ responsive: boolean; maintainAspectRatio: boolean; animation: { duration: number; }; plugins: { legend: { display: boolean; position: "top"; }; title: { display: boolean; text: string; font: { size: number; weight: string; }; }; tooltip: { ...; }; }; } | { ...; }' is not assignable to type '_DeepPartialObject<CoreChartOptions<"bar"> & ElementChartOptions<"bar"> & PluginChartOptions<"bar"> & DatasetChartOptions<"bar"> & ScaleChartOptions<...> & BarControllerChartOptions> | undefined'.
ERROR in client/src/components/common/DataVisualization.tsx, column  line 394, column 21 error TS2322: Type 'ReactNode' is not assignable to type 'ReactElement<any, column  any>'.
  Type 'undefined' is not assignable to type 'ReactElement<any, column  any>'.
ERROR in client/src/components/common/FeedbackForm.tsx, column  line 147, column 51 error TS2304: Cannot find name 'err'.
ERROR in client/src/components/common/FileUploadModal.tsx, column  line 362, column 21 error TS2304: Cannot find name 'uploadInterval'.
ERROR in client/src/components/common/FilterModal.tsx, column  line 163, column 15 error TS2345: Argument of type ', column  line prev: FilterValues) => { [x: string]: FilterOptionValue | , column  line Date | null)[]; }' is not assignable to parameter of type 'SetStateAction<FilterValues>'.
  Type ', column  line prev: FilterValues) => { [x: string]: FilterOptionValue | , column  line Date | null)[]; }' is not assignable to type ', column  line prevState: FilterValues) => FilterValues'.
    Type '{ [x: string]: FilterOptionValue | , column  line Date | null)[]; }' is not assignable to type 'FilterValues'.
      'string' index signatures are incompatible.
        Type 'FilterOptionValue | , column  line Date | null)[]' is not assignable to type 'FilterOptionValue'.
          Type ', column  line Date | null)[]' is not assignable to type 'FilterOptionValue'.
            Type ', column  line Date | null)[]' is not assignable to type 'string[]'.
              Type 'Date | null' is not assignable to type 'string'.
                Type 'null' is not assignable to type 'string'.
ERROR in client/src/components/common/FilterModal.tsx, column  line 164, column 28 error TS2352: Conversion of type 'string | number | boolean | string[] | Date | null' to type ', column  line Date | null)[]' may be a mistake because neither type sufficiently overlaps with the other. If this was intentional, column  convert the expression to 'unknown' first.
  Type 'Date' is missing the following properties from type ', column  line Date | null)[]': length, column  pop, column  push, column  concat, column  and 29 more.
ERROR in client/src/components/common/FilterModal.tsx, column  line 184, column 15 error TS2345: Argument of type ', column  line prev: FilterValues) => { [x: string]: number[] | FilterOptionValue; }' is not assignable to parameter of type 'SetStateAction<FilterValues>'.
  Type ', column  line prev: FilterValues) => { [x: string]: number[] | FilterOptionValue; }' is not assignable to type ', column  line prevState: FilterValues) => FilterValues'.
    Type '{ [x: string]: number[] | FilterOptionValue; }' is not assignable to type 'FilterValues'.
      'string' index signatures are incompatible.
        Type 'number[] | FilterOptionValue' is not assignable to type 'FilterOptionValue'.
          Type 'number[]' is not assignable to type 'FilterOptionValue'.
            Type 'number[]' is not assignable to type 'string[]'.
              Type 'number' is not assignable to type 'string'.
ERROR in client/src/components/common/FilterModal.tsx, column  line 323, column 53 error TS2345: Argument of type 'string | number | true | string[] | Date' is not assignable to parameter of type 'string | number | string[]'.
  Type 'boolean' is not assignable to type 'string | number | string[]'.
ERROR in client/src/components/common/FilterModal.tsx, column  line 399, column 28 error TS2352: Conversion of type 'string | number | boolean | string[] | Date | null | undefined' to type ', column  line Date | null)[]' may be a mistake because neither type sufficiently overlaps with the other. If this was intentional, column  convert the expression to 'unknown' first.
  Type 'Date' is not comparable to type ', column  line Date | null)[]'.
ERROR in client/src/components/common/GenerateReportButton.tsx, column  line 20, column 10 error TS2614: Module '"../../services/inspection.service"' has no exported member 'generateInspectionReport'. Did you mean to use 'import generateInspectionReport from "../../services/inspection.service"' instead?
ERROR in client/src/components/common/GenerateReportButton.tsx, column  line 123, column 49 error TS2552: Cannot find name 'error'. Did you mean '_error'?
ERROR in client/src/components/common/LoadingButton.tsx, column  line 50, column 50 error TS2322: Type 'ReactNode' is not assignable to type 'ReactI18NextChildren | Iterable<ReactI18NextChildren>'.
  Type 'bigint' is not assignable to type 'ReactI18NextChildren | Iterable<ReactI18NextChildren>'.
ERROR in client/src/components/common/OfflineIndicator.tsx, column  line 102, column 58 error TS2304: Cannot find name 'error'.
ERROR in client/src/components/common/OptimizedImage.tsx, column  line 111, column 55 error TS2304: Cannot find name 'error'.
ERROR in client/src/components/common/ResponsiveCard.tsx, column  line 15, column 11 error TS2430: Interface 'ResponsiveCardProps' incorrectly extends interface 'CardOwnProps & CommonProps & Omit<DetailedHTMLProps<HTMLAttributes<HTMLDivElement>, column  HTMLDivElement>, column  "style" | ... 7 more ... | "raised"> & { ...; }'.
  Type 'ResponsiveCardProps' is not assignable to type 'Omit<DetailedHTMLProps<HTMLAttributes<HTMLDivElement>, column  HTMLDivElement>, column  "style" | "children" | "className" | ... 5 more ... | "raised">'.
    Types of property 'title' are incompatible.
      Type 'ReactNode' is not assignable to type 'string | undefined'.
        Type 'null' is not assignable to type 'string | undefined'.
ERROR in client/src/components/common/ResponsiveTable.tsx, column  line 235, column 29 error TS2322: Type '{ children: Element; component: OverridableComponent<PaperTypeMap<{}, column  "div">>; maxHeight: string | number | undefined; }' is not assignable to type 'IntrinsicAttributes & TableContainerOwnProps & CommonProps & Omit<DetailedHTMLProps<HTMLAttributes<HTMLDivElement>, column  HTMLDivElement>, column  "style" | ... 3 more ... | "sx"> & MUIStyledCommonProps<...> & { ...; }'.
  Property 'component' does not exist on type 'IntrinsicAttributes & TableContainerOwnProps & CommonProps & Omit<DetailedHTMLProps<HTMLAttributes<HTMLDivElement>, column  HTMLDivElement>, column  "style" | ... 3 more ... | "sx"> & MUIStyledCommonProps<...> & { ...; }'.
ERROR in client/src/components/common/ResponsiveTable.tsx, column  line 402, column 29 error TS2322: Type '{ children: Element; component: any; maxHeight: string | number | undefined; }' is not assignable to type 'IntrinsicAttributes & TableContainerOwnProps & CommonProps & Omit<DetailedHTMLProps<HTMLAttributes<HTMLDivElement>, column  HTMLDivElement>, column  "style" | ... 3 more ... | "sx"> & MUIStyledCommonProps<...> & { ...; }'.
  Property 'component' does not exist on type 'IntrinsicAttributes & TableContainerOwnProps & CommonProps & Omit<DetailedHTMLProps<HTMLAttributes<HTMLDivElement>, column  HTMLDivElement>, column  "style" | ... 3 more ... | "sx"> & MUIStyledCommonProps<...> & { ...; }'.
ERROR in client/src/components/common/ScreenReaderCompatibility.tsx, column  line 38, column 3 error TS2305: Module '"@mui/icons-material"' has no exported member 'AriaHidden'.
ERROR in client/src/components/common/SearchModal.tsx, column  line 35, column 26 error TS7016: Could not find a declaration file for module 'lodash'. '/Users/tannercoker/AeroSuite-main/node_modules/lodash/lodash.js' implicitly has an 'any' type.
  Try `npm i --save-dev @types/lodash` if it exists or add a new declaration , column  line .d.ts) file containing `declare module 'lodash';`
ERROR in client/src/components/common/ThemeSettings.tsx, column  line 174, column 14 error TS2304: Cannot find name 'ColorLens'.
ERROR in client/src/components/customers/ActivityTimelineItem.tsx, column  line 157, column 21 error TS2339: Property 'user' does not exist on type 'CustomerActivity'.
ERROR in client/src/components/customers/ActivityTimelineItem.tsx, column  line 161, column 31 error TS2339: Property 'user' does not exist on type 'CustomerActivity'.
ERROR in client/src/components/customers/ActivityTimelineItem.tsx, column  line 166, column 21 error TS2339: Property 'relatedItems' does not exist on type 'CustomerActivity'.
ERROR in client/src/components/customers/ActivityTimelineItem.tsx, column  line 166, column 46 error TS2339: Property 'relatedItems' does not exist on type 'CustomerActivity'.
ERROR in client/src/components/customers/ActivityTimelineItem.tsx, column  line 166, column 64 error TS7006: Parameter 'item' implicitly has an 'any' type.
ERROR in client/src/components/customers/ActivityTimelineItem.tsx, column  line 166, column 70 error TS7006: Parameter 'index' implicitly has an 'any' type.
ERROR in client/src/components/dashboard/DashboardCustomizer.tsx, column  line 45, column 55 error TS7016: Could not find a declaration file for module 'react-beautiful-dnd'. '/Users/tannercoker/AeroSuite-main/node_modules/react-beautiful-dnd/dist/react-beautiful-dnd.cjs.js' implicitly has an 'any' type.
  Try `npm i --save-dev @types/react-beautiful-dnd` if it exists or add a new declaration , column  line .d.ts) file containing `declare module 'react-beautiful-dnd';`
ERROR in client/src/components/dashboard/DashboardCustomizer.tsx, column  line 269, column 15 error TS7006: Parameter 'provided' implicitly has an 'any' type.
ERROR in client/src/components/dashboard/DashboardCustomizer.tsx, column  line 282, column 23 error TS7006: Parameter 'provided' implicitly has an 'any' type.
ERROR in client/src/components/dashboard/widgets/AnomalyDetectionWidget.tsx, column  line 116, column 9 error TS2322: Type '"critical"' is not assignable to type 'null'.
ERROR in client/src/components/dashboard/widgets/AnomalyDetectionWidget.tsx, column  line 117, column 33 error TS2345: Argument of type '{ timestamp: string; value: number; isAnomaly: boolean; severity: null; }' is not assignable to parameter of type 'never'.
ERROR in client/src/components/dashboard/widgets/AnomalyDetectionWidget.tsx, column  line 122, column 9 error TS2322: Type '"high"' is not assignable to type 'null'.
ERROR in client/src/components/dashboard/widgets/AnomalyDetectionWidget.tsx, column  line 123, column 29 error TS2345: Argument of type '{ timestamp: string; value: number; isAnomaly: boolean; severity: null; }' is not assignable to parameter of type 'never'.
ERROR in client/src/components/dashboard/widgets/AnomalyDetectionWidget.tsx, column  line 128, column 9 error TS2322: Type '"medium"' is not assignable to type 'null'.
ERROR in client/src/components/dashboard/widgets/AnomalyDetectionWidget.tsx, column  line 129, column 31 error TS2345: Argument of type '{ timestamp: string; value: number; isAnomaly: boolean; severity: null; }' is not assignable to parameter of type 'never'.
ERROR in client/src/components/dashboard/widgets/AnomalyDetectionWidget.tsx, column  line 134, column 9 error TS2322: Type '"low"' is not assignable to type 'null'.
ERROR in client/src/components/dashboard/widgets/AnomalyDetectionWidget.tsx, column  line 135, column 28 error TS2345: Argument of type '{ timestamp: string; value: number; isAnomaly: boolean; severity: null; }' is not assignable to parameter of type 'never'.
ERROR in client/src/components/dashboard/widgets/AnomalyDetectionWidget.tsx, column  line 250, column 17 error TS2304: Cannot find name 'InfoOutlined'.
ERROR in client/src/components/dashboard/widgets/AnomalyDetectionWidget.tsx, column  line 318, column 14 error TS2786: 'XAxis' cannot be used as a JSX component.
  Its instance type 'XAxis' is not a valid JSX element.
    Property 'refs' is missing in type 'XAxis' but required in type 'ElementClass'.
ERROR in client/src/components/dashboard/widgets/AnomalyDetectionWidget.tsx, column  line 325, column 14 error TS2786: 'YAxis' cannot be used as a JSX component.
  Its instance type 'YAxis' is not a valid JSX element.
    Property 'refs' is missing in type 'YAxis' but required in type 'ElementClass'.
ERROR in client/src/components/dashboard/widgets/AnomalyDetectionWidget.tsx, column  line 326, column 14 error TS2786: 'RechartsTooltip' cannot be used as a JSX component.
  Its instance type 'Tooltip<ValueType, column  NameType>' is not a valid JSX element.
    Property 'refs' is missing in type 'Tooltip<ValueType, column  NameType>' but required in type 'ElementClass'.
ERROR in client/src/components/dashboard/widgets/AnomalyDetectionWidget.tsx, column  line 327, column 14 error TS2786: 'Line' cannot be used as a JSX component.
  Its instance type 'Line' is not a valid JSX element.
    Property 'refs' is missing in type 'Line' but required in type 'ElementClass'.
ERROR in client/src/components/dashboard/widgets/AnomalyDetectionWidget.tsx, column  line 331, column 15 error TS2769: No overload matches this call.
  Overload 1 of 2, column  ', column  line props: Props Line', column  gave the following error.
    Type ', column  line props: any) => JSX.Element | null' is not assignable to type 'LineDot | undefined'.
      Type ', column  line props: any) => JSX.Element | null' is not assignable to type ', column  line props: any) => ReactElement<SVGElement, column  string | JSXElementConstructor<any>>'.
        Type 'Element | null' is not assignable to type 'ReactElement<SVGElement, column  string | JSXElementConstructor<any>>'.
          Type 'null' is not assignable to type 'ReactElement<SVGElement, column  string | JSXElementConstructor<any>>'.
  Overload 2 of 2, column  ', column  line props: Props, column  context: any Line', column  gave the following error.
    Type ', column  line props: any) => JSX.Element | null' is not assignable to type 'LineDot | undefined'.
ERROR in client/src/components/dashboard/widgets/AnomalyDetectionWidget.tsx, column  line 437, column 13 error TS2322: Type ', column  line event: React.ChangeEvent<{    value: unknown;}>) => void' is not assignable to type ', column  line event: SelectChangeEvent<string>, column  child: ReactNode) => void'.
  Types of parameters 'event' and 'event' are incompatible.
    Type 'SelectChangeEvent<string>' is not assignable to type 'ChangeEvent<{ value: unknown; }>'.
      Type 'Event & { target: { value: string; name: string; }; }' is missing the following properties from type 'ChangeEvent<{ value: unknown; }>': nativeEvent, column  isDefaultPrevented, column  isPropagationStopped, column  persist
ERROR in client/src/components/dashboard/widgets/AnomalyDetectionWidget.tsx, column  line 451, column 13 error TS2322: Type ', column  line event: React.ChangeEvent<{    value: unknown;}>) => void' is not assignable to type ', column  line event: SelectChangeEvent<string>, column  child: ReactNode) => void'.
  Types of parameters 'event' and 'event' are incompatible.
    Type 'SelectChangeEvent<string>' is not assignable to type 'ChangeEvent<{ value: unknown; }>'.
      Type 'Event & { target: { value: string; name: string; }; }' is missing the following properties from type 'ChangeEvent<{ value: unknown; }>': nativeEvent, column  isDefaultPrevented, column  isPropagationStopped, column  persist
ERROR in client/src/components/dashboard/widgets/AnomalyDetectionWidget.tsx, column  line 518, column 21 error TS2322: Type ', column  line event: React.ChangeEvent<{    value: unknown;}>) => void' is not assignable to type ', column  line event: SelectChangeEvent<string>, column  child: ReactNode) => void'.
  Types of parameters 'event' and 'event' are incompatible.
    Type 'SelectChangeEvent<string>' is not assignable to type 'ChangeEvent<{ value: unknown; }>'.
      Type 'Event & { target: { value: string; name: string; }; }' is missing the following properties from type 'ChangeEvent<{ value: unknown; }>': nativeEvent, column  isDefaultPrevented, column  isPropagationStopped, column  persist
ERROR in client/src/components/dashboard/widgets/CalendarWidget.tsx, column  line 161, column 28 error TS7006: Parameter 'eventInfo' implicitly has an 'any' type.
ERROR in client/src/components/dashboard/widgets/CustomWidgetBuilder.tsx, column  line 309, column 17 error TS2322: Type ', column  line e: React.ChangeEvent<HTMLInputElement | {    name?: string;    value: unknown;}>) => void' is not assignable to type ', column  line event: SelectChangeEvent<"small" | "medium" | "large">, column  child: ReactNode) => void'.
  Types of parameters 'e' and 'event' are incompatible.
    Type 'SelectChangeEvent<"small" | "medium" | "large">' is not assignable to type 'ChangeEvent<HTMLInputElement | { name?: string | undefined; value: unknown; }>'.
      Type 'Event & { target: { value: "small" | "medium" | "large"; name: string; }; }' is missing the following properties from type 'ChangeEvent<HTMLInputElement | { name?: string | undefined; value: unknown; }>': nativeEvent, column  isDefaultPrevented, column  isPropagationStopped, column  persist
ERROR in client/src/components/dashboard/widgets/CustomWidgetBuilder.tsx, column  line 328, column 17 error TS2322: Type ', column  line e: React.ChangeEvent<HTMLInputElement | {    name?: string;    value: unknown;}>) => void' is not assignable to type ', column  line event: SelectChangeEvent<string>, column  child: ReactNode) => void'.
  Types of parameters 'e' and 'event' are incompatible.
    Type 'SelectChangeEvent<string>' is not assignable to type 'ChangeEvent<HTMLInputElement | { name?: string | undefined; value: unknown; }>'.
      Type 'Event & { target: { value: string; name: string; }; }' is missing the following properties from type 'ChangeEvent<HTMLInputElement | { name?: string | undefined; value: unknown; }>': nativeEvent, column  isDefaultPrevented, column  isPropagationStopped, column  persist
ERROR in client/src/components/dashboard/widgets/CustomWidgetBuilder.tsx, column  line 361, column 17 error TS2322: Type ', column  line e: React.ChangeEvent<HTMLInputElement | {    name?: string;    value: unknown;}>) => void' is not assignable to type ', column  line event: SelectChangeEvent<string>, column  child: ReactNode) => void'.
ERROR in client/src/components/dashboard/widgets/PerformanceMetricsDashboard.tsx, column  line 60, column 18 error TS2345: Argument of type 'Object' is not assignable to parameter of type 'SetStateAction<null>'.
  The 'Object' type is assignable to very few other types. Did you mean to use the 'any' type instead?
    Type 'Object' provides no match for the signature ', column  line prevState: null null'.
ERROR in client/src/components/dashboard/widgets/PerformanceMetricsDashboard.tsx, column  line 61, column 27 error TS2345: Argument of type 'Object' is not assignable to parameter of type 'SetStateAction<null>'.
  The 'Object' type is assignable to very few other types. Did you mean to use the 'any' type instead?
ERROR in client/src/components/dashboard/widgets/PerformanceMetricsDashboard.tsx, column  line 65, column 16 error TS2345: Argument of type '"Failed to load performance metrics. Please try again."' is not assignable to parameter of type 'SetStateAction<null>'.
ERROR in client/src/components/dashboard/widgets/PerformanceMetricsDashboard.tsx, column  line 88, column 26 error TS2345: Argument of type 'Timer' is not assignable to parameter of type 'SetStateAction<null>'.
  Type 'Timer' provides no match for the signature ', column  line prevState: null null'.
ERROR in client/src/components/dashboard/widgets/PerformanceMetricsDashboard.tsx, column  line 102, column 28 error TS7006: Parameter 'event' implicitly has an 'any' type.
ERROR in client/src/components/dashboard/widgets/PerformanceMetricsDashboard.tsx, column  line 102, column 35 error TS7006: Parameter 'newValue' implicitly has an 'any' type.
ERROR in client/src/components/dashboard/widgets/PerformanceMetricsDashboard.tsx, column  line 129, column 40 error TS2339: Property 'cpu' does not exist on type 'never'.
ERROR in client/src/components/dashboard/widgets/PerformanceMetricsDashboard.tsx, column  line 131, column 27 error TS2339: Property 'cpu' does not exist on type 'never'.
ERROR in client/src/components/dashboard/widgets/PerformanceMetricsDashboard.tsx, column  line 140, column 28 error TS2339: Property 'cpu' does not exist on type 'never'.
ERROR in client/src/components/dashboard/widgets/PerformanceMetricsDashboard.tsx, column  line 143, column 28 error TS2339: Property 'cpu' does not exist on type 'never'.
ERROR in client/src/components/dashboard/widgets/PerformanceMetricsDashboard.tsx, column  line 154, column 44 error TS2339: Property 'cpu' does not exist on type 'never'.
ERROR in client/src/components/dashboard/widgets/PerformanceMetricsDashboard.tsx, column  line 156, column 31 error TS2339: Property 'cpu' does not exist on type 'never'.
ERROR in client/src/components/dashboard/widgets/PerformanceMetricsDashboard.tsx, column  line 163, column 29 error TS2339: Property 'cpu' does not exist on type 'never'.
ERROR in client/src/components/dashboard/widgets/PerformanceMetricsDashboard.tsx, column  line 165, column 33 error TS2339: Property 'cpu' does not exist on type 'never'.
ERROR in client/src/components/dashboard/widgets/PerformanceMetricsDashboard.tsx, column  line 182, column 40 error TS2339: Property 'memory' does not exist on type 'never'.
ERROR in client/src/components/dashboard/widgets/PerformanceMetricsDashboard.tsx, column  line 184, column 27 error TS2339: Property 'memory' does not exist on type 'never'.
ERROR in client/src/components/dashboard/widgets/PerformanceMetricsDashboard.tsx, column  line 193, column 28 error TS2339: Property 'memory' does not exist on type 'never'.
ERROR in client/src/components/dashboard/widgets/PerformanceMetricsDashboard.tsx, column  line 196, column 29 error TS2339: Property 'memory' does not exist on type 'never'.
ERROR in client/src/components/dashboard/widgets/PerformanceMetricsDashboard.tsx, column  line 196, column 76 error TS2339: Property 'memory' does not exist on type 'never'.
ERROR in client/src/components/dashboard/widgets/PerformanceMetricsDashboard.tsx, column  line 207, column 44 error TS2339: Property 'memory' does not exist on type 'never'.
ERROR in client/src/components/dashboard/widgets/PerformanceMetricsDashboard.tsx, column  line 209, column 31 error TS2339: Property 'memory' does not exist on type 'never'.
ERROR in client/src/components/dashboard/widgets/PerformanceMetricsDashboard.tsx, column  line 216, column 29 error TS2339: Property 'memory' does not exist on type 'never'.
ERROR in client/src/components/dashboard/widgets/PerformanceMetricsDashboard.tsx, column  line 218, column 33 error TS2339: Property 'memory' does not exist on type 'never'.
ERROR in client/src/components/dashboard/widgets/PerformanceMetricsDashboard.tsx, column  line 235, column 28 error TS2339: Property 'requests' does not exist on type 'never'.
ERROR in client/src/components/dashboard/widgets/PerformanceMetricsDashboard.tsx, column  line 265, column 28 error TS2339: Property 'responses' does not exist on type 'never'.
ERROR in client/src/components/dashboard/widgets/PerformanceMetricsDashboard.tsx, column  line 304, column 40 error TS2339: Property 'cpu' does not exist on type 'never'.
ERROR in client/src/components/dashboard/widgets/PerformanceMetricsDashboard.tsx, column  line 306, column 27 error TS2339: Property 'cpu' does not exist on type 'never'.
ERROR in client/src/components/dashboard/widgets/PerformanceMetricsDashboard.tsx, column  line 315, column 28 error TS2339: Property 'cpu' does not exist on type 'never'.
ERROR in client/src/components/dashboard/widgets/PerformanceMetricsDashboard.tsx, column  line 318, column 28 error TS2339: Property 'cpu' does not exist on type 'never'.
ERROR in client/src/components/dashboard/widgets/PerformanceMetricsDashboard.tsx, column  line 329, column 44 error TS2339: Property 'cpu' does not exist on type 'never'.
ERROR in client/src/components/dashboard/widgets/PerformanceMetricsDashboard.tsx, column  line 331, column 31 error TS2339: Property 'cpu' does not exist on type 'never'.
ERROR in client/src/components/dashboard/widgets/PerformanceMetricsDashboard.tsx, column  line 338, column 29 error TS2339: Property 'cpu' does not exist on type 'never'.
ERROR in client/src/components/dashboard/widgets/PerformanceMetricsDashboard.tsx, column  line 340, column 33 error TS2339: Property 'cpu' does not exist on type 'never'.
ERROR in client/src/components/dashboard/widgets/PerformanceMetricsDashboard.tsx, column  line 357, column 40 error TS2339: Property 'memory' does not exist on type 'never'.
ERROR in client/src/components/dashboard/widgets/PerformanceMetricsDashboard.tsx, column  line 359, column 27 error TS2339: Property 'memory' does not exist on type 'never'.
ERROR in client/src/components/dashboard/widgets/PerformanceMetricsDashboard.tsx, column  line 368, column 28 error TS2339: Property 'memory' does not exist on type 'never'.
ERROR in client/src/components/dashboard/widgets/PerformanceMetricsDashboard.tsx, column  line 371, column 29 error TS2339: Property 'memory' does not exist on type 'never'.
ERROR in client/src/components/dashboard/widgets/PerformanceMetricsDashboard.tsx, column  line 371, column 76 error TS2339: Property 'memory' does not exist on type 'never'.
ERROR in client/src/components/dashboard/widgets/PerformanceMetricsDashboard.tsx, column  line 382, column 44 error TS2339: Property 'memory' does not exist on type 'never'.
ERROR in client/src/components/dashboard/widgets/PerformanceMetricsDashboard.tsx, column  line 384, column 31 error TS2339: Property 'memory' does not exist on type 'never'.
ERROR in client/src/components/dashboard/widgets/PerformanceMetricsDashboard.tsx, column  line 391, column 29 error TS2339: Property 'memory' does not exist on type 'never'.
ERROR in client/src/components/dashboard/widgets/PerformanceMetricsDashboard.tsx, column  line 393, column 33 error TS2339: Property 'memory' does not exist on type 'never'.
ERROR in client/src/components/dashboard/widgets/PerformanceMetricsDashboard.tsx, column  line 410, column 28 error TS2339: Property 'requests' does not exist on type 'never'.
ERROR in client/src/components/dashboard/widgets/PerformanceMetricsDashboard.tsx, column  line 440, column 28 error TS2339: Property 'responses' does not exist on type 'never'.
ERROR in client/src/components/dashboard/widgets/PerformanceMetricsDashboard.tsx, column  line 501, column 19 error TS2322: Type '{ type: string; data: any; height: number; options: { showLegend: boolean; showGrid: boolean; }; }' is not assignable to type 'IntrinsicAttributes & DataVisualizationProps'.
  Property 'type' does not exist on type 'IntrinsicAttributes & DataVisualizationProps'.
ERROR in client/src/components/dashboard/widgets/PerformanceMetricsDashboard.tsx, column  line 502, column 42 error TS2339: Property 'requests' does not exist on type 'never'.
ERROR in client/src/components/dashboard/widgets/PerformanceMetricsDashboard.tsx, column  line 515, column 19 error TS2322: Type '{ type: string; data: any; height: number; options: { showLegend: boolean; showGrid: boolean; }; }' is not assignable to type 'IntrinsicAttributes & DataVisualizationProps'.
  Property 'type' does not exist on type 'IntrinsicAttributes & DataVisualizationProps'.
ERROR in client/src/components/dashboard/widgets/PerformanceMetricsDashboard.tsx, column  line 516, column 42 error TS2339: Property 'requests' does not exist on type 'never'.
ERROR in client/src/components/dashboard/widgets/PerformanceMetricsDashboard.tsx, column  line 617, column 21 error TS7006: Parameter 'props' implicitly has an 'any' type.
ERROR in client/src/components/dashboard/widgets/PerformanceMetricsDashboard.tsx, column  line 638, column 22 error TS7006: Parameter 'index' implicitly has an 'any' type.
ERROR in client/src/components/dashboard/widgets/PerformanceMetricsDashboard.tsx, column  line 655, column 15 error TS2322: Type '{ type: string; data: any; height: number; options: { showLegend: boolean; showGrid: boolean; }; }' is not assignable to type 'IntrinsicAttributes & DataVisualizationProps'.
  Property 'type' does not exist on type 'IntrinsicAttributes & DataVisualizationProps'.
ERROR in client/src/components/dashboard/widgets/PerformanceMetricsDashboard.tsx, column  line 656, column 38 error TS2339: Property 'system' does not exist on type 'never'.
ERROR in client/src/components/dashboard/widgets/PerformanceMetricsDashboard.tsx, column  line 669, column 15 error TS2322: Type '{ type: string; data: any; height: number; options: { showLegend: boolean; showGrid: boolean; }; }' is not assignable to type 'IntrinsicAttributes & DataVisualizationProps'.
  Property 'type' does not exist on type 'IntrinsicAttributes & DataVisualizationProps'.
ERROR in client/src/components/dashboard/widgets/PerformanceMetricsDashboard.tsx, column  line 670, column 38 error TS2339: Property 'system' does not exist on type 'never'.
ERROR in client/src/components/dashboard/widgets/PerformanceMetricsDashboard.tsx, column  line 683, column 15 error TS2322: Type '{ type: string; data: any; height: number; options: { showLegend: boolean; showGrid: boolean; }; }' is not assignable to type 'IntrinsicAttributes & DataVisualizationProps'.
  Property 'type' does not exist on type 'IntrinsicAttributes & DataVisualizationProps'.
ERROR in client/src/components/dashboard/widgets/PerformanceMetricsDashboard.tsx, column  line 684, column 38 error TS2339: Property 'system' does not exist on type 'never'.
ERROR in client/src/components/dashboard/widgets/PerformanceMetricsDashboard.tsx, column  line 707, column 15 error TS2322: Type '{ type: string; data: any; height: number; options: { showLegend: boolean; showGrid: boolean; }; }' is not assignable to type 'IntrinsicAttributes & DataVisualizationProps'.
  Property 'type' does not exist on type 'IntrinsicAttributes & DataVisualizationProps'.
ERROR in client/src/components/dashboard/widgets/PerformanceMetricsDashboard.tsx, column  line 708, column 38 error TS2339: Property 'requests' does not exist on type 'never'.
ERROR in client/src/components/dashboard/widgets/PerformanceMetricsDashboard.tsx, column  line 721, column 15 error TS2322: Type '{ type: string; data: any; height: number; options: { showLegend: boolean; showGrid: boolean; horizontal: boolean; }; }' is not assignable to type 'IntrinsicAttributes & DataVisualizationProps'.
  Property 'type' does not exist on type 'IntrinsicAttributes & DataVisualizationProps'.
ERROR in client/src/components/dashboard/widgets/PerformanceMetricsDashboard.tsx, column  line 722, column 38 error TS2339: Property 'requests' does not exist on type 'never'.
ERROR in client/src/components/dashboard/widgets/PerformanceMetricsDashboard.tsx, column  line 736, column 15 error TS2322: Type '{ type: string; data: any; height: number; options: { showLegend: boolean; showGrid: boolean; }; }' is not assignable to type 'IntrinsicAttributes & DataVisualizationProps'.
  Property 'type' does not exist on type 'IntrinsicAttributes & DataVisualizationProps'.
ERROR in client/src/components/dashboard/widgets/PerformanceMetricsDashboard.tsx, column  line 737, column 38 error TS2339: Property 'requests' does not exist on type 'never'.
ERROR in client/src/components/dashboard/widgets/PerformanceMetricsDashboard.tsx, column  line 760, column 15 error TS2322: Type '{ type: string; data: any; height: number; options: { showLegend: boolean; showGrid: boolean; }; }' is not assignable to type 'IntrinsicAttributes & DataVisualizationProps'.
  Property 'type' does not exist on type 'IntrinsicAttributes & DataVisualizationProps'.
ERROR in client/src/components/dashboard/widgets/PerformanceMetricsDashboard.tsx, column  line 761, column 38 error TS2339: Property 'errors' does not exist on type 'never'.
ERROR in client/src/components/dashboard/widgets/PerformanceMetricsDashboard.tsx, column  line 784, column 15 error TS2322: Type '{ type: string; data: any; height: number; options: { showLegend: boolean; showGrid: boolean; }; }' is not assignable to type 'IntrinsicAttributes & DataVisualizationProps'.
  Property 'type' does not exist on type 'IntrinsicAttributes & DataVisualizationProps'.
ERROR in client/src/components/dashboard/widgets/PerformanceMetricsDashboard.tsx, column  line 785, column 38 error TS2339: Property 'database' does not exist on type 'never'.
ERROR in client/src/components/dashboard/widgets/QualityMetricsWidget.tsx, column  line 277, column 11 error TS2769: No overload matches this call.
  Overload 1 of 2, column  ', column  line props: { component: ElementType<any, column  keyof IntrinsicElements>; } & TabsOwnProps & CommonProps & Omit<any, column  "style" | ... 22 more ... | "visibleScrollbar"> Element | null', column  gave the following error.
    Property 'component' is missing in type '{ children: Element[]; value: number; onChange: , column  line event: SyntheticEvent<Element, column  Event>, column  newValue: number) => void; "aria-label": string; variant: "scrollable"; scrollButtons: "auto"; size: string; }' but required in type '{ component: ElementType<any, column  keyof IntrinsicElements>; }'.
  Overload 2 of 2, column  ', column  line props: DefaultComponentProps<TabsTypeMap<{}, column  "div">> Element | null', column  gave the following error.
    Type '{ children: Element[]; value: number; onChange: , column  line event: SyntheticEvent<Element, column  Event>, column  newValue: number) => void; "aria-label": string; variant: "scrollable"; scrollButtons: "auto"; size: string; }' is not assignable to type 'IntrinsicAttributes & TabsOwnProps & CommonProps & Omit<DetailedHTMLProps<HTMLAttributes<HTMLDivElement>, column  HTMLDivElement>, column  "style" | ... 22 more ... | "visibleScrollbar">'.
      Property 'size' does not exist on type 'IntrinsicAttributes & TabsOwnProps & CommonProps & Omit<DetailedHTMLProps<HTMLAttributes<HTMLDivElement>, column  HTMLDivElement>, column  "style" | ... 22 more ... | "visibleScrollbar">'.
ERROR in client/src/components/dashboard/widgets/QualityMetricsWidget.tsx, column  line 302, column 22 error TS2786: 'XAxis' cannot be used as a JSX component.
  Its instance type 'XAxis' is not a valid JSX element.
ERROR in client/src/components/dashboard/widgets/QualityMetricsWidget.tsx, column  line 303, column 22 error TS2786: 'YAxis' cannot be used as a JSX component.
  Its instance type 'YAxis' is not a valid JSX element.
ERROR in client/src/components/dashboard/widgets/QualityMetricsWidget.tsx, column  line 304, column 22 error TS2786: 'RechartsTooltip' cannot be used as a JSX component.
  Its instance type 'Tooltip<ValueType, column  NameType>' is not a valid JSX element.
ERROR in client/src/components/dashboard/widgets/QualityMetricsWidget.tsx, column  line 305, column 22 error TS2786: 'Legend' cannot be used as a JSX component.
  Its instance type 'Legend' is not a valid JSX element.
    Property 'refs' is missing in type 'Legend' but required in type 'ElementClass'.
ERROR in client/src/components/dashboard/widgets/QualityMetricsWidget.tsx, column  line 306, column 22 error TS2786: 'Line' cannot be used as a JSX component.
  Its instance type 'Line' is not a valid JSX element.
ERROR in client/src/components/dashboard/widgets/QualityMetricsWidget.tsx, column  line 323, column 22 error TS2786: 'Pie' cannot be used as a JSX component.
  Its instance type 'Pie' is not a valid JSX element.
    Property 'refs' is missing in type 'Pie' but required in type 'ElementClass'.
ERROR in client/src/components/dashboard/widgets/QualityMetricsWidget.tsx, column  line 337, column 22 error TS2786: 'RechartsTooltip' cannot be used as a JSX component.
  Its instance type 'Tooltip<ValueType, column  NameType>' is not a valid JSX element.
ERROR in client/src/components/dashboard/widgets/QualityMetricsWidget.tsx, column  line 338, column 22 error TS2786: 'Legend' cannot be used as a JSX component.
  Its instance type 'Legend' is not a valid JSX element.
ERROR in client/src/components/inspections/InspectionStatsDashboard.tsx, column  line 149, column 20 error TS2786: 'XAxis' cannot be used as a JSX component.
  Its instance type 'XAxis' is not a valid JSX element.
ERROR in client/src/components/inspections/InspectionStatsDashboard.tsx, column  line 150, column 20 error TS2786: 'YAxis' cannot be used as a JSX component.
  Its instance type 'YAxis' is not a valid JSX element.
ERROR in client/src/components/inspections/InspectionStatsDashboard.tsx, column  line 151, column 20 error TS2786: 'Tooltip' cannot be used as a JSX component.
  Its instance type 'Tooltip<ValueType, column  NameType>' is not a valid JSX element.
ERROR in client/src/components/inspections/InspectionStatsDashboard.tsx, column  line 152, column 20 error TS2786: 'Legend' cannot be used as a JSX component.
  Its instance type 'Legend' is not a valid JSX element.
ERROR in client/src/components/inspections/InspectionStatsDashboard.tsx, column  line 153, column 20 error TS2786: 'Bar' cannot be used as a JSX component.
  Its instance type 'Bar' is not a valid JSX element.
    Property 'refs' is missing in type 'Bar' but required in type 'ElementClass'.
ERROR in client/src/components/inspections/InspectionStatsDashboard.tsx, column  line 154, column 20 error TS2786: 'Bar' cannot be used as a JSX component.
  Its instance type 'Bar' is not a valid JSX element.
ERROR in client/src/components/inspections/InspectionStatsDashboard.tsx, column  line 169, column 20 error TS2786: 'Pie' cannot be used as a JSX component.
  Its instance type 'Pie' is not a valid JSX element.
ERROR in client/src/components/inspections/InspectionStatsDashboard.tsx, column  line 183, column 20 error TS2786: 'Tooltip' cannot be used as a JSX component.
  Its instance type 'Tooltip<ValueType, column  NameType>' is not a valid JSX element.
ERROR in client/src/components/inspections/InspectionStatsDashboard.tsx, column  line 198, column 20 error TS2786: 'Pie' cannot be used as a JSX component.
  Its instance type 'Pie' is not a valid JSX element.
ERROR in client/src/components/inspections/InspectionStatsDashboard.tsx, column  line 212, column 20 error TS2786: 'Tooltip' cannot be used as a JSX component.
  Its instance type 'Tooltip<ValueType, column  NameType>' is not a valid JSX element.
ERROR in client/src/components/monitoring/PerformanceBudgetsDashboard.tsx, column  line 32, column 65 error TS2307: Cannot find module '../../services/performanceMonitoring.service' or its corresponding type declarations.
ERROR in client/src/components/monitoring/PerformanceRegressionsDashboard.tsx, column  line 36, column 42 error TS2307: Cannot find module '../../services/performanceMonitoring.service' or its corresponding type declarations.
ERROR in client/src/components/navigation/Header.tsx, column  line 370, column 20 error TS2339: Property 'avatar' does not exist on type 'User'.
ERROR in client/src/components/navigation/Header.tsx, column  line 372, column 27 error TS2339: Property 'avatar' does not exist on type 'User'.
ERROR in client/src/components/navigation/Header.tsx, column  line 373, column 27 error TS2339: Property 'name' does not exist on type 'User'.
ERROR in client/src/components/navigation/Header.tsx, column  line 400, column 22 error TS2339: Property 'name' does not exist on type 'User'.
ERROR in client/src/components/notifications/NotificationCenter.tsx, column  line 93, column 14 error TS2345: Argument of type 'AsyncThunkAction<any, column  void, column  AsyncThunkConfig>' is not assignable to parameter of type 'UnknownAction'.
ERROR in client/src/components/notifications/NotificationCenter.tsx, column  line 96, column 49 error TS2339: Property 'getItem' does not exist on type '{ init: , column  line ) => Promise<void>; getAll: <T>, column  line storeName: string) => Promise<T[]>; getById: <T>, column  line storeName: string, column  id: string) => Promise<T | undefined>; put: <T extends { ...; }>, column  line storeName: string, column  item: T) => Promise<...>; ... 11 more ...; deleteDatabase: , column  line ) => Promise<...>; }'.
ERROR in client/src/components/notifications/NotificationCenter.tsx, column  line 101, column 66 error TS2552: Cannot find name 'err'. Did you mean '_err'?
ERROR in client/src/components/notifications/NotificationCenter.tsx, column  line 161, column 24 error TS2339: Property 'setItem' does not exist on type '{ init: , column  line ) => Promise<void>; getAll: <T>, column  line storeName: string) => Promise<T[]>; getById: <T>, column  line storeName: string, column  id: string) => Promise<T | undefined>; put: <T extends { ...; }>, column  line storeName: string, column  item: T) => Promise<...>; ... 11 more ...; deleteDatabase: , column  line ) => Promise<...>; }'.
ERROR in client/src/components/notifications/NotificationCenter.tsx, column  line 167, column 14 error TS2345: Argument of type 'AsyncThunkAction<any, column  void, column  AsyncThunkConfig>' is not assignable to parameter of type 'UnknownAction'.
ERROR in client/src/components/notifications/NotificationCenter.tsx, column  line 198, column 16 error TS2345: Argument of type 'AsyncThunkAction<any, column  string, column  AsyncThunkConfig>' is not assignable to parameter of type 'UnknownAction'.
ERROR in client/src/components/notifications/NotificationCenter.tsx, column  line 216, column 14 error TS2345: Argument of type 'AsyncThunkAction<any, column  void, column  AsyncThunkConfig>' is not assignable to parameter of type 'UnknownAction'.
ERROR in client/src/components/notifications/NotificationCenter.tsx, column  line 480, column 39 error TS2345: Argument of type 'AsyncThunkAction<any, column  void, column  AsyncThunkConfig>' is not assignable to parameter of type 'UnknownAction'.
ERROR in client/src/components/notifications/RealtimeNotifications.tsx, column  line 79, column 65 error TS2552: Cannot find name 'error'. Did you mean '_error'?
ERROR in client/src/components/onboarding/OnboardingFlow.tsx, column  line 86, column 24 error TS2339: Property 'phoneNumber' does not exist on type 'User'.
ERROR in client/src/components/onboarding/OnboardingFlow.tsx, column  line 87, column 21 error TS2339: Property 'jobTitle' does not exist on type 'User'.
ERROR in client/src/components/onboarding/OnboardingFlow.tsx, column  line 89, column 25 error TS2339: Property 'profileImage' does not exist on type 'User'.
ERROR in client/src/components/payments/PaymentButton.tsx, column  line 65, column 51 error TS2304: Cannot find name 'err'.
ERROR in client/src/components/payments/PaymentButton.tsx, column  line 67, column 17 error TS2304: Cannot find name 'err'.
ERROR in client/src/components/payments/PaymentDetails.tsx, column  line 48, column 56 error TS2304: Cannot find name 'err'.
ERROR in client/src/components/payments/PaymentDetails.tsx, column  line 74, column 49 error TS2304: Cannot find name 'err'.
ERROR in client/src/components/payments/PaymentHistory.tsx, column  line 60, column 56 error TS2304: Cannot find name 'err'.
ERROR in client/src/components/suppliers/SupplierImportExport.tsx, column  line 211, column 19 error TS2304: Cannot find name 'err'.
ERROR in client/src/components/ui-library/atoms/index.ts, column  line 7, column 33 error TS2307: Cannot find module './Icon' or its corresponding type declarations.
ERROR in client/src/components/ui-library/atoms/index.ts, column  line 8, column 34 error TS2307: Cannot find module './Badge' or its corresponding type declarations.
ERROR in client/src/components/ui-library/atoms/index.ts, column  line 9, column 36 error TS2307: Cannot find module './Spinner' or its corresponding type declarations.
ERROR in client/src/components/ui-library/atoms/index.ts, column  line 10, column 37 error TS2307: Cannot find module './Checkbox' or its corresponding type declarations.
ERROR in client/src/components/ui-library/atoms/index.ts, column  line 11, column 34 error TS2307: Cannot find module './Radio' or its corresponding type declarations.
ERROR in client/src/components/ui-library/atoms/index.ts, column  line 12, column 35 error TS2307: Cannot find module './Switch' or its corresponding type declarations.
ERROR in client/src/components/ui-library/atoms/index.ts, column  line 13, column 36 error TS2307: Cannot find module './Tooltip' or its corresponding type declarations.
ERROR in client/src/components/ui-library/index.ts, column  line 11, column 1 error TS2308: Module './molecules' has already exported a member named 'DataTable'. Consider explicitly re-exporting to resolve the ambiguity.
ERROR in client/src/components/ui-library/index.ts, column  line 11, column 1 error TS2308: Module './molecules' has already exported a member named 'FileUploader'. Consider explicitly re-exporting to resolve the ambiguity.
ERROR in client/src/components/ui-library/index.ts, column  line 11, column 1 error TS2308: Module './molecules' has already exported a member named 'FilterPanel'. Consider explicitly re-exporting to resolve the ambiguity.
ERROR in client/src/components/ui-library/molecules/charts/LineChart.tsx, column  line 18, column 10 error TS2786: 'XAxis' cannot be used as a JSX component.
  Its instance type 'XAxis' is not a valid JSX element.
ERROR in client/src/components/ui-library/molecules/charts/LineChart.tsx, column  line 19, column 10 error TS2786: 'YAxis' cannot be used as a JSX component.
  Its instance type 'YAxis' is not a valid JSX element.
ERROR in client/src/components/ui-library/molecules/charts/LineChart.tsx, column  line 20, column 10 error TS2786: 'Tooltip' cannot be used as a JSX component.
  Its instance type 'Tooltip<ValueType, column  NameType>' is not a valid JSX element.
ERROR in client/src/components/ui-library/molecules/charts/LineChart.tsx, column  line 21, column 10 error TS2786: 'Legend' cannot be used as a JSX component.
  Its instance type 'Legend' is not a valid JSX element.
ERROR in client/src/components/ui-library/molecules/charts/LineChart.tsx, column  line 22, column 10 error TS2786: 'Line' cannot be used as a JSX component.
  Its instance type 'Line' is not a valid JSX element.
ERROR in client/src/components/ui-library/molecules/forms/AutosaveForm.tsx, column  line 95, column 47 error TS2304: Cannot find name 'error'.
ERROR in client/src/components/ui-library/molecules/LazyLoadedComponent.tsx, column  line 137, column 5 error TS7022: 'placeholderHeight' implicitly has type 'any' because it does not have a type annotation and is referenced directly or indirectly in its own initializer.
ERROR in client/src/components/ui-library/molecules/LazyLoadedComponent.tsx, column  line 138, column 5 error TS7022: 'fallback' implicitly has type 'any' because it does not have a type annotation and is referenced directly or indirectly in its own initializer.
ERROR in client/src/components/ui-library/molecules/LazyLoadedComponent.tsx, column  line 142, column 5 error TS2448: Block-scoped variable 'placeholderHeight' used before its declaration.
ERROR in client/src/components/ui-library/molecules/LazyLoadedComponent.tsx, column  line 143, column 5 error TS2448: Block-scoped variable 'fallback' used before its declaration.
ERROR in client/src/components/ui-library/molecules/ProgressiveTable.tsx, column  line 225, column 25 error TS2554: Expected 0 arguments, column  but got 1.
ERROR in client/src/components/ui-library/organisms/Calendar.tsx, column  line 32, column 8 error TS2786: 'FullCalendar' cannot be used as a JSX component.
  Its instance type 'FullCalendar' is not a valid JSX element.
    Property 'refs' is missing in type 'FullCalendar' but required in type 'ElementClass'.
ERROR in client/src/components/ui-library/organisms/ColorContrastAudit.tsx, column  line 15, column 10 error TS2614: Module '"../../../utils/colorContrastChecker"' has no exported member 'getContrastCheckResult'. Did you mean to use 'import getContrastCheckResult from "../../../utils/colorContrastChecker"' instead?
ERROR in client/src/components/ui-library/organisms/ColorContrastAudit.tsx, column  line 15, column 34 error TS2614: Module '"../../../utils/colorContrastChecker"' has no exported member 'ContrastLevel'. Did you mean to use 'import ContrastLevel from "../../../utils/colorContrastChecker"' instead?
ERROR in client/src/components/ui-library/organisms/DataGrid.tsx, column  line 16, column 9 error TS2322: Type '{ loading?: boolean | undefined; style?: CSSProperties | undefined; components?: Partial<GridSlotsComponent> | undefined; className?: string | undefined; ... 108 more ...; disableSelectionOnClick: true; }' is not assignable to type 'IntrinsicAttributes & Omit<Partial<DataGridPropsWithDefaultValues> & DataGridPropsWithComplexDefaultValueBeforeProcessing & DataGridPropsWithoutDefaultValue<...>, column  DataGridForcedPropsKey> & { ...; } & RefAttributes<...>'.
  Property 'pageSize' does not exist on type 'IntrinsicAttributes & Omit<Partial<DataGridPropsWithDefaultValues> & DataGridPropsWithComplexDefaultValueBeforeProcessing & DataGridPropsWithoutDefaultValue<...>, column  DataGridForcedPropsKey> & { ...; } & RefAttributes<...>'.
ERROR in client/src/components/ui-library/organisms/index.ts, column  line 5, column 33 error TS2307: Cannot find module './Form' or its corresponding type declarations.
ERROR in client/src/components/ui-library/organisms/index.ts, column  line 6, column 39 error TS2307: Cannot find module './Navigation' or its corresponding type declarations.
ERROR in client/src/components/ui-library/organisms/index.ts, column  line 7, column 35 error TS2307: Cannot find module './Header' or its corresponding type declarations.
ERROR in client/src/components/ui-library/organisms/index.ts, column  line 9, column 36 error TS2307: Cannot find module './Sidebar' or its corresponding type declarations.
ERROR in client/src/components/ui-library/organisms/index.ts, column  line 10, column 34 error TS2307: Cannot find module './Chart' or its corresponding type declarations.
ERROR in client/src/components/ui-library/organisms/index.ts, column  line 11, column 41 error TS2307: Cannot find module './FileUploader' or its corresponding type declarations.
ERROR in client/src/components/ui-library/organisms/index.ts, column  line 12, column 40 error TS2307: Cannot find module './FilterPanel' or its corresponding type declarations.
ERROR in client/src/components/ui-library/organisms/index.ts, column  line 13, column 35 error TS2307: Cannot find module './Wizard' or its corresponding type declarations.
ERROR in client/src/components/ui-library/organisms/KanbanBoard.tsx, column  line 5, column 67 error TS7016: Could not find a declaration file for module 'react-beautiful-dnd'. '/Users/tannercoker/AeroSuite-main/node_modules/react-beautiful-dnd/dist/react-beautiful-dnd.cjs.js' implicitly has an 'any' type.
  Try `npm i --save-dev @types/react-beautiful-dnd` if it exists or add a new declaration , column  line .d.ts) file containing `declare module 'react-beautiful-dnd';`
ERROR in client/src/components/ui-library/organisms/KanbanBoard.tsx, column  line 29, column 15 error TS7006: Parameter 'provided' implicitly has an 'any' type.
ERROR in client/src/components/ui-library/organisms/KanbanBoard.tsx, column  line 39, column 23 error TS7006: Parameter 'provided' implicitly has an 'any' type.
ERROR in client/src/components/ui-library/pages/index.ts, column  line 4, column 38 error TS2307: Cannot find module './LoginPage' or its corresponding type declarations.
ERROR in client/src/components/ui-library/pages/index.ts, column  line 5, column 41 error TS2307: Cannot find module './RegisterPage' or its corresponding type declarations.
ERROR in client/src/components/ui-library/pages/index.ts, column  line 6, column 42 error TS2307: Cannot find module './DashboardPage' or its corresponding type declarations.
ERROR in client/src/components/ui-library/pages/index.ts, column  line 7, column 41 error TS2307: Cannot find module './SettingsPage' or its corresponding type declarations.
ERROR in client/src/components/ui-library/pages/index.ts, column  line 8, column 40 error TS2307: Cannot find module './ProfilePage' or its corresponding type declarations.
ERROR in client/src/components/ui-library/pages/index.ts, column  line 9, column 41 error TS2307: Cannot find module './NotFoundPage' or its corresponding type declarations.
ERROR in client/src/components/ui-library/pages/index.ts, column  line 10, column 38 error TS2307: Cannot find module './ErrorPage' or its corresponding type declarations.
ERROR in client/src/components/ui-library/pages/index.ts, column  line 11, column 40 error TS2307: Cannot find module './ListingPage' or its corresponding type declarations.
ERROR in client/src/components/ui-library/pages/index.ts, column  line 12, column 39 error TS2307: Cannot find module './DetailPage' or its corresponding type declarations.
ERROR in client/src/components/ui-library/pages/index.ts, column  line 13, column 37 error TS2307: Cannot find module './FormPage' or its corresponding type declarations.
ERROR in client/src/components/ui-library/patterns/HOC.tsx, column  line 141, column 18 error TS2304: Cannot find name 'err'.
ERROR in client/src/components/ui-library/patterns/HOC.tsx, column  line 141, column 41 error TS2304: Cannot find name 'err'.
ERROR in client/src/components/ui-library/patterns/RenderProps.tsx, column  line 111, column 21 error TS2304: Cannot find name 'err'.
ERROR in client/src/components/ui-library/patterns/RenderProps.tsx, column  line 111, column 44 error TS2304: Cannot find name 'err'.
ERROR in client/src/components/ui-library/templates/index.ts, column  line 5, column 39 error TS2307: Cannot find module './AuthLayout' or its corresponding type declarations.
ERROR in client/src/components/ui-library/templates/index.ts, column  line 6, column 43 error TS2307: Cannot find module './SettingsLayout' or its corresponding type declarations.
ERROR in client/src/components/ui-library/templates/index.ts, column  line 7, column 41 error TS2307: Cannot find module './ReportLayout' or its corresponding type declarations.
ERROR in client/src/components/ui-library/templates/index.ts, column  line 8, column 41 error TS2307: Cannot find module './DetailLayout' or its corresponding type declarations.
ERROR in client/src/components/ui-library/templates/index.ts, column  line 9, column 39 error TS2307: Cannot find module './ListLayout' or its corresponding type declarations.
ERROR in client/src/components/ui-library/templates/index.ts, column  line 10, column 39 error TS2307: Cannot find module './FormLayout' or its corresponding type declarations.
ERROR in client/src/components/ui-library/templates/index.ts, column  line 11, column 40 error TS2307: Cannot find module './SplitLayout' or its corresponding type declarations.
ERROR in client/src/components/ui-library/templates/index.ts, column  line 12, column 44 error TS2307: Cannot find module './FullWidthLayout' or its corresponding type declarations.
ERROR in client/src/components/ui-library/templates/index.ts, column  line 13, column 40 error TS2307: Cannot find module './PrintLayout' or its corresponding type declarations.
ERROR in client/src/hooks/useBatchRequests.ts, column  line 45, column 21 error TS2304: Cannot find name 'err'.
ERROR in client/src/hooks/useBatchRequests.ts, column  line 45, column 44 error TS2304: Cannot find name 'err'.
ERROR in client/src/hooks/useBatchRequests.ts, column  line 45, column 67 error TS2304: Cannot find name 'err'.
ERROR in client/src/hooks/useBatchRequests.ts, column  line 78, column 21 error TS2304: Cannot find name 'err'.
ERROR in client/src/hooks/useBatchRequests.ts, column  line 78, column 44 error TS2304: Cannot find name 'err'.
ERROR in client/src/hooks/useBatchRequests.ts, column  line 78, column 67 error TS2304: Cannot find name 'err'.
ERROR in client/src/hooks/useBatchRequests.ts, column  line 112, column 21 error TS2304: Cannot find name 'err'.
ERROR in client/src/hooks/useBatchRequests.ts, column  line 112, column 44 error TS2304: Cannot find name 'err'.
ERROR in client/src/hooks/useBatchRequests.ts, column  line 112, column 67 error TS2304: Cannot find name 'err'.
ERROR in client/src/hooks/useBatchRequests.ts, column  line 152, column 21 error TS2304: Cannot find name 'err'.
ERROR in client/src/hooks/useBatchRequests.ts, column  line 152, column 44 error TS2304: Cannot find name 'err'.
ERROR in client/src/hooks/useBatchRequests.ts, column  line 152, column 67 error TS2304: Cannot find name 'err'.
ERROR in client/src/hooks/useCachedData.ts, column  line 69, column 16 error TS2304: Cannot find name 'err'.
ERROR in client/src/hooks/useCachedData.ts, column  line 69, column 39 error TS2304: Cannot find name 'err'.
ERROR in client/src/hooks/useCachedData.ts, column  line 70, column 45 error TS2304: Cannot find name 'err'.
ERROR in client/src/hooks/useCalendar.ts, column  line 49, column 16 error TS2304: Cannot find name 'err'.
ERROR in client/src/hooks/useCalendar.ts, column  line 49, column 39 error TS2304: Cannot find name 'err'.
ERROR in client/src/hooks/useCalendar.ts, column  line 50, column 55 error TS2304: Cannot find name 'err'.
ERROR in client/src/hooks/useCalendar.ts, column  line 65, column 16 error TS2304: Cannot find name 'err'.
ERROR in client/src/hooks/useCalendar.ts, column  line 65, column 39 error TS2304: Cannot find name 'err'.
ERROR in client/src/hooks/useCalendar.ts, column  line 66, column 54 error TS2304: Cannot find name 'err'.
ERROR in client/src/hooks/useCalendar.ts, column  line 86, column 16 error TS2304: Cannot find name 'err'.
ERROR in client/src/hooks/useCalendar.ts, column  line 86, column 39 error TS2304: Cannot find name 'err'.
ERROR in client/src/hooks/useCalendar.ts, column  line 87, column 46 error TS2304: Cannot find name 'err'.
ERROR in client/src/hooks/useCalendar.ts, column  line 108, column 16 error TS2304: Cannot find name 'err'.
ERROR in client/src/hooks/useCalendar.ts, column  line 108, column 39 error TS2304: Cannot find name 'err'.
ERROR in client/src/hooks/useCalendar.ts, column  line 109, column 46 error TS2304: Cannot find name 'err'.
ERROR in client/src/hooks/useCalendar.ts, column  line 128, column 16 error TS2304: Cannot find name 'err'.
ERROR in client/src/hooks/useCalendar.ts, column  line 128, column 39 error TS2304: Cannot find name 'err'.
ERROR in client/src/hooks/useCalendar.ts, column  line 129, column 46 error TS2304: Cannot find name 'err'.
ERROR in client/src/hooks/useCalendar.ts, column  line 143, column 16 error TS2304: Cannot find name 'err'.
ERROR in client/src/hooks/useCalendar.ts, column  line 143, column 39 error TS2304: Cannot find name 'err'.
ERROR in client/src/hooks/useCalendar.ts, column  line 144, column 61 error TS2304: Cannot find name 'err'.
ERROR in client/src/hooks/useCalendar.ts, column  line 164, column 16 error TS2304: Cannot find name 'err'.
ERROR in client/src/hooks/useCalendar.ts, column  line 164, column 39 error TS2304: Cannot find name 'err'.
ERROR in client/src/hooks/useCalendar.ts, column  line 165, column 62 error TS2304: Cannot find name 'err'.
ERROR in client/src/hooks/useCalendar.ts, column  line 184, column 16 error TS2304: Cannot find name 'err'.
ERROR in client/src/hooks/useCalendar.ts, column  line 184, column 39 error TS2304: Cannot find name 'err'.
ERROR in client/src/hooks/useCalendar.ts, column  line 185, column 67 error TS2304: Cannot find name 'err'.
ERROR in client/src/hooks/useCalendar.ts, column  line 207, column 16 error TS2304: Cannot find name 'err'.
ERROR in client/src/hooks/useCalendar.ts, column  line 207, column 39 error TS2304: Cannot find name 'err'.
ERROR in client/src/hooks/useCalendar.ts, column  line 208, column 49 error TS2304: Cannot find name 'err'.
ERROR in client/src/hooks/useClientCache.ts, column  line 234, column 21 error TS2304: Cannot find name 'err'.
ERROR in client/src/hooks/useClientCache.ts, column  line 234, column 44 error TS2304: Cannot find name 'err'.
ERROR in client/src/hooks/useClientCache.ts, column  line 234, column 67 error TS2304: Cannot find name 'err'.
ERROR in client/src/hooks/useClientCache.ts, column  line 344, column 21 error TS2304: Cannot find name 'err'.
ERROR in client/src/hooks/useClientCache.ts, column  line 344, column 44 error TS2304: Cannot find name 'err'.
ERROR in client/src/hooks/useClientCache.ts, column  line 344, column 67 error TS2304: Cannot find name 'err'.
ERROR in client/src/hooks/useClientCache.ts, column  line 456, column 61 error TS2304: Cannot find name 'error'.
ERROR in client/src/hooks/useClientCache.ts, column  line 476, column 57 error TS2304: Cannot find name 'error'.
ERROR in client/src/hooks/useDashboardSync.ts, column  line 81, column 62 error TS2304: Cannot find name 'error'.
ERROR in client/src/hooks/useDashboardSync.ts, column  line 115, column 62 error TS2304: Cannot find name 'error'.
ERROR in client/src/hooks/useDashboardSync.ts, column  line 146, column 63 error TS2304: Cannot find name 'error'.
ERROR in client/src/hooks/useErrorHandling.ts, column  line 72, column 24 error TS2304: Cannot find name 'err'.
ERROR in client/src/hooks/useErrorHandling.ts, column  line 87, column 22 error TS2304: Cannot find name 'err'.
ERROR in client/src/hooks/useFeatureFlag.ts, column  line 58, column 64 error TS2304: Cannot find name 'err'.
ERROR in client/src/hooks/useFeatureFlag.ts, column  line 59, column 16 error TS2304: Cannot find name 'err'.
ERROR in client/src/hooks/useFeatureFlag.ts, column  line 59, column 39 error TS2304: Cannot find name 'err'.
ERROR in client/src/hooks/useFormAutosave.ts, column  line 2, column 26 error TS7016: Could not find a declaration file for module 'lodash'. '/Users/tannercoker/AeroSuite-main/node_modules/lodash/lodash.js' implicitly has an 'any' type.
  Try `npm i --save-dev @types/lodash` if it exists or add a new declaration , column  line .d.ts) file containing `declare module 'lodash';`
ERROR in client/src/hooks/useFormAutosave.ts, column  line 55, column 58 error TS2304: Cannot find name 'error'.
ERROR in client/src/hooks/useFormAutosave.ts, column  line 72, column 48 error TS2304: Cannot find name 'error'.
ERROR in client/src/hooks/useFormAutosave.ts, column  line 100, column 47 error TS2304: Cannot find name 'error'.
ERROR in client/src/hooks/useInspectionChecklist.ts, column  line 2, column 29 error TS2614: Module '"../services/inspection.service"' has no exported member 'ChecklistItem'. Did you mean to use 'import ChecklistItem from "../services/inspection.service"' instead?
ERROR in client/src/hooks/useInspectionChecklist.ts, column  line 34, column 60 error TS2554: Expected 0-1 arguments, column  but got 2.
ERROR in client/src/hooks/useInspectionChecklist.ts, column  line 65, column 36 error TS2339: Property 'checklistItems' does not exist on type 'Inspection'.
ERROR in client/src/hooks/useInspectionChecklist.ts, column  line 66, column 33 error TS2339: Property 'checklistItems' does not exist on type 'Inspection'.
ERROR in client/src/hooks/useInspectionChecklist.ts, column  line 69, column 16 error TS2304: Cannot find name 'err'.
ERROR in client/src/hooks/useInspectionChecklist.ts, column  line 69, column 39 error TS2304: Cannot find name 'err'.
ERROR in client/src/hooks/useInspectionChecklist.ts, column  line 70, column 49 error TS2304: Cannot find name 'err'.
ERROR in client/src/hooks/useInspectionChecklist.ts, column  line 88, column 57 error TS2339: Property 'batchUpdateChecklist' does not exist on type 'InspectionService'.
ERROR in client/src/hooks/useInspectionChecklist.ts, column  line 98, column 16 error TS2304: Cannot find name 'err'.
ERROR in client/src/hooks/useInspectionChecklist.ts, column  line 98, column 39 error TS2304: Cannot find name 'err'.
ERROR in client/src/hooks/useInspectionChecklist.ts, column  line 99, column 50 error TS2304: Cannot find name 'err'.
ERROR in client/src/hooks/useInspectionChecklist.ts, column  line 155, column 59 error TS2339: Property 'batchUpdateChecklist' does not exist on type 'InspectionService'.
ERROR in client/src/hooks/useInspectionChecklist.ts, column  line 164, column 18 error TS2304: Cannot find name 'err'.
ERROR in client/src/hooks/useInspectionChecklist.ts, column  line 164, column 41 error TS2304: Cannot find name 'err'.
ERROR in client/src/hooks/useInspectionChecklist.ts, column  line 165, column 57 error TS2304: Cannot find name 'err'.
ERROR in client/src/hooks/useMemoryOptimizer.ts, column  line 84, column 62 error TS2304: Cannot find name 'e'.
ERROR in client/src/hooks/usePerformanceMonitoring.ts, column  line 5, column 8 error TS2307: Cannot find module '../services/performanceMonitoring.service' or its corresponding type declarations.
ERROR in client/src/hooks/useSupplierApi.ts, column  line 68, column 30 error TS2304: Cannot find name 'error'.
ERROR in client/src/hooks/useSupplierApi.ts, column  line 70, column 14 error TS2304: Cannot find name 'error'.
ERROR in client/src/hooks/useSupplierApi.ts, column  line 80, column 24 error TS2304: Cannot find name 'error'.
ERROR in client/src/hooks/useSupplierApi.ts, column  line 81, column 30 error TS2304: Cannot find name 'error'.
ERROR in client/src/hooks/useSupplierApi.ts, column  line 122, column 13 error TS2304: Cannot find name 'error'.
ERROR in client/src/hooks/useSupplierApi.ts, column  line 183, column 30 error TS2304: Cannot find name 'error'.
ERROR in client/src/hooks/useSupplierApi.ts, column  line 183, column 40 error TS2304: Cannot find name 'error'.
ERROR in client/src/hooks/useSupplierApi.ts, column  line 184, column 24 error TS2304: Cannot find name 'error'.
ERROR in client/src/hooks/useSupplierApi.ts, column  line 185, column 30 error TS2304: Cannot find name 'error'.
ERROR in client/src/hooks/useSupplierApi.ts, column  line 206, column 13 error TS2304: Cannot find name 'error'.
ERROR in client/src/hooks/useSupplierApi.ts, column  line 267, column 30 error TS2304: Cannot find name 'error'.
ERROR in client/src/hooks/useSupplierApi.ts, column  line 267, column 40 error TS2304: Cannot find name 'error'.
ERROR in client/src/hooks/useSupplierApi.ts, column  line 268, column 24 error TS2304: Cannot find name 'error'.
ERROR in client/src/hooks/useSupplierApi.ts, column  line 269, column 30 error TS2304: Cannot find name 'error'.
ERROR in client/src/hooks/useSupplierApi.ts, column  line 290, column 13 error TS2304: Cannot find name 'error'.
ERROR in client/src/hooks/useSupplierApi.ts, column  line 316, column 30 error TS2304: Cannot find name 'error'.
ERROR in client/src/hooks/useSupplierApi.ts, column  line 316, column 40 error TS2304: Cannot find name 'error'.
ERROR in client/src/hooks/useSupplierApi.ts, column  line 317, column 24 error TS2304: Cannot find name 'error'.
ERROR in client/src/hooks/useSupplierApi.ts, column  line 318, column 30 error TS2304: Cannot find name 'error'.
ERROR in client/src/hooks/useSupplierApi.ts, column  line 339, column 13 error TS2304: Cannot find name 'error'.
ERROR in client/src/hooks/useSupplierApi.ts, column  line 368, column 30 error TS2304: Cannot find name 'error'.
ERROR in client/src/hooks/useSupplierApi.ts, column  line 368, column 40 error TS2304: Cannot find name 'error'.
ERROR in client/src/hooks/useSupplierApi.ts, column  line 369, column 24 error TS2304: Cannot find name 'error'.
ERROR in client/src/hooks/useSupplierApi.ts, column  line 370, column 30 error TS2304: Cannot find name 'error'.
ERROR in client/src/hooks/useSupplierApi.ts, column  line 381, column 13 error TS2304: Cannot find name 'error'.
ERROR in client/src/hooks/useSupplierApi.ts, column  line 407, column 30 error TS2304: Cannot find name 'error'.
ERROR in client/src/hooks/useSupplierApi.ts, column  line 407, column 40 error TS2304: Cannot find name 'error'.
ERROR in client/src/hooks/useSupplierApi.ts, column  line 408, column 24 error TS2304: Cannot find name 'error'.
ERROR in client/src/hooks/useSupplierApi.ts, column  line 409, column 30 error TS2304: Cannot find name 'error'.
ERROR in client/src/hooks/useSupplierApi.ts, column  line 430, column 13 error TS2304: Cannot find name 'error'.
ERROR in client/src/hooks/useSupplierApi.ts, column  line 451, column 30 error TS2304: Cannot find name 'error'.
ERROR in client/src/hooks/useSupplierApi.ts, column  line 451, column 40 error TS2304: Cannot find name 'error'.
ERROR in client/src/hooks/useSupplierApi.ts, column  line 452, column 24 error TS2304: Cannot find name 'error'.
ERROR in client/src/hooks/useSupplierApi.ts, column  line 453, column 30 error TS2304: Cannot find name 'error'.
ERROR in client/src/hooks/useSupplierApi.ts, column  line 486, column 13 error TS2304: Cannot find name 'error'.
ERROR in client/src/hooks/useSupplierApi.ts, column  line 508, column 30 error TS2304: Cannot find name 'error'.
ERROR in client/src/hooks/useSupplierApi.ts, column  line 508, column 40 error TS2304: Cannot find name 'error'.
ERROR in client/src/hooks/useSupplierApi.ts, column  line 509, column 24 error TS2304: Cannot find name 'error'.
ERROR in client/src/hooks/useSupplierApi.ts, column  line 510, column 30 error TS2304: Cannot find name 'error'.
ERROR in client/src/hooks/useSupplierApi.ts, column  line 553, column 13 error TS2304: Cannot find name 'error'.
ERROR in client/src/hooks/useSupplierApi.ts, column  line 570, column 30 error TS2304: Cannot find name 'error'.
ERROR in client/src/hooks/useSupplierApi.ts, column  line 570, column 40 error TS2304: Cannot find name 'error'.
ERROR in client/src/hooks/useSupplierApi.ts, column  line 571, column 24 error TS2304: Cannot find name 'error'.
ERROR in client/src/hooks/useSupplierApi.ts, column  line 572, column 30 error TS2304: Cannot find name 'error'.
ERROR in client/src/hooks/useSupplierApi.ts, column  line 613, column 13 error TS2304: Cannot find name 'error'.
ERROR in client/src/hooks/useWebSocket.ts, column  line 29, column 58 error TS2552: Cannot find name 'error'. Did you mean '_error'?
ERROR in client/src/hooks/useWebSocket.ts, column  line 98, column 58 error TS2552: Cannot find name 'error'. Did you mean '_error'?
ERROR in client/src/not-used/PerformanceMetricsDashboard.tsx, column  line 33, column 31 error TS2307: Cannot find module '../../common/DataVisualization' or its corresponding type declarations.
ERROR in client/src/not-used/PerformanceMetricsDashboard.tsx, column  line 34, column 28 error TS2307: Cannot find module '../../../services/metricsService' or its corresponding type declarations.
ERROR in client/src/not-used/PerformanceMetricsDashboard.tsx, column  line 64, column 48 error TS2304: Cannot find name 'err'.
ERROR in client/src/not-used/PerformanceMetricsDashboard.tsx, column  line 65, column 16 error TS2345: Argument of type '"Failed to load performance metrics. Please try again."' is not assignable to parameter of type 'SetStateAction<null>'.
ERROR in client/src/not-used/PerformanceMetricsDashboard.tsx, column  line 88, column 26 error TS2345: Argument of type 'Timer' is not assignable to parameter of type 'SetStateAction<null>'.
ERROR in client/src/not-used/PerformanceMetricsDashboard.tsx, column  line 102, column 28 error TS7006: Parameter 'event' implicitly has an 'any' type.
ERROR in client/src/not-used/PerformanceMetricsDashboard.tsx, column  line 102, column 35 error TS7006: Parameter 'newValue' implicitly has an 'any' type.
ERROR in client/src/not-used/PerformanceMetricsDashboard.tsx, column  line 129, column 40 error TS2339: Property 'cpu' does not exist on type 'never'.
ERROR in client/src/not-used/PerformanceMetricsDashboard.tsx, column  line 131, column 27 error TS2339: Property 'cpu' does not exist on type 'never'.
ERROR in client/src/not-used/PerformanceMetricsDashboard.tsx, column  line 140, column 28 error TS2339: Property 'cpu' does not exist on type 'never'.
ERROR in client/src/not-used/PerformanceMetricsDashboard.tsx, column  line 143, column 28 error TS2339: Property 'cpu' does not exist on type 'never'.
ERROR in client/src/not-used/PerformanceMetricsDashboard.tsx, column  line 154, column 44 error TS2339: Property 'cpu' does not exist on type 'never'.
ERROR in client/src/not-used/PerformanceMetricsDashboard.tsx, column  line 156, column 31 error TS2339: Property 'cpu' does not exist on type 'never'.
ERROR in client/src/not-used/PerformanceMetricsDashboard.tsx, column  line 163, column 29 error TS2339: Property 'cpu' does not exist on type 'never'.
ERROR in client/src/not-used/PerformanceMetricsDashboard.tsx, column  line 165, column 33 error TS2339: Property 'cpu' does not exist on type 'never'.
ERROR in client/src/not-used/PerformanceMetricsDashboard.tsx, column  line 182, column 40 error TS2339: Property 'memory' does not exist on type 'never'.
ERROR in client/src/not-used/PerformanceMetricsDashboard.tsx, column  line 184, column 27 error TS2339: Property 'memory' does not exist on type 'never'.
ERROR in client/src/not-used/PerformanceMetricsDashboard.tsx, column  line 193, column 28 error TS2339: Property 'memory' does not exist on type 'never'.
ERROR in client/src/not-used/PerformanceMetricsDashboard.tsx, column  line 196, column 29 error TS2339: Property 'memory' does not exist on type 'never'.
ERROR in client/src/not-used/PerformanceMetricsDashboard.tsx, column  line 196, column 76 error TS2339: Property 'memory' does not exist on type 'never'.
ERROR in client/src/not-used/PerformanceMetricsDashboard.tsx, column  line 207, column 44 error TS2339: Property 'memory' does not exist on type 'never'.
ERROR in client/src/not-used/PerformanceMetricsDashboard.tsx, column  line 209, column 31 error TS2339: Property 'memory' does not exist on type 'never'.
ERROR in client/src/not-used/PerformanceMetricsDashboard.tsx, column  line 216, column 29 error TS2339: Property 'memory' does not exist on type 'never'.
ERROR in client/src/not-used/PerformanceMetricsDashboard.tsx, column  line 218, column 33 error TS2339: Property 'memory' does not exist on type 'never'.
ERROR in client/src/not-used/PerformanceMetricsDashboard.tsx, column  line 235, column 28 error TS2339: Property 'requests' does not exist on type 'never'.
ERROR in client/src/not-used/PerformanceMetricsDashboard.tsx, column  line 265, column 28 error TS2339: Property 'responses' does not exist on type 'never'.
ERROR in client/src/not-used/PerformanceMetricsDashboard.tsx, column  line 304, column 40 error TS2339: Property 'cpu' does not exist on type 'never'.
ERROR in client/src/not-used/PerformanceMetricsDashboard.tsx, column  line 306, column 27 error TS2339: Property 'cpu' does not exist on type 'never'.
ERROR in client/src/not-used/PerformanceMetricsDashboard.tsx, column  line 315, column 28 error TS2339: Property 'cpu' does not exist on type 'never'.
ERROR in client/src/not-used/PerformanceMetricsDashboard.tsx, column  line 318, column 28 error TS2339: Property 'cpu' does not exist on type 'never'.
ERROR in client/src/not-used/PerformanceMetricsDashboard.tsx, column  line 329, column 44 error TS2339: Property 'cpu' does not exist on type 'never'.
ERROR in client/src/not-used/PerformanceMetricsDashboard.tsx, column  line 331, column 31 error TS2339: Property 'cpu' does not exist on type 'never'.
ERROR in client/src/not-used/PerformanceMetricsDashboard.tsx, column  line 338, column 29 error TS2339: Property 'cpu' does not exist on type 'never'.
ERROR in client/src/not-used/PerformanceMetricsDashboard.tsx, column  line 340, column 33 error TS2339: Property 'cpu' does not exist on type 'never'.
ERROR in client/src/not-used/PerformanceMetricsDashboard.tsx, column  line 357, column 40 error TS2339: Property 'memory' does not exist on type 'never'.
ERROR in client/src/not-used/PerformanceMetricsDashboard.tsx, column  line 359, column 27 error TS2339: Property 'memory' does not exist on type 'never'.
ERROR in client/src/not-used/PerformanceMetricsDashboard.tsx, column  line 368, column 28 error TS2339: Property 'memory' does not exist on type 'never'.
ERROR in client/src/not-used/PerformanceMetricsDashboard.tsx, column  line 371, column 29 error TS2339: Property 'memory' does not exist on type 'never'.
ERROR in client/src/not-used/PerformanceMetricsDashboard.tsx, column  line 371, column 76 error TS2339: Property 'memory' does not exist on type 'never'.
ERROR in client/src/not-used/PerformanceMetricsDashboard.tsx, column  line 382, column 44 error TS2339: Property 'memory' does not exist on type 'never'.
ERROR in client/src/not-used/PerformanceMetricsDashboard.tsx, column  line 384, column 31 error TS2339: Property 'memory' does not exist on type 'never'.
ERROR in client/src/not-used/PerformanceMetricsDashboard.tsx, column  line 391, column 29 error TS2339: Property 'memory' does not exist on type 'never'.
ERROR in client/src/not-used/PerformanceMetricsDashboard.tsx, column  line 393, column 33 error TS2339: Property 'memory' does not exist on type 'never'.
ERROR in client/src/not-used/PerformanceMetricsDashboard.tsx, column  line 410, column 28 error TS2339: Property 'requests' does not exist on type 'never'.
ERROR in client/src/not-used/PerformanceMetricsDashboard.tsx, column  line 440, column 28 error TS2339: Property 'responses' does not exist on type 'never'.
ERROR in client/src/not-used/PerformanceMetricsDashboard.tsx, column  line 502, column 42 error TS2339: Property 'requests' does not exist on type 'never'.
ERROR in client/src/not-used/PerformanceMetricsDashboard.tsx, column  line 516, column 42 error TS2339: Property 'requests' does not exist on type 'never'.
ERROR in client/src/not-used/PerformanceMetricsDashboard.tsx, column  line 617, column 21 error TS7006: Parameter 'props' implicitly has an 'any' type.
ERROR in client/src/not-used/PerformanceMetricsDashboard.tsx, column  line 638, column 22 error TS7006: Parameter 'index' implicitly has an 'any' type.
ERROR in client/src/not-used/PerformanceMetricsDashboard.tsx, column  line 656, column 38 error TS2339: Property 'system' does not exist on type 'never'.
ERROR in client/src/not-used/PerformanceMetricsDashboard.tsx, column  line 670, column 38 error TS2339: Property 'system' does not exist on type 'never'.
ERROR in client/src/not-used/PerformanceMetricsDashboard.tsx, column  line 684, column 38 error TS2339: Property 'system' does not exist on type 'never'.
ERROR in client/src/not-used/PerformanceMetricsDashboard.tsx, column  line 708, column 38 error TS2339: Property 'requests' does not exist on type 'never'.
ERROR in client/src/not-used/PerformanceMetricsDashboard.tsx, column  line 722, column 38 error TS2339: Property 'requests' does not exist on type 'never'.
ERROR in client/src/not-used/PerformanceMetricsDashboard.tsx, column  line 737, column 38 error TS2339: Property 'requests' does not exist on type 'never'.
ERROR in client/src/not-used/PerformanceMetricsDashboard.tsx, column  line 761, column 38 error TS2339: Property 'errors' does not exist on type 'never'.
ERROR in client/src/not-used/PerformanceMetricsDashboard.tsx, column  line 785, column 38 error TS2339: Property 'database' does not exist on type 'never'.
ERROR in client/src/not-used/Profile.tsx, column  line 30, column 34 error TS2307: Cannot find module '../../components/user' or its corresponding type declarations.
ERROR in client/src/not-used/Profile.tsx, column  line 31, column 35 error TS2307: Cannot find module '../../services/user.service' or its corresponding type declarations.
ERROR in client/src/pages/ai-analysis/AIAnalysisPage.test.tsx, column  line 11, column 11 error TS2786: 'SnackbarProvider' cannot be used as a JSX component.
  Its instance type 'SnackbarProvider' is not a valid JSX element.
ERROR in client/src/pages/ai-analysis/AIAnalysisPage.tsx, column  line 165, column 28 error TS2304: Cannot find name 'error'.
ERROR in client/src/pages/ai-analysis/AIAnalysisPage.tsx, column  line 165, column 53 error TS2304: Cannot find name 'error'.
ERROR in client/src/pages/ai-analysis/AIAnalysisPage.tsx, column  line 204, column 47 error TS2304: Cannot find name 'error'.
ERROR in client/src/pages/ai-analysis/AIAnalysisPage.tsx, column  line 205, column 12 error TS2304: Cannot find name 'error'.
ERROR in client/src/pages/ai-analysis/AIAnalysisPage.tsx, column  line 205, column 79 error TS2304: Cannot find name 'error'.
ERROR in client/src/pages/ai-analysis/AIAnalysisPage.tsx, column  line 305, column 24 error TS2786: 'XAxis' cannot be used as a JSX component.
  Its instance type 'XAxis' is not a valid JSX element.
ERROR in client/src/pages/ai-analysis/AIAnalysisPage.tsx, column  line 306, column 24 error TS2786: 'YAxis' cannot be used as a JSX component.
  Its instance type 'YAxis' is not a valid JSX element.
ERROR in client/src/pages/ai-analysis/AIAnalysisPage.tsx, column  line 307, column 24 error TS2786: 'RechartsTooltip' cannot be used as a JSX component.
  Its instance type 'Tooltip<ValueType, column  NameType>' is not a valid JSX element.
ERROR in client/src/pages/ai-analysis/AIAnalysisPage.tsx, column  line 308, column 24 error TS2786: 'Legend' cannot be used as a JSX component.
  Its instance type 'Legend' is not a valid JSX element.
ERROR in client/src/pages/ai-analysis/AIAnalysisPage.tsx, column  line 309, column 24 error TS2786: 'Bar' cannot be used as a JSX component.
  Its instance type 'Bar' is not a valid JSX element.
ERROR in client/src/pages/ai-analysis/AIAnalysisPage.tsx, column  line 314, column 24 error TS2786: 'XAxis' cannot be used as a JSX component.
  Its instance type 'XAxis' is not a valid JSX element.
ERROR in client/src/pages/ai-analysis/AIAnalysisPage.tsx, column  line 315, column 24 error TS2786: 'YAxis' cannot be used as a JSX component.
  Its instance type 'YAxis' is not a valid JSX element.
ERROR in client/src/pages/ai-analysis/AIAnalysisPage.tsx, column  line 316, column 24 error TS2786: 'RechartsTooltip' cannot be used as a JSX component.
  Its instance type 'Tooltip<ValueType, column  NameType>' is not a valid JSX element.
ERROR in client/src/pages/ai-analysis/AIAnalysisPage.tsx, column  line 317, column 24 error TS2786: 'Legend' cannot be used as a JSX component.
  Its instance type 'Legend' is not a valid JSX element.
ERROR in client/src/pages/ai-analysis/AIAnalysisPage.tsx, column  line 318, column 24 error TS2786: 'Line' cannot be used as a JSX component.
  Its instance type 'Line' is not a valid JSX element.
ERROR in client/src/pages/ai-analysis/AIAnalysisPage.tsx, column  line 507, column 12 error TS2746: This JSX tag's 'children' prop expects a single child of type 'ReactNode', column  but multiple children were provided.
ERROR in client/src/pages/ai-analysis/AIAnalysisPage.tsx, column  line 507, column 12 error TS2769: No overload matches this call.
  This JSX tag's 'children' prop expects a single child of type 'ReactNode', column  but multiple children were provided.
  This JSX tag's 'children' prop expects a single child of type 'ReactNode', column  but multiple children were provided.
ERROR in client/src/pages/auth/Register.tsx, column  line 101, column 11 error TS2345: Argument of type '{ firstName: string; lastName: string; email: string; password: string; companyName: string; role: string; phoneNumber: string; }' is not assignable to parameter of type 'RegisterData'.
  Object literal may only specify known properties, column  and 'companyName' does not exist in type 'RegisterData'.
ERROR in client/src/pages/auth/Register.tsx, column  line 106, column 22 error TS2339: Property 'success' does not exist on type 'AuthResponse'.
ERROR in client/src/pages/auth/SecuritySettings.tsx, column  line 79, column 52 error TS2304: Cannot find name 'err'.
ERROR in client/src/pages/BundleOptimizationDemo.tsx, column  line 25, column 10 error TS2614: Module '"../utils/bundleOptimization"' has no exported member 'analyzeModuleSizes'. Did you mean to use 'import analyzeModuleSizes from "../utils/bundleOptimization"' instead?
ERROR in client/src/pages/BundleOptimizationDemo.tsx, column  line 25, column 30 error TS2614: Module '"../utils/bundleOptimization"' has no exported member 'bundleOptimizationGuide'. Did you mean to use 'import bundleOptimizationGuide from "../utils/bundleOptimization"' instead?
ERROR in client/src/pages/BundleOptimizationDemo.tsx, column  line 158, column 34 error TS18046: 'info' is of type 'unknown'.
ERROR in client/src/pages/BundleOptimizationDemo.tsx, column  line 161, column 29 error TS18046: 'info' is of type 'unknown'.
ERROR in client/src/pages/BundleOptimizationDemo.tsx, column  line 162, column 29 error TS18046: 'info' is of type 'unknown'.
ERROR in client/src/pages/BundleOptimizationDemo.tsx, column  line 168, column 35 error TS18046: 'info' is of type 'unknown'.
ERROR in client/src/pages/BundleOptimizationDemo.tsx, column  line 228, column 59 error TS7006: Parameter 'tip' implicitly has an 'any' type.
ERROR in client/src/pages/BundleOptimizationDemo.tsx, column  line 228, column 64 error TS7006: Parameter 'index' implicitly has an 'any' type.
ERROR in client/src/pages/BundleOptimizationDemo.tsx, column  line 338, column 61 error TS7006: Parameter 'tip' implicitly has an 'any' type.
ERROR in client/src/pages/BundleOptimizationDemo.tsx, column  line 338, column 66 error TS7006: Parameter 'index' implicitly has an 'any' type.
ERROR in client/src/pages/BundleOptimizationDemo.tsx, column  line 347, column 68 error TS7006: Parameter 'tip' implicitly has an 'any' type.
ERROR in client/src/pages/BundleOptimizationDemo.tsx, column  line 347, column 73 error TS7006: Parameter 'index' implicitly has an 'any' type.
ERROR in client/src/pages/BundleOptimizationDemo.tsx, column  line 508, column 37 error TS2304: Cannot find name 'member'.
ERROR in client/src/pages/CachingStrategyDemo.tsx, column  line 36, column 10 error TS2614: Module '"../hooks/useCachedData"' has no exported member 'useCachedData'. Did you mean to use 'import useCachedData from "../hooks/useCachedData"' instead?
ERROR in client/src/pages/CachingStrategyDemo.tsx, column  line 92, column 9 error TS2451: Cannot redeclare block-scoped variable 'theme'.
ERROR in client/src/pages/CachingStrategyDemo.tsx, column  line 106, column 10 error TS2451: Cannot redeclare block-scoped variable 'theme'.
ERROR in client/src/pages/CachingStrategyDemo.tsx, column  line 186, column 9 error TS2345: Argument of type '{ data: any[]; time: number; cached: boolean; }' is not assignable to parameter of type 'SetStateAction<any[] | null>'.
  Object literal may only specify known properties, column  and 'data' does not exist in type 'any[] | , column  line , column  line prevState: any[] | null) => any[] | null)'.
ERROR in client/src/pages/CachingStrategyDemo.tsx, column  line 191, column 40 error TS2304: Cannot find name 'err'.
ERROR in client/src/pages/CachingStrategyDemo.tsx, column  line 191, column 63 error TS2304: Cannot find name 'err'.
ERROR in client/src/pages/CachingStrategyDemo.tsx, column  line 191, column 84 error TS2304: Cannot find name 'err'.
ERROR in client/src/pages/CachingStrategyDemo.tsx, column  line 425, column 41 error TS2339: Property 'cached' does not exist on type 'any[]'.
ERROR in client/src/pages/CachingStrategyDemo.tsx, column  line 434, column 48 error TS2339: Property 'time' does not exist on type 'any[]'.
ERROR in client/src/pages/CachingStrategyDemo.tsx, column  line 439, column 41 error TS2339: Property 'cached' does not exist on type 'any[]'.
ERROR in client/src/pages/CachingStrategyDemo.tsx, column  line 440, column 41 error TS2339: Property 'cached' does not exist on type 'any[]'.
ERROR in client/src/pages/CachingStrategyDemo.tsx, column  line 458, column 31 error TS2339: Property 'data' does not exist on type 'any[]'.
ERROR in client/src/pages/CachingStrategyDemo.tsx, column  line 750, column 30 error TS2367: This comparison appears to be unintentional because the types 'Theme' and 'string' have no overlap.
ERROR in client/src/pages/CachingStrategyDemo.tsx, column  line 751, column 28 error TS2367: This comparison appears to be unintentional because the types 'Theme' and 'string' have no overlap.
ERROR in client/src/pages/calendar/CalendarPage.test.tsx, column  line 1, column 1 error TS2578: Unused '@ts-expect-error' directive.
ERROR in client/src/pages/calendar/CalendarPage.test.tsx, column  line 3, column 1 error TS2578: Unused '@ts-expect-error' directive.
ERROR in client/src/pages/calendar/CalendarPage.test.tsx, column  line 9, column 1 error TS2578: Unused '@ts-expect-error' directive.
ERROR in client/src/pages/calendar/CalendarPage.tsx, column  line 36, column 1 error TS2578: Unused '@ts-expect-error' directive.
ERROR in client/src/pages/ClientDataCachingDemo.tsx, column  line 271, column 42 error TS2304: Cannot find name 'error'.
ERROR in client/src/pages/ClientDataCachingDemo.tsx, column  line 271, column 67 error TS2304: Cannot find name 'error'.
ERROR in client/src/pages/ClientDataCachingDemo.tsx, column  line 271, column 90 error TS2304: Cannot find name 'error'.
ERROR in client/src/pages/ClientDataCachingDemo.tsx, column  line 293, column 45 error TS2304: Cannot find name 'error'.
ERROR in client/src/pages/ClientDataCachingDemo.tsx, column  line 293, column 70 error TS2304: Cannot find name 'error'.
ERROR in client/src/pages/ClientDataCachingDemo.tsx, column  line 293, column 93 error TS2304: Cannot find name 'error'.
ERROR in client/src/pages/ClientDataCachingDemo.tsx, column  line 311, column 43 error TS2304: Cannot find name 'error'.
ERROR in client/src/pages/ClientDataCachingDemo.tsx, column  line 311, column 68 error TS2304: Cannot find name 'error'.
ERROR in client/src/pages/ClientDataCachingDemo.tsx, column  line 311, column 91 error TS2304: Cannot find name 'error'.
ERROR in client/src/pages/CodeSplittingDemo.tsx, column  line 176, column 10 error TS2304: Cannot find name 'CardHeader'.
ERROR in client/src/pages/CodeSplittingDemo.tsx, column  line 285, column 17 error TS2322: Type ', column  line , column  line ) => Promise<typeof import, column  line "/Users/tannercoker/AeroSuite-main/client/src/components/ui-library/molecules/charts/LineChart")>) | , column  line , column  line ) => Promise<typeof import, column  line "/Users/tannercoker/AeroSuite-main/client/src/components/ui-library/organisms/DataGrid")>) | , column  line , column  line ) => Promise<...>)' is not assignable to type ', column  line ) => Promise<{ default: ComponentType<LineChartProps>; }>'.
  Type ', column  line ) => Promise<typeof import, column  line "/Users/tannercoker/AeroSuite-main/client/src/components/ui-library/organisms/DataGrid")>' is not assignable to type ', column  line ) => Promise<{ default: ComponentType<LineChartProps>; }>'.
    Type 'Promise<typeof import, column  line "/Users/tannercoker/AeroSuite-main/client/src/components/ui-library/organisms/DataGrid")>' is not assignable to type 'Promise<{ default: ComponentType<LineChartProps>; }>'.
      Type 'typeof import, column  line "/Users/tannercoker/AeroSuite-main/client/src/components/ui-library/organisms/DataGrid")' is not assignable to type '{ default: ComponentType<LineChartProps>; }'.
        Types of property 'default' are incompatible.
          Type 'FC<DataGridProps>' is not assignable to type 'ComponentType<LineChartProps>'.
            Type 'FunctionComponent<DataGridProps>' is not assignable to type 'FunctionComponent<LineChartProps>'.
              Types of property 'propTypes' are incompatible.
                Type 'WeakValidationMap<DataGridProps> | undefined' is not assignable to type 'WeakValidationMap<LineChartProps> | undefined'.
                  Type 'WeakValidationMap<DataGridProps>' has no properties in common with type 'WeakValidationMap<LineChartProps>'.
ERROR in client/src/pages/CodeSplittingDemo.tsx, column  line 286, column 17 error TS2739: Type '{ data: { name: string; value: number; }[]; }' is missing the following properties from type 'LineChartProps': xKey, column  lineKey
ERROR in client/src/pages/ComponentsDemo.tsx, column  line 163, column 11 error TS2322: Type ', column  line { id: string; label: string; numeric: boolean; format?: undefined; } | { id: string; label: string; numeric: boolean; format: , column  line value: string) => Element; })[]' is not assignable to type 'HeadCell<{ id: number; name: string; status: string; rating: number; location: string; }>[]'.
  Type '{ id: string; label: string; numeric: boolean; format?: undefined; } | { id: string; label: string; numeric: boolean; format: , column  line value: string) => Element; }' is not assignable to type 'HeadCell<{ id: number; name: string; status: string; rating: number; location: string; }>'.
    Type '{ id: string; label: string; numeric: boolean; format?: undefined; }' is not assignable to type 'HeadCell<{ id: number; name: string; status: string; rating: number; location: string; }>'.
      Types of property 'id' are incompatible.
        Type 'string' is not assignable to type '"id" | "status" | "name" | "location" | "rating"'.
ERROR in client/src/pages/customers/components/CustomerFormModal.tsx, column  line 157, column 52 error TS2304: Cannot find name 'error'.
ERROR in client/src/pages/customers/CreateCustomer.tsx, column  line 104, column 11 error TS2698: Spread types may only be created from object types.
ERROR in client/src/pages/customers/CreateCustomer.tsx, column  line 187, column 44 error TS2345: Argument of type '{ name: string; code: string; description: string; industry: string; status: string; serviceLevel: string; primaryContactName: string; primaryContactEmail: string; primaryContactPhone: string; ... 5 more ...; customFields: { ...; }; }' is not assignable to parameter of type 'CreateCustomerData'.
  Types of property 'status' are incompatible.
    Type 'string' is not assignable to type '"active" | "inactive" | "pending"'.
ERROR in client/src/pages/customers/CreateCustomer.tsx, column  line 293, column 21 error TS2322: Type ', column  line e: React.ChangeEvent<HTMLInputElement | {    name?: string;    value: unknown;}>) => void' is not assignable to type ', column  line event: SelectChangeEvent<string>, column  child: ReactNode) => void'.
  Types of parameters 'e' and 'event' are incompatible.
    Type 'SelectChangeEvent<string>' is not assignable to type 'ChangeEvent<HTMLInputElement | { name?: string | undefined; value: unknown; }>'.
      Type 'Event & { target: { value: string; name: string; }; }' is missing the following properties from type 'ChangeEvent<HTMLInputElement | { name?: string | undefined; value: unknown; }>': nativeEvent, column  isDefaultPrevented, column  isPropagationStopped, column  persist
ERROR in client/src/pages/customers/CreateCustomer.tsx, column  line 315, column 21 error TS2322: Type ', column  line e: React.ChangeEvent<HTMLInputElement | {    name?: string;    value: unknown;}>) => void' is not assignable to type ', column  line event: SelectChangeEvent<string>, column  child: ReactNode) => void'.
ERROR in client/src/pages/customers/CreateCustomer.tsx, column  line 332, column 21 error TS2322: Type ', column  line e: React.ChangeEvent<HTMLInputElement | {    name?: string;    value: unknown;}>) => void' is not assignable to type ', column  line event: SelectChangeEvent<string>, column  child: ReactNode) => void'.
ERROR in client/src/pages/customers/CreateCustomer.tsx, column  line 602, column 21 error TS2322: Type ', column  line e: React.ChangeEvent<HTMLInputElement | {    name?: string;    value: unknown;}>) => void' is not assignable to type ', column  line event: SelectChangeEvent<string>, column  child: ReactNode) => void'.
ERROR in client/src/pages/customers/CustomerDetail.tsx, column  line 417, column 39 error TS2339: Property 'logo' does not exist on type 'Customer'.
ERROR in client/src/pages/customers/CustomerDetail.tsx, column  line 448, column 80 error TS2339: Property 'contractStartDate' does not exist on type 'Customer'.
ERROR in client/src/pages/customers/CustomerDetail.tsx, column  line 448, column 123 error TS2339: Property 'contractEndDate' does not exist on type 'Customer'.
ERROR in client/src/pages/customers/CustomerDetail.tsx, column  line 490, column 45 error TS2551: Property 'primaryContactPhone' does not exist on type 'Customer'. Did you mean 'primaryContactName'?
ERROR in client/src/pages/customers/CustomerDetail.tsx, column  line 507, column 48 error TS2339: Property 'billingAddress' does not exist on type 'Customer'.
ERROR in client/src/pages/customers/CustomerDetail.tsx, column  line 507, column 83 error TS2339: Property 'billingAddress' does not exist on type 'Customer'.
ERROR in client/src/pages/customers/CustomerDetail.tsx, column  line 508, column 50 error TS2339: Property 'billingAddress' does not exist on type 'Customer'.
ERROR in client/src/pages/customers/CustomerDetail.tsx, column  line 508, column 84 error TS2339: Property 'billingAddress' does not exist on type 'Customer'.
ERROR in client/src/pages/customers/CustomerDetail.tsx, column  line 508, column 120 error TS2339: Property 'billingAddress' does not exist on type 'Customer'.
ERROR in client/src/pages/customers/CustomerDetail.tsx, column  line 515, column 31 error TS2339: Property 'shippingAddress' does not exist on type 'Customer'.
ERROR in client/src/pages/customers/CustomerDetail.tsx, column  line 526, column 52 error TS2339: Property 'shippingAddress' does not exist on type 'Customer'.
ERROR in client/src/pages/customers/CustomerDetail.tsx, column  line 526, column 88 error TS2339: Property 'shippingAddress' does not exist on type 'Customer'.
ERROR in client/src/pages/customers/CustomerDetail.tsx, column  line 527, column 54 error TS2339: Property 'shippingAddress' does not exist on type 'Customer'.
ERROR in client/src/pages/customers/CustomerDetail.tsx, column  line 527, column 89 error TS2339: Property 'shippingAddress' does not exist on type 'Customer'.
ERROR in client/src/pages/customers/CustomerDetail.tsx, column  line 527, column 126 error TS2339: Property 'shippingAddress' does not exist on type 'Customer'.
ERROR in client/src/pages/customers/CustomerDetail.tsx, column  line 538, column 27 error TS2339: Property 'notes' does not exist on type 'Customer'.
ERROR in client/src/pages/customers/CustomerDetail.tsx, column  line 545, column 33 error TS2339: Property 'notes' does not exist on type 'Customer'.
ERROR in client/src/pages/customers/CustomerDetail.tsx, column  line 550, column 27 error TS2339: Property 'customFields' does not exist on type 'Customer'.
ERROR in client/src/pages/customers/CustomerDetail.tsx, column  line 550, column 64 error TS2339: Property 'customFields' does not exist on type 'Customer'.
ERROR in client/src/pages/customers/CustomerDetail.tsx, column  line 557, column 48 error TS2339: Property 'customFields' does not exist on type 'Customer'.
ERROR in client/src/pages/customers/CustomerDetail.tsx, column  line 665, column 9 error TS2322: Type '{ open: boolean; onClose: , column  line ) => void; onConfirm: , column  line ) => Promise<void>; title: string; content: string; confirmText: string; confirmColor: string; }' is not assignable to type 'IntrinsicAttributes & ConfirmationDialogProps'.
  Property 'content' does not exist on type 'IntrinsicAttributes & ConfirmationDialogProps'.
ERROR in client/src/pages/customers/EditCustomer.tsx, column  line 143, column 35 error TS2339: Property 'contractStartDate' does not exist on type 'Customer'.
ERROR in client/src/pages/customers/EditCustomer.tsx, column  line 143, column 60 error TS2339: Property 'contractStartDate' does not exist on type 'Customer'.
ERROR in client/src/pages/customers/EditCustomer.tsx, column  line 144, column 33 error TS2339: Property 'contractEndDate' does not exist on type 'Customer'.
ERROR in client/src/pages/customers/EditCustomer.tsx, column  line 144, column 56 error TS2339: Property 'contractEndDate' does not exist on type 'Customer'.
ERROR in client/src/pages/customers/EditCustomer.tsx, column  line 147, column 23 error TS2345: Argument of type '{ contractStartDate: any; contractEndDate: any; _id: string; name: string; code: string; description?: string | undefined; industry: string; status: "active" | "inactive" | "pending"; website?: string | undefined; ... 7 more ...; updatedAt: string; }' is not assignable to parameter of type 'SetStateAction<{ name: string; code: string; description: string; industry: string; status: string; serviceLevel: string; primaryContactName: string; primaryContactEmail: string; primaryContactPhone: string; ... 5 more ...; customFields: { ...; }; }>'.
  Type '{ contractStartDate: any; contractEndDate: any; _id: string; name: string; code: string; description?: string | undefined; industry: string; status: "active" | "inactive" | "pending"; website?: string | undefined; ... 7 more ...; updatedAt: string; }' is missing the following properties from type '{ name: string; code: string; description: string; industry: string; status: string; serviceLevel: string; primaryContactName: string; primaryContactEmail: string; primaryContactPhone: string; ... 5 more ...; customFields: { ...; }; }': primaryContactPhone, column  billingAddress, column  shippingAddress, column  notes, column  customFields
ERROR in client/src/pages/customers/EditCustomer.tsx, column  line 150, column 49 error TS2339: Property 'billingAddress' does not exist on type 'Customer'.
ERROR in client/src/pages/customers/EditCustomer.tsx, column  line 150, column 72 error TS2339: Property 'shippingAddress' does not exist on type 'Customer'.
ERROR in client/src/pages/customers/EditCustomer.tsx, column  line 151, column 31 error TS2339: Property 'billingAddress' does not exist on type 'Customer'.
ERROR in client/src/pages/customers/EditCustomer.tsx, column  line 151, column 71 error TS2339: Property 'shippingAddress' does not exist on type 'Customer'.
ERROR in client/src/pages/customers/EditCustomer.tsx, column  line 178, column 11 error TS2698: Spread types may only be created from object types.
ERROR in client/src/pages/customers/EditCustomer.tsx, column  line 273, column 49 error TS2345: Argument of type '{ name: string; code: string; description: string; industry: string; status: string; serviceLevel: string; primaryContactName: string; primaryContactEmail: string; primaryContactPhone: string; ... 5 more ...; customFields: { ...; }; }' is not assignable to parameter of type 'UpdateCustomerData'.
  Types of property 'status' are incompatible.
    Type 'string' is not assignable to type '"active" | "inactive" | "pending" | undefined'.
ERROR in client/src/pages/customers/EditCustomer.tsx, column  line 404, column 21 error TS2322: Type ', column  line e: React.ChangeEvent<HTMLInputElement | {    name?: string;    value: unknown;}>) => void' is not assignable to type ', column  line event: SelectChangeEvent<string>, column  child: ReactNode) => void'.
  Types of parameters 'e' and 'event' are incompatible.
    Type 'SelectChangeEvent<string>' is not assignable to type 'ChangeEvent<HTMLInputElement | { name?: string | undefined; value: unknown; }>'.
      Type 'Event & { target: { value: string; name: string; }; }' is missing the following properties from type 'ChangeEvent<HTMLInputElement | { name?: string | undefined; value: unknown; }>': nativeEvent, column  isDefaultPrevented, column  isPropagationStopped, column  persist
ERROR in client/src/pages/customers/EditCustomer.tsx, column  line 426, column 21 error TS2322: Type ', column  line e: React.ChangeEvent<HTMLInputElement | {    name?: string;    value: unknown;}>) => void' is not assignable to type ', column  line event: SelectChangeEvent<string>, column  child: ReactNode) => void'.
ERROR in client/src/pages/customers/EditCustomer.tsx, column  line 443, column 21 error TS2322: Type ', column  line e: React.ChangeEvent<HTMLInputElement | {    name?: string;    value: unknown;}>) => void' is not assignable to type ', column  line event: SelectChangeEvent<string>, column  child: ReactNode) => void'.
ERROR in client/src/pages/customers/EditCustomer.tsx, column  line 704, column 21 error TS2322: Type ', column  line e: React.ChangeEvent<HTMLInputElement | {    name?: string;    value: unknown;}>) => void' is not assignable to type ', column  line event: SelectChangeEvent<string>, column  child: ReactNode) => void'.
ERROR in client/src/pages/dashboard/MetricsDashboard.tsx, column  line 22, column 8 error TS2786: 'Helmet' cannot be used as a JSX component.
  Its instance type 'Helmet' is not a valid JSX element.
    Property 'refs' is missing in type 'Helmet' but required in type 'ElementClass'.
ERROR in client/src/pages/dashboard/QualityMetricsDashboard.tsx, column  line 343, column 28 error TS2786: 'XAxis' cannot be used as a JSX component.
  Its instance type 'XAxis' is not a valid JSX element.
ERROR in client/src/pages/dashboard/QualityMetricsDashboard.tsx, column  line 344, column 28 error TS2786: 'YAxis' cannot be used as a JSX component.
  Its instance type 'YAxis' is not a valid JSX element.
ERROR in client/src/pages/dashboard/QualityMetricsDashboard.tsx, column  line 345, column 28 error TS2786: 'RechartsTooltip' cannot be used as a JSX component.
  Its instance type 'Tooltip<ValueType, column  NameType>' is not a valid JSX element.
ERROR in client/src/pages/dashboard/QualityMetricsDashboard.tsx, column  line 346, column 28 error TS2786: 'Legend' cannot be used as a JSX component.
  Its instance type 'Legend' is not a valid JSX element.
ERROR in client/src/pages/dashboard/QualityMetricsDashboard.tsx, column  line 347, column 28 error TS2786: 'Line' cannot be used as a JSX component.
  Its instance type 'Line' is not a valid JSX element.
ERROR in client/src/pages/dashboard/QualityMetricsDashboard.tsx, column  line 376, column 28 error TS2786: 'XAxis' cannot be used as a JSX component.
  Its instance type 'XAxis' is not a valid JSX element.
ERROR in client/src/pages/dashboard/QualityMetricsDashboard.tsx, column  line 377, column 28 error TS2786: 'YAxis' cannot be used as a JSX component.
  Its instance type 'YAxis' is not a valid JSX element.
ERROR in client/src/pages/dashboard/QualityMetricsDashboard.tsx, column  line 378, column 28 error TS2786: 'RechartsTooltip' cannot be used as a JSX component.
  Its instance type 'Tooltip<ValueType, column  NameType>' is not a valid JSX element.
ERROR in client/src/pages/dashboard/QualityMetricsDashboard.tsx, column  line 379, column 28 error TS2786: 'Legend' cannot be used as a JSX component.
  Its instance type 'Legend' is not a valid JSX element.
ERROR in client/src/pages/dashboard/QualityMetricsDashboard.tsx, column  line 380, column 28 error TS2786: 'Line' cannot be used as a JSX component.
  Its instance type 'Line' is not a valid JSX element.
ERROR in client/src/pages/dashboard/QualityMetricsDashboard.tsx, column  line 405, column 28 error TS2786: 'Pie' cannot be used as a JSX component.
  Its instance type 'Pie' is not a valid JSX element.
ERROR in client/src/pages/dashboard/QualityMetricsDashboard.tsx, column  line 419, column 28 error TS2786: 'RechartsTooltip' cannot be used as a JSX component.
  Its instance type 'Tooltip<ValueType, column  NameType>' is not a valid JSX element.
ERROR in client/src/pages/dashboard/QualityMetricsDashboard.tsx, column  line 420, column 28 error TS2786: 'Legend' cannot be used as a JSX component.
  Its instance type 'Legend' is not a valid JSX element.
ERROR in client/src/pages/dashboard/QualityMetricsDashboard.tsx, column  line 434, column 28 error TS2786: 'XAxis' cannot be used as a JSX component.
  Its instance type 'XAxis' is not a valid JSX element.
ERROR in client/src/pages/dashboard/QualityMetricsDashboard.tsx, column  line 435, column 28 error TS2786: 'YAxis' cannot be used as a JSX component.
  Its instance type 'YAxis' is not a valid JSX element.
ERROR in client/src/pages/dashboard/QualityMetricsDashboard.tsx, column  line 436, column 28 error TS2786: 'RechartsTooltip' cannot be used as a JSX component.
  Its instance type 'Tooltip<ValueType, column  NameType>' is not a valid JSX element.
ERROR in client/src/pages/dashboard/QualityMetricsDashboard.tsx, column  line 437, column 28 error TS2786: 'Legend' cannot be used as a JSX component.
  Its instance type 'Legend' is not a valid JSX element.
ERROR in client/src/pages/dashboard/QualityMetricsDashboard.tsx, column  line 438, column 28 error TS2786: 'Bar' cannot be used as a JSX component.
  Its instance type 'Bar' is not a valid JSX element.
ERROR in client/src/pages/dashboard/QualityMetricsDashboard.tsx, column  line 460, column 24 error TS2786: 'XAxis' cannot be used as a JSX component.
  Its instance type 'XAxis' is not a valid JSX element.
ERROR in client/src/pages/dashboard/QualityMetricsDashboard.tsx, column  line 461, column 24 error TS2786: 'YAxis' cannot be used as a JSX component.
  Its instance type 'YAxis' is not a valid JSX element.
ERROR in client/src/pages/dashboard/QualityMetricsDashboard.tsx, column  line 462, column 24 error TS2786: 'RechartsTooltip' cannot be used as a JSX component.
  Its instance type 'Tooltip<ValueType, column  NameType>' is not a valid JSX element.
ERROR in client/src/pages/dashboard/QualityMetricsDashboard.tsx, column  line 463, column 24 error TS2786: 'Legend' cannot be used as a JSX component.
  Its instance type 'Legend' is not a valid JSX element.
ERROR in client/src/pages/dashboard/QualityMetricsDashboard.tsx, column  line 464, column 24 error TS2786: 'Bar' cannot be used as a JSX component.
  Its instance type 'Bar' is not a valid JSX element.
ERROR in client/src/pages/feedback/components/FeedbackDetail.tsx, column  line 112, column 49 error TS2304: Cannot find name 'error'.
ERROR in client/src/pages/feedback/components/FeedbackDetail.tsx, column  line 131, column 56 error TS2304: Cannot find name 'error'.
ERROR in client/src/pages/feedback/components/FeedbackDetail.tsx, column  line 142, column 57 error TS2304: Cannot find name 'error'.
ERROR in client/src/pages/feedback/FeedbackManagement.test.tsx, column  line 1, column 1 error TS2578: Unused '@ts-expect-error' directive.
ERROR in client/src/pages/feedback/FeedbackManagement.test.tsx, column  line 3, column 1 error TS2578: Unused '@ts-expect-error' directive.
ERROR in client/src/pages/feedback/FeedbackManagement.test.tsx, column  line 9, column 1 error TS2578: Unused '@ts-expect-error' directive.
ERROR in client/src/pages/feedback/FeedbackManagement.tsx, column  line 57, column 1 error TS2578: Unused '@ts-expect-error' directive.
ERROR in client/src/pages/feedback/FeedbackManagement.tsx, column  line 98, column 49 error TS2304: Cannot find name 'error'.
ERROR in client/src/pages/feedback/FeedbackManagement.tsx, column  line 109, column 51 error TS2304: Cannot find name 'error'.
ERROR in client/src/pages/feedback/FeedbackManagement.tsx, column  line 550, column 11 error TS2322: Type '{ headCells: , column  line { id: string; label: string; format: , column  line row: Feedback) => Element; numeric: boolean; } | { id: string; label: string; format: , column  line row: Feedback) => string; numeric: boolean; } | { ...; })[]; ... 7 more ...; onRowClick: , column  line row: any) => void; }' is not assignable to type 'IntrinsicAttributes & DataTableProps<{ [key: string]: any; }>'.
  Property 'data' does not exist on type 'IntrinsicAttributes & DataTableProps<{ [key: string]: any; }>'.
ERROR in client/src/pages/inspections/components/InspectionFormModal.tsx, column  line 144, column 54 error TS2304: Cannot find name 'error'.
ERROR in client/src/pages/inspections/components/InspectionFormModal.tsx, column  line 162, column 51 error TS2304: Cannot find name 'error'.
ERROR in client/src/pages/inspections/components/InspectionFormModal.tsx, column  line 174, column 51 error TS2304: Cannot find name 'error'.
ERROR in client/src/pages/inspections/components/InspectionFormModal.tsx, column  line 269, column 82 error TS2345: Argument of type '{ title: string; type: string; status: string; priority: string; scheduledDate: string | undefined; customerId: string; supplierId: string | null; location: string; description: string; notes: string; tags: string[]; }' is not assignable to parameter of type 'Partial<Inspection>'.
  Types of property 'status' are incompatible.
    Type 'string' is not assignable to type '"scheduled" | "in-progress" | "completed" | "cancelled" | undefined'.
ERROR in client/src/pages/inspections/components/InspectionFormModal.tsx, column  line 272, column 68 error TS2345: Argument of type '{ title: string; type: string; status: string; priority: string; scheduledDate: string | undefined; customerId: string; supplierId: string | null; location: string; description: string; notes: string; tags: string[]; }' is not assignable to parameter of type 'Omit<Inspection, column  "_id" | "createdAt" | "updatedAt">'.
  Types of property 'status' are incompatible.
    Type 'string' is not assignable to type '"scheduled" | "in-progress" | "completed" | "cancelled"'.
ERROR in client/src/pages/inspections/ConductInspection.tsx, column  line 53, column 41 error TS2614: Module '"../../services/inspection.service"' has no exported member 'ChecklistItem'. Did you mean to use 'import ChecklistItem from "../../services/inspection.service"' instead?
ERROR in client/src/pages/inspections/ConductInspection.tsx, column  line 54, column 10 error TS2614: Module '"../../hooks/useResponsive"' has no exported member 'useResponsive'. Did you mean to use 'import useResponsive from "../../hooks/useResponsive"' instead?
ERROR in client/src/pages/inspections/ConductInspection.tsx, column  line 97, column 18 error TS2339: Property 'checklistItems' does not exist on type 'Inspection'.
ERROR in client/src/pages/inspections/ConductInspection.tsx, column  line 97, column 41 error TS2339: Property 'checklistItems' does not exist on type 'Inspection'.
ERROR in client/src/pages/inspections/ConductInspection.tsx, column  line 98, column 34 error TS2339: Property 'checklistItems' does not exist on type 'Inspection'.
ERROR in client/src/pages/inspections/ConductInspection.tsx, column  line 101, column 62 error TS2339: Property 'inspectionType' does not exist on type 'Inspection'.
ERROR in client/src/pages/inspections/ConductInspection.tsx, column  line 236, column 31 error TS2339: Property 'updateChecklist' does not exist on type 'InspectionService'.
ERROR in client/src/pages/inspections/ConductInspection.tsx, column  line 271, column 31 error TS2551: Property 'completeInspection' does not exist on type 'InspectionService'. Did you mean 'createInspection'?
ERROR in client/src/pages/inspections/ConductInspection.tsx, column  line 388, column 52 error TS2339: Property 'id' does not exist on type 'Inspection'.
ERROR in client/src/pages/inspections/ConductInspection.tsx, column  line 389, column 73 error TS2339: Property 'inspectionDate' does not exist on type 'Inspection'.
ERROR in client/src/pages/inspections/ConductInspection.tsx, column  line 393, column 33 error TS2339: Property 'id' does not exist on type 'Inspection'.
ERROR in client/src/pages/inspections/ConductInspection.tsx, column  line 453, column 8 error TS2786: 'SwipeableDrawer' cannot be used as a JSX component.
  Its element type 'ReactElement<any, column  any> | Component<any, column  any, column  any> | null' is not a valid JSX element.
    Type 'Component<any, column  any, column  any>' is not assignable to type 'Element | ElementClass | null'.
      Property 'refs' is missing in type 'Component<any, column  any, column  any>' but required in type 'ElementClass'.
ERROR in client/src/pages/inspections/ConductInspection.tsx, column  line 554, column 58 error TS2339: Property 'inspectionType' does not exist on type 'Inspection'.
ERROR in client/src/pages/inspections/ConductInspection.tsx, column  line 557, column 67 error TS2339: Property 'inspectionDate' does not exist on type 'Inspection'.
ERROR in client/src/pages/inspections/hooks/useInspectionStats.ts, column  line 47, column 64 error TS2304: Cannot find name 'err'.
ERROR in client/src/pages/inspections/InspectionAnalytics.tsx, column  line 151, column 24 error TS18046: 'response' is of type 'unknown'.
ERROR in client/src/pages/inspections/InspectionAnalytics.tsx, column  line 259, column 11 error TS2322: Type '{ title: string; subtitle: string; icon: Element; }' is not assignable to type 'IntrinsicAttributes & PageHeaderProps'.
  Property 'icon' does not exist on type 'IntrinsicAttributes & PageHeaderProps'.
ERROR in client/src/pages/inspections/InspectionAnalytics.tsx, column  line 570, column 30 error TS2786: 'Pie' cannot be used as a JSX component.
  Its instance type 'Pie' is not a valid JSX element.
ERROR in client/src/pages/inspections/InspectionAnalytics.tsx, column  line 584, column 30 error TS2786: 'Tooltip' cannot be used as a JSX component.
  Its instance type 'Tooltip<ValueType, column  NameType>' is not a valid JSX element.
ERROR in client/src/pages/inspections/InspectionAnalytics.tsx, column  line 585, column 30 error TS2786: 'Legend' cannot be used as a JSX component.
  Its instance type 'Legend' is not a valid JSX element.
ERROR in client/src/pages/inspections/InspectionAnalytics.tsx, column  line 601, column 30 error TS2786: 'Pie' cannot be used as a JSX component.
  Its instance type 'Pie' is not a valid JSX element.
ERROR in client/src/pages/inspections/InspectionAnalytics.tsx, column  line 615, column 30 error TS2786: 'Tooltip' cannot be used as a JSX component.
  Its instance type 'Tooltip<ValueType, column  NameType>' is not a valid JSX element.
ERROR in client/src/pages/inspections/InspectionAnalytics.tsx, column  line 616, column 30 error TS2786: 'Legend' cannot be used as a JSX component.
  Its instance type 'Legend' is not a valid JSX element.
ERROR in client/src/pages/inspections/InspectionAnalytics.tsx, column  line 641, column 30 error TS2786: 'XAxis' cannot be used as a JSX component.
  Its instance type 'XAxis' is not a valid JSX element.
ERROR in client/src/pages/inspections/InspectionAnalytics.tsx, column  line 647, column 30 error TS2786: 'YAxis' cannot be used as a JSX component.
  Its instance type 'YAxis' is not a valid JSX element.
ERROR in client/src/pages/inspections/InspectionAnalytics.tsx, column  line 648, column 30 error TS2786: 'YAxis' cannot be used as a JSX component.
  Its instance type 'YAxis' is not a valid JSX element.
ERROR in client/src/pages/inspections/InspectionAnalytics.tsx, column  line 649, column 30 error TS2786: 'Tooltip' cannot be used as a JSX component.
  Its instance type 'Tooltip<ValueType, column  NameType>' is not a valid JSX element.
ERROR in client/src/pages/inspections/InspectionAnalytics.tsx, column  line 650, column 30 error TS2786: 'Legend' cannot be used as a JSX component.
  Its instance type 'Legend' is not a valid JSX element.
ERROR in client/src/pages/inspections/InspectionAnalytics.tsx, column  line 651, column 30 error TS2786: 'Bar' cannot be used as a JSX component.
  Its instance type 'Bar' is not a valid JSX element.
ERROR in client/src/pages/inspections/InspectionAnalytics.tsx, column  line 652, column 30 error TS2786: 'Bar' cannot be used as a JSX component.
  Its instance type 'Bar' is not a valid JSX element.
ERROR in client/src/pages/inspections/InspectionAnalytics.tsx, column  line 653, column 30 error TS2786: 'Bar' cannot be used as a JSX component.
  Its instance type 'Bar' is not a valid JSX element.
ERROR in client/src/pages/inspections/InspectionAnalytics.tsx, column  line 654, column 30 error TS2786: 'Line' cannot be used as a JSX component.
  Its instance type 'Line' is not a valid JSX element.
ERROR in client/src/pages/inspections/InspectionAnalytics.tsx, column  line 684, column 30 error TS2786: 'XAxis' cannot be used as a JSX component.
  Its instance type 'XAxis' is not a valid JSX element.
ERROR in client/src/pages/inspections/InspectionAnalytics.tsx, column  line 685, column 30 error TS2786: 'YAxis' cannot be used as a JSX component.
  Its instance type 'YAxis' is not a valid JSX element.
ERROR in client/src/pages/inspections/InspectionAnalytics.tsx, column  line 686, column 30 error TS2786: 'Tooltip' cannot be used as a JSX component.
  Its instance type 'Tooltip<ValueType, column  NameType>' is not a valid JSX element.
ERROR in client/src/pages/inspections/InspectionAnalytics.tsx, column  line 687, column 30 error TS2786: 'Legend' cannot be used as a JSX component.
  Its instance type 'Legend' is not a valid JSX element.
ERROR in client/src/pages/inspections/InspectionAnalytics.tsx, column  line 688, column 30 error TS2786: 'Bar' cannot be used as a JSX component.
  Its instance type 'Bar' is not a valid JSX element.
ERROR in client/src/pages/inspections/InspectionAnalytics.tsx, column  line 712, column 30 error TS2786: 'XAxis' cannot be used as a JSX component.
  Its instance type 'XAxis' is not a valid JSX element.
ERROR in client/src/pages/inspections/InspectionAnalytics.tsx, column  line 713, column 30 error TS2786: 'YAxis' cannot be used as a JSX component.
  Its instance type 'YAxis' is not a valid JSX element.
ERROR in client/src/pages/inspections/InspectionAnalytics.tsx, column  line 714, column 30 error TS2786: 'Tooltip' cannot be used as a JSX component.
  Its instance type 'Tooltip<ValueType, column  NameType>' is not a valid JSX element.
ERROR in client/src/pages/inspections/InspectionAnalytics.tsx, column  line 715, column 30 error TS2786: 'Legend' cannot be used as a JSX component.
  Its instance type 'Legend' is not a valid JSX element.
ERROR in client/src/pages/inspections/InspectionAnalytics.tsx, column  line 716, column 30 error TS2786: 'Bar' cannot be used as a JSX component.
  Its instance type 'Bar' is not a valid JSX element.
ERROR in client/src/pages/inspections/InspectionAnalytics.tsx, column  line 717, column 30 error TS2786: 'Bar' cannot be used as a JSX component.
  Its instance type 'Bar' is not a valid JSX element.
ERROR in client/src/pages/inspections/InspectionAnalytics.tsx, column  line 718, column 30 error TS2786: 'Bar' cannot be used as a JSX component.
  Its instance type 'Bar' is not a valid JSX element.
ERROR in client/src/pages/inspections/InspectionAnalytics.tsx, column  line 747, column 30 error TS2786: 'XAxis' cannot be used as a JSX component.
  Its instance type 'XAxis' is not a valid JSX element.
ERROR in client/src/pages/inspections/InspectionAnalytics.tsx, column  line 748, column 30 error TS2786: 'YAxis' cannot be used as a JSX component.
  Its instance type 'YAxis' is not a valid JSX element.
ERROR in client/src/pages/inspections/InspectionAnalytics.tsx, column  line 749, column 30 error TS2786: 'Tooltip' cannot be used as a JSX component.
  Its instance type 'Tooltip<ValueType, column  NameType>' is not a valid JSX element.
ERROR in client/src/pages/inspections/InspectionAnalytics.tsx, column  line 750, column 30 error TS2786: 'Legend' cannot be used as a JSX component.
  Its instance type 'Legend' is not a valid JSX element.
ERROR in client/src/pages/inspections/InspectionAnalytics.tsx, column  line 751, column 30 error TS2786: 'Bar' cannot be used as a JSX component.
  Its instance type 'Bar' is not a valid JSX element.
ERROR in client/src/pages/inspections/InspectionAnalytics.tsx, column  line 766, column 30 error TS2786: 'Pie' cannot be used as a JSX component.
  Its instance type 'Pie' is not a valid JSX element.
ERROR in client/src/pages/inspections/InspectionAnalytics.tsx, column  line 780, column 30 error TS2786: 'Tooltip' cannot be used as a JSX component.
  Its instance type 'Tooltip<ValueType, column  NameType>' is not a valid JSX element.
ERROR in client/src/pages/inspections/InspectionAnalytics.tsx, column  line 781, column 30 error TS2786: 'Legend' cannot be used as a JSX component.
  Its instance type 'Legend' is not a valid JSX element.
ERROR in client/src/pages/inspections/InspectionAnalytics.tsx, column  line 810, column 30 error TS2786: 'XAxis' cannot be used as a JSX component.
  Its instance type 'XAxis' is not a valid JSX element.
ERROR in client/src/pages/inspections/InspectionAnalytics.tsx, column  line 811, column 30 error TS2786: 'YAxis' cannot be used as a JSX component.
  Its instance type 'YAxis' is not a valid JSX element.
ERROR in client/src/pages/inspections/InspectionAnalytics.tsx, column  line 812, column 30 error TS2786: 'Tooltip' cannot be used as a JSX component.
  Its instance type 'Tooltip<ValueType, column  NameType>' is not a valid JSX element.
ERROR in client/src/pages/inspections/InspectionAnalytics.tsx, column  line 813, column 30 error TS2786: 'Legend' cannot be used as a JSX component.
  Its instance type 'Legend' is not a valid JSX element.
ERROR in client/src/pages/inspections/InspectionAnalytics.tsx, column  line 814, column 30 error TS2786: 'Bar' cannot be used as a JSX component.
  Its instance type 'Bar' is not a valid JSX element.
ERROR in client/src/pages/inspections/InspectionAnalytics.tsx, column  line 815, column 30 error TS2786: 'Bar' cannot be used as a JSX component.
  Its instance type 'Bar' is not a valid JSX element.
ERROR in client/src/pages/inspections/InspectionAnalytics.tsx, column  line 816, column 30 error TS2786: 'Bar' cannot be used as a JSX component.
  Its instance type 'Bar' is not a valid JSX element.
ERROR in client/src/pages/inspections/InspectionAnalytics.tsx, column  line 831, column 30 error TS2786: 'Pie' cannot be used as a JSX component.
  Its instance type 'Pie' is not a valid JSX element.
ERROR in client/src/pages/inspections/InspectionAnalytics.tsx, column  line 853, column 30 error TS2786: 'Tooltip' cannot be used as a JSX component.
  Its instance type 'Tooltip<ValueType, column  NameType>' is not a valid JSX element.
ERROR in client/src/pages/inspections/InspectionAnalytics.tsx, column  line 854, column 30 error TS2786: 'Legend' cannot be used as a JSX component.
  Its instance type 'Legend' is not a valid JSX element.
ERROR in client/src/pages/inspections/ScheduleInspection.tsx, column  line 356, column 21 error TS2322: Type ', column  line e: React.ChangeEvent<HTMLInputElement | {    name?: string;    value: unknown;}>) => void' is not assignable to type ', column  line event: SelectChangeEvent<string>, column  child: ReactNode) => void'.
  Types of parameters 'e' and 'event' are incompatible.
    Type 'SelectChangeEvent<string>' is not assignable to type 'ChangeEvent<HTMLInputElement | { name?: string | undefined; value: unknown; }>'.
      Type 'Event & { target: { value: string; name: string; }; }' is missing the following properties from type 'ChangeEvent<HTMLInputElement | { name?: string | undefined; value: unknown; }>': nativeEvent, column  isDefaultPrevented, column  isPropagationStopped, column  persist
ERROR in client/src/pages/inspections/ScheduleInspection.tsx, column  line 375, column 21 error TS2322: Type ', column  line e: React.ChangeEvent<HTMLInputElement | {    name?: string;    value: unknown;}>) => void' is not assignable to type ', column  line event: SelectChangeEvent<string>, column  child: ReactNode) => void'.
ERROR in client/src/pages/inspections/ScheduleInspection.tsx, column  line 481, column 21 error TS2322: Type ', column  line e: React.ChangeEvent<HTMLInputElement | {    name?: string;    value: unknown;}>) => void' is not assignable to type ', column  line event: SelectChangeEvent<string>, column  child: ReactNode) => void'.
ERROR in client/src/pages/ModalsAndFormsTester.tsx, column  line 151, column 20 error TS2322: Type 'number' is not assignable to type 'string'.
ERROR in client/src/pages/ModalsAndFormsTester.tsx, column  line 151, column 23 error TS2322: Type 'number' is not assignable to type 'string'.
ERROR in client/src/pages/ModalsAndFormsTester.tsx, column  line 434, column 9 error TS2322: Type ', column  line query: string) => Promise<{ id: string; title: string; description: string; type: string; url: string; icon: string; date: Date; }[]>' is not assignable to type ', column  line query: string, column  filters?: SearchFilters | undefined) => Promise<SearchResult[]>'.
  Type 'Promise<{ id: string; title: string; description: string; type: string; url: string; icon: string; date: Date; }[]>' is not assignable to type 'Promise<SearchResult[]>'.
    Type '{ id: string; title: string; description: string; type: string; url: string; icon: string; date: Date; }[]' is not assignable to type 'SearchResult[]'.
      Type '{ id: string; title: string; description: string; type: string; url: string; icon: string; date: Date; }' is not assignable to type 'SearchResult'.
        Types of property 'type' are incompatible.
          Type 'string' is not assignable to type '"user" | "supplier" | "inspection" | "report" | "customer"'.
ERROR in client/src/pages/ModalsAndFormsTester.tsx, column  line 454, column 9 error TS2322: Type '{ id: string; title: string; message: string; timestamp: Date; read: boolean; type: string; category: string; }[]' is not assignable to type 'NotificationItem[]'.
  Type '{ id: string; title: string; message: string; timestamp: Date; read: boolean; type: string; category: string; }' is not assignable to type 'NotificationItem'.
    Types of property 'type' are incompatible.
      Type 'string' is not assignable to type '"warning" | "error" | "info" | "success"'.
ERROR in client/src/pages/monitoring/BackupVerification.tsx, column  line 82, column 64 error TS2304: Cannot find name 'err'.
ERROR in client/src/pages/monitoring/BackupVerification.tsx, column  line 103, column 55 error TS2304: Cannot find name 'err'.
ERROR in client/src/pages/monitoring/PerformanceMetricsDashboard.tsx, column  line 19, column 73 error TS2307: Cannot find module '../../services/performanceMonitoring.service' or its corresponding type declarations.
ERROR in client/src/pages/monitoring/PerformanceMetricsDashboard.tsx, column  line 86, column 60 error TS2304: Cannot find name 'err'.
ERROR in client/src/pages/ProgressiveLoadingDemo.tsx, column  line 519, column 13 error TS2322: Type ', column  line Product | undefined)[]' is not assignable to type 'Product[]'.
  Type 'Product | undefined' is not assignable to type 'Product'.
    Type 'undefined' is not assignable to type 'Product'.
ERROR in client/src/pages/ProgressiveLoadingDemo.tsx, column  line 573, column 31 error TS18048: 'product' is possibly 'undefined'.
ERROR in client/src/pages/ProgressiveLoadingDemo.tsx, column  line 576, column 19 error TS2322: Type 'FC<{ product: Product; }>' is not assignable to type 'ComponentType<{}> | undefined'.
  Type 'FunctionComponent<{ product: Product; }>' is not assignable to type 'FunctionComponent<{}>'.
    Types of parameters 'props' and 'props' are incompatible.
      Type '{}' is not assignable to type '{ product: Product; }'.
ERROR in client/src/pages/ProgressiveLoadingDemo.tsx, column  line 577, column 19 error TS2322: Type 'FC<{ product: Product; }>' is not assignable to type 'ComponentType<{}>'.
  Type 'FunctionComponent<{ product: Product; }>' is not assignable to type 'FunctionComponent<{}>'.
    Types of parameters 'props' and 'props' are incompatible.
      Type '{}' is not assignable to type '{ product: Product; }'.
ERROR in client/src/pages/ProgressiveLoadingDemo.tsx, column  line 649, column 31 error TS18048: 'product' is possibly 'undefined'.
ERROR in client/src/pages/ProgressiveLoadingDemo.tsx, column  line 654, column 30 error TS18048: 'product' is possibly 'undefined'.
ERROR in client/src/pages/ProgressiveLoadingDemo.tsx, column  line 655, column 36 error TS18048: 'product' is possibly 'undefined'.
ERROR in client/src/pages/ProgressiveLoadingDemo.tsx, column  line 656, column 30 error TS18048: 'product' is possibly 'undefined'.
ERROR in client/src/pages/ProgressiveLoadingDemo.tsx, column  line 662, column 26 error TS18048: 'product' is possibly 'undefined'.
ERROR in client/src/pages/ProgressiveLoadingDemo.tsx, column  line 665, column 26 error TS18048: 'product' is possibly 'undefined'.
ERROR in client/src/pages/ProgressiveLoadingDemo.tsx, column  line 669, column 29 error TS18048: 'product' is possibly 'undefined'.
ERROR in client/src/pages/ProgressiveLoadingDemo.tsx, column  line 672, column 38 error TS18048: 'product' is possibly 'undefined'.
ERROR in client/src/pages/reports/components/ReportPreview.tsx, column  line 31, column 26 error TS7016: Could not find a declaration file for module 'lodash'. '/Users/tannercoker/AeroSuite-main/node_modules/lodash/lodash.js' implicitly has an 'any' type.
  Try `npm i --save-dev @types/lodash` if it exists or add a new declaration , column  line .d.ts) file containing `declare module 'lodash';`
ERROR in client/src/pages/reports/components/ReportTemplateForm.tsx, column  line 41, column 55 error TS7016: Could not find a declaration file for module 'react-beautiful-dnd'. '/Users/tannercoker/AeroSuite-main/node_modules/react-beautiful-dnd/dist/react-beautiful-dnd.cjs.js' implicitly has an 'any' type.
  Try `npm i --save-dev @types/react-beautiful-dnd` if it exists or add a new declaration , column  line .d.ts) file containing `declare module 'react-beautiful-dnd';`
ERROR in client/src/pages/reports/components/ReportTemplateForm.tsx, column  line 83, column 45 error TS2339: Property 'getDataSources' does not exist on type 'ReportService'.
ERROR in client/src/pages/reports/components/ReportTemplateForm.tsx, column  line 266, column 17 error TS2322: Type ', column  line e: React.ChangeEvent<HTMLInputElement | {    name?: string;    value: unknown;}>) => void' is not assignable to type ', column  line event: SelectChangeEvent<"supplier" | "inspection" | "performance" | "customer" | "general">, column  child: ReactNode) => void'.
  Types of parameters 'e' and 'event' are incompatible.
    Type 'SelectChangeEvent<"supplier" | "inspection" | "performance" | "customer" | "general">' is not assignable to type 'ChangeEvent<HTMLInputElement | { name?: string | undefined; value: unknown; }>'.
      Type 'Event & { target: { value: "supplier" | "inspection" | "performance" | "customer" | "general"; name: string; }; }' is missing the following properties from type 'ChangeEvent<HTMLInputElement | { name?: string | undefined; value: unknown; }>': nativeEvent, column  isDefaultPrevented, column  isPropagationStopped, column  persist
ERROR in client/src/pages/reports/components/ReportTemplateForm.tsx, column  line 334, column 15 error TS7006: Parameter 'provided' implicitly has an 'any' type.
ERROR in client/src/pages/reports/components/ReportTemplateForm.tsx, column  line 347, column 23 error TS7006: Parameter 'provided' implicitly has an 'any' type.
ERROR in client/src/pages/reports/components/ReportTemplateForm.tsx, column  line 552, column 19 error TS2322: Type ', column  line e: React.ChangeEvent<HTMLInputElement | {    name?: string;    value: unknown;}>) => void' is not assignable to type ', column  line event: SelectChangeEvent<"text" | "image" | "table" | "chart" | "metrics">, column  child: ReactNode) => void'.
  Types of parameters 'e' and 'event' are incompatible.
    Type 'SelectChangeEvent<"text" | "image" | "table" | "chart" | "metrics">' is not assignable to type 'ChangeEvent<HTMLInputElement | { name?: string | undefined; value: unknown; }>'.
      Type 'Event & { target: { value: "text" | "image" | "table" | "chart" | "metrics"; name: string; }; }' is missing the following properties from type 'ChangeEvent<HTMLInputElement | { name?: string | undefined; value: unknown; }>': nativeEvent, column  isDefaultPrevented, column  isPropagationStopped, column  persist
ERROR in client/src/pages/reports/components/ReportTemplateForm.tsx, column  line 605, column 40 error TS2345: Argument of type ', column  line prev: ReportSection) => { dataSource: { model: any; query?: { filter?: Record<string, column  any> | undefined; populate?: string[] | undefined; sort?: Record<string, column  1 | -1> | undefined; limit?: number | undefined; } | undefined; }; ... 8 more ...; data?: any[] | undefined; }' is not assignable to parameter of type 'SetStateAction<ReportSection>'.
  Type ', column  line prev: ReportSection) => { dataSource: { model: any; query?: { filter?: Record<string, column  any> | undefined; populate?: string[] | undefined; sort?: Record<string, column  1 | -1> | undefined; limit?: number | undefined; } | undefined; }; ... 8 more ...; data?: any[] | undefined; }' is not assignable to type ', column  line prevState: ReportSection) => ReportSection'.
    Call signature return types '{ dataSource: { model: any; query?: { filter?: Record<string, column  any> | undefined; populate?: string[] | undefined; sort?: Record<string, column  1 | -1> | undefined; limit?: number | undefined; } | undefined; }; ... 8 more ...; data?: any[] | undefined; }' and 'ReportSection' are incompatible.
      The types of 'dataSource.query' are incompatible between these types.
        Type '{ filter?: Record<string, column  any> | undefined; populate?: string[] | undefined; sort?: Record<string, column  1 | -1> | undefined; limit?: number | undefined; } | undefined' is not assignable to type '{ filter?: Record<string, column  any> | undefined; populate?: string[] | undefined; sort?: Record<string, column  1 | -1> | undefined; limit?: number | undefined; }'.
          Type 'undefined' is not assignable to type '{ filter?: Record<string, column  any> | undefined; populate?: string[] | undefined; sort?: Record<string, column  1 | -1> | undefined; limit?: number | undefined; }'.
ERROR in client/src/pages/reports/components/ReportTemplateForm.tsx, column  line 651, column 34 error TS2304: Cannot find name 'Chip'.
ERROR in client/src/pages/reports/components/ReportTemplateForm.tsx, column  line 708, column 38 error TS2345: Argument of type ', column  line prev: ReportSection) => { chartOptions: { title: string; type?: "line" | "bar" | "pie" | "doughnut" | "radar" | undefined; xAxis?: string | undefined; yAxis?: string | undefined; }; ... 8 more ...; data?: any[] | undefined; }' is not assignable to parameter of type 'SetStateAction<ReportSection>'.
  Type ', column  line prev: ReportSection) => { chartOptions: { title: string; type?: "line" | "bar" | "pie" | "doughnut" | "radar" | undefined; xAxis?: string | undefined; yAxis?: string | undefined; }; ... 8 more ...; data?: any[] | undefined; }' is not assignable to type ', column  line prevState: ReportSection) => ReportSection'.
    Call signature return types '{ chartOptions: { title: string; type?: "line" | "bar" | "pie" | "doughnut" | "radar" | undefined; xAxis?: string | undefined; yAxis?: string | undefined; }; _id?: string | undefined; title: string; ... 6 more ...; data?: any[] | undefined; }' and 'ReportSection' are incompatible.
      The types of 'chartOptions.type' are incompatible between these types.
        Type '"line" | "bar" | "pie" | "doughnut" | "radar" | undefined' is not assignable to type '"line" | "bar" | "pie" | "doughnut" | "radar"'.
          Type 'undefined' is not assignable to type '"line" | "bar" | "pie" | "doughnut" | "radar"'.
ERROR in client/src/pages/reports/ReportBuilder.test.tsx, column  line 1, column 1 error TS2578: Unused '@ts-expect-error' directive.
ERROR in client/src/pages/reports/ReportBuilder.test.tsx, column  line 3, column 1 error TS2578: Unused '@ts-expect-error' directive.
ERROR in client/src/pages/reports/ReportBuilder.test.tsx, column  line 9, column 1 error TS2578: Unused '@ts-expect-error' directive.
ERROR in client/src/pages/reports/ReportBuilder.tsx, column  line 39, column 1 error TS2578: Unused '@ts-expect-error' directive.
ERROR in client/src/pages/RequestBatchingDemo.tsx, column  line 175, column 59 error TS2304: Cannot find name 'err'.
ERROR in client/src/pages/RequestBatchingDemo.tsx, column  line 226, column 47 error TS2345: Argument of type '{ endpoint: string; method: string; }[]' is not assignable to parameter of type 'Omit<BatchRequestItem<any>, column  "id">[]'.
  Type '{ endpoint: string; method: string; }' is not assignable to type 'Omit<BatchRequestItem<any>, column  "id">'.
    Types of property 'method' are incompatible.
      Type 'string' is not assignable to type '"GET" | "DELETE" | "POST" | "PUT" | undefined'.
ERROR in client/src/pages/RequestBatchingDemo.tsx, column  line 229, column 13 error TS2322: Type '{ type: string; id: number; data: any; time: number; }[]' is not assignable to type 'ResponseData[]'.
  Type '{ type: string; id: number; data: any; time: number; }' is not assignable to type 'ResponseData'.
    Types of property 'type' are incompatible.
      Type 'string' is not assignable to type '"supplier" | "customer" | "product"'.
ERROR in client/src/pages/RequestBatchingDemo.tsx, column  line 239, column 24 error TS1308: 'await' expressions are only allowed within async functions and at the top levels of modules.
ERROR in client/src/pages/RequestBatchingDemo.tsx, column  line 241, column 24 error TS1308: 'await' expressions are only allowed within async functions and at the top levels of modules.
ERROR in client/src/pages/RequestBatchingDemo.tsx, column  line 243, column 24 error TS1308: 'await' expressions are only allowed within async functions and at the top levels of modules.
ERROR in client/src/pages/RequestBatchingDemo.tsx, column  line 257, column 56 error TS2304: Cannot find name 'err'.
ERROR in client/src/pages/ResponsiveDesignDemo.tsx, column  line 40, column 10 error TS2724: '"../components/layout/ResponsiveGrid"' has no exported member named 'ResponsiveGrid'. Did you mean 'ResponsiveGridItem'?
ERROR in client/src/pages/Settings.tsx, column  line 95, column 58 error TS2552: Cannot find name 'error'. Did you mean '_error'?
ERROR in client/src/pages/Settings.tsx, column  line 133, column 55 error TS2552: Cannot find name 'error'. Did you mean '_error'?
ERROR in client/src/pages/Settings.tsx, column  line 162, column 51 error TS2552: Cannot find name 'error'. Did you mean '_error'?
ERROR in client/src/pages/Settings.tsx, column  line 235, column 48 error TS2552: Cannot find name 'error'. Did you mean '_error'?
ERROR in client/src/pages/settings/LanguageSettings.test.tsx, column  line 1, column 1 error TS2578: Unused '@ts-expect-error' directive.
ERROR in client/src/pages/settings/LanguageSettings.test.tsx, column  line 3, column 1 error TS2578: Unused '@ts-expect-error' directive.
ERROR in client/src/pages/settings/LanguageSettings.test.tsx, column  line 9, column 1 error TS2578: Unused '@ts-expect-error' directive.
ERROR in client/src/pages/settings/SettingsPage.test.tsx, column  line 1, column 1 error TS2578: Unused '@ts-expect-error' directive.
ERROR in client/src/pages/settings/SettingsPage.test.tsx, column  line 3, column 1 error TS2578: Unused '@ts-expect-error' directive.
ERROR in client/src/pages/settings/SettingsPage.test.tsx, column  line 9, column 1 error TS2578: Unused '@ts-expect-error' directive.
ERROR in client/src/pages/settings/SettingsPage.tsx, column  line 77, column 90 error TS2322: Type '{ onError: , column  line err: any) => void; }' is not assignable to type 'IntrinsicAttributes'.
  Property 'onError' does not exist on type 'IntrinsicAttributes'.
ERROR in client/src/pages/suppliers/components/AuditChecklist.tsx, column  line 40, column 69 error TS2339: Property '0' does not exist on type '{ type: "observation" | "minor-nc" | "major-nc" | "critical-nc"; description?: string | undefined; correctiveAction?: string | undefined; dueDate?: Date | undefined; }[] | undefined'.
ERROR in client/src/pages/suppliers/components/AuditChecklist.tsx, column  line 366, column 19 error TS2322: Type ', column  line e: React.ChangeEvent<HTMLInputElement | {    name?: string;    value: unknown;}>) => void' is not assignable to type ', column  line event: SelectChangeEvent<string>, column  child: ReactNode) => void'.
  Types of parameters 'e' and 'event' are incompatible.
    Type 'SelectChangeEvent<string>' is not assignable to type 'ChangeEvent<HTMLInputElement | { name?: string | undefined; value: unknown; }>'.
      Type 'Event & { target: { value: string; name: string; }; }' is missing the following properties from type 'ChangeEvent<HTMLInputElement | { name?: string | undefined; value: unknown; }>': nativeEvent, column  isDefaultPrevented, column  isPropagationStopped, column  persist
ERROR in client/src/pages/suppliers/components/AuditChecklist.tsx, column  line 384, column 19 error TS2322: Type ', column  line e: React.ChangeEvent<HTMLInputElement | {    name?: string;    value: unknown;}>) => void' is not assignable to type ', column  line event: SelectChangeEvent<"text" | "scale" | "yes-no" | "multiple-choice">, column  child: ReactNode) => void'.
  Types of parameters 'e' and 'event' are incompatible.
    Type 'SelectChangeEvent<"text" | "scale" | "yes-no" | "multiple-choice">' is not assignable to type 'ChangeEvent<HTMLInputElement | { name?: string | undefined; value: unknown; }>'.
      Type 'Event & { target: { value: "text" | "scale" | "yes-no" | "multiple-choice"; name: string; }; }' is missing the following properties from type 'ChangeEvent<HTMLInputElement | { name?: string | undefined; value: unknown; }>': nativeEvent, column  isDefaultPrevented, column  isPropagationStopped, column  persist
ERROR in client/src/pages/suppliers/components/ChecklistItemCard.tsx, column  line 43, column 69 error TS2339: Property '0' does not exist on type '{ type: "observation" | "minor-nc" | "major-nc" | "critical-nc"; description?: string | undefined; correctiveAction?: string | undefined; dueDate?: Date | undefined; }[] | undefined'.
ERROR in client/src/pages/suppliers/components/ChecklistItemCard.tsx, column  line 60, column 74 error TS2339: Property '0' does not exist on type '{ type: "observation" | "minor-nc" | "major-nc" | "critical-nc"; description?: string | undefined; correctiveAction?: string | undefined; dueDate?: Date | undefined; }[] | undefined'.
ERROR in client/src/pages/suppliers/components/ChecklistItemCard.tsx, column  line 221, column 15 error TS2322: Type ', column  line e: React.ChangeEvent<HTMLInputElement | {    name?: string;    value: unknown;}>) => void' is not assignable to type ', column  line event: SelectChangeEvent<string>, column  child: ReactNode) => void'.
  Types of parameters 'e' and 'event' are incompatible.
    Type 'SelectChangeEvent<string>' is not assignable to type 'ChangeEvent<HTMLInputElement | { name?: string | undefined; value: unknown; }>'.
      Type 'Event & { target: { value: string; name: string; }; }' is missing the following properties from type 'ChangeEvent<HTMLInputElement | { name?: string | undefined; value: unknown; }>': nativeEvent, column  isDefaultPrevented, column  isPropagationStopped, column  persist
ERROR in client/src/pages/suppliers/components/ChecklistItemCard.tsx, column  line 360, column 23 error TS2322: Type ', column  line e: React.ChangeEvent<HTMLInputElement | {    name?: string;    value: unknown;}>) => void' is not assignable to type ', column  line event: SelectChangeEvent<string>, column  child: ReactNode) => void'.
ERROR in client/src/pages/suppliers/components/ChecklistItemCard.tsx, column  line 392, column 23 error TS2322: Type ', column  line e: React.ChangeEvent<HTMLInputElement | {    name?: string;    value: unknown;}>) => void' is not assignable to type ', column  line event: SelectChangeEvent<"text" | "scale" | "yes-no" | "multiple-choice">, column  child: ReactNode) => void'.
  Types of parameters 'e' and 'event' are incompatible.
    Type 'SelectChangeEvent<"text" | "scale" | "yes-no" | "multiple-choice">' is not assignable to type 'ChangeEvent<HTMLInputElement | { name?: string | undefined; value: unknown; }>'.
      Type 'Event & { target: { value: "text" | "scale" | "yes-no" | "multiple-choice"; name: string; }; }' is missing the following properties from type 'ChangeEvent<HTMLInputElement | { name?: string | undefined; value: unknown; }>': nativeEvent, column  isDefaultPrevented, column  isPropagationStopped, column  persist
ERROR in client/src/pages/suppliers/components/ChecklistItemCard.tsx, column  line 466, column 21 error TS2322: Type ', column  line e: React.ChangeEvent<HTMLInputElement | {    name?: string;    value: unknown;}>) => void' is not assignable to type ', column  line event: SelectChangeEvent<any>, column  child: ReactNode) => void'.
  Types of parameters 'e' and 'event' are incompatible.
    Type 'SelectChangeEvent<any>' is not assignable to type 'ChangeEvent<HTMLInputElement | { name?: string | undefined; value: unknown; }>'.
      Type 'Event & { target: { value: any; name: string; }; }' is missing the following properties from type 'ChangeEvent<HTMLInputElement | { name?: string | undefined; value: unknown; }>': nativeEvent, column  isDefaultPrevented, column  isPropagationStopped, column  persist
ERROR in client/src/pages/suppliers/components/EnhancedSupplierForm.tsx, column  line 3, column 10 error TS2614: Module '"../../../components/common/FormBuilder"' has no exported member 'FormBuilder'. Did you mean to use 'import FormBuilder from "../../../components/common/FormBuilder"' instead?
ERROR in client/src/pages/suppliers/components/EnhancedSupplierForm.tsx, column  line 98, column 15 error TS2322: Type '"info"' is not assignable to type '"warning" | "error" | "success" | "none" | "validating" | undefined'.
ERROR in client/src/pages/suppliers/components/SupplierFormModal.tsx, column  line 161, column 52 error TS2304: Cannot find name 'error'.
ERROR in client/src/pages/suppliers/components/SupplierNetwork.tsx, column  line 168, column 29 error TS2339: Property 'tier' does not exist on type 'Supplier'.
ERROR in client/src/pages/suppliers/components/SupplierNetwork.tsx, column  line 184, column 20 error TS2339: Property 'customers' does not exist on type 'Supplier'.
ERROR in client/src/pages/suppliers/components/SupplierNetwork.tsx, column  line 184, column 42 error TS2339: Property 'customers' does not exist on type 'Supplier'.
ERROR in client/src/pages/suppliers/components/SupplierNetwork.tsx, column  line 185, column 18 error TS2339: Property 'customers' does not exist on type 'Supplier'.
ERROR in client/src/pages/suppliers/components/SupplierNetwork.tsx, column  line 185, column 36 error TS7006: Parameter 'customer' implicitly has an 'any' type.
ERROR in client/src/pages/suppliers/components/SupplierNetwork.tsx, column  line 211, column 61 error TS2339: Property 'tier' does not exist on type 'Supplier'.
ERROR in client/src/pages/suppliers/components/SupplierNetwork.tsx, column  line 226, column 61 error TS2339: Property 'tier' does not exist on type 'Supplier'.
ERROR in client/src/pages/suppliers/components/SupplierNetwork.tsx, column  line 262, column 33 error TS2339: Property 'tier' does not exist on type 'Supplier'.
ERROR in client/src/pages/suppliers/CreateSupplier.tsx, column  line 139, column 11 error TS2698: Spread types may only be created from object types.
ERROR in client/src/pages/suppliers/CreateSupplier.tsx, column  line 161, column 19 error TS2345: Argument of type ', column  line prev: { name: string; code: string; description: string; industry: string; status: string; website: string; contactName: string; contactEmail: string; contactPhone: string; address: { street: string; city: string; state: string; zipCode: string; country: string; }; qualifications: never[]; certifications: never[]; ...' is not assignable to parameter of type 'SetStateAction<{ name: string; code: string; description: string; industry: string; status: string; website: string; contactName: string; contactEmail: string; contactPhone: string; address: { street: string; city: string; state: string; zipCode: string; country: string; }; qualifications: never[]; certifications: n...'.
  Type ', column  line prev: { name: string; code: string; description: string; industry: string; status: string; website: string; contactName: string; contactEmail: string; contactPhone: string; address: { street: string; city: string; state: string; zipCode: string; country: string; }; qualifications: never[]; certifications: never[]; ...' is not assignable to type ', column  line prevState: { name: string; code: string; description: string; industry: string; status: string; website: string; contactName: string; contactEmail: string; contactPhone: string; address: { street: string; city: string; state: string; zipCode: string; country: string; }; qualifications: never[]; certifications: neve...'.
    Call signature return types '{ supplierTags: string[]; name: string; code: string; description: string; industry: string; status: string; website: string; contactName: string; contactEmail: string; contactPhone: string; address: { ...; }; qualifications: never[]; certifications: never[]; notes: string; }' and '{ name: string; code: string; description: string; industry: string; status: string; website: string; contactName: string; contactEmail: string; contactPhone: string; address: { street: string; city: string; state: string; zipCode: string; country: string; }; qualifications: never[]; certifications: never[]; notes: ...' are incompatible.
      The types of 'supplierTags' are incompatible between these types.
        Type 'string[]' is not assignable to type 'never[]'.
          Type 'string' is not assignable to type 'never'.
ERROR in client/src/pages/suppliers/CreateSupplier.tsx, column  line 169, column 19 error TS2345: Argument of type ', column  line prev: { name: string; code: string; description: string; industry: string; status: string; website: string; contactName: string; contactEmail: string; contactPhone: string; address: { street: string; city: string; state: string; zipCode: string; country: string; }; qualifications: never[]; certifications: never[]; ...' is not assignable to parameter of type 'SetStateAction<{ name: string; code: string; description: string; industry: string; status: string; website: string; contactName: string; contactEmail: string; contactPhone: string; address: { street: string; city: string; state: string; zipCode: string; country: string; }; qualifications: never[]; certifications: n...'.
  Type ', column  line prev: { name: string; code: string; description: string; industry: string; status: string; website: string; contactName: string; contactEmail: string; contactPhone: string; address: { street: string; city: string; state: string; zipCode: string; country: string; }; qualifications: never[]; certifications: never[]; ...' is not assignable to type ', column  line prevState: { name: string; code: string; description: string; industry: string; status: string; website: string; contactName: string; contactEmail: string; contactPhone: string; address: { street: string; city: string; state: string; zipCode: string; country: string; }; qualifications: never[]; certifications: neve...'.
    Call signature return types '{ certifications: string[]; name: string; code: string; description: string; industry: string; status: string; website: string; contactName: string; contactEmail: string; contactPhone: string; address: { ...; }; qualifications: never[]; notes: string; supplierTags: never[]; }' and '{ name: string; code: string; description: string; industry: string; status: string; website: string; contactName: string; contactEmail: string; contactPhone: string; address: { street: string; city: string; state: string; zipCode: string; country: string; }; qualifications: never[]; certifications: never[]; notes: ...' are incompatible.
      The types of 'certifications' are incompatible between these types.
        Type 'string[]' is not assignable to type 'never[]'.
ERROR in client/src/pages/suppliers/CreateSupplier.tsx, column  line 249, column 13 error TS2304: Cannot find name 'supplierService'.
ERROR in client/src/pages/suppliers/CreateSupplier.tsx, column  line 317, column 19 error TS2322: Type ', column  line e: React.ChangeEvent<HTMLInputElement> | SelectChangeEvent) => void' is not assignable to type 'ChangeEventHandler<HTMLTextAreaElement | HTMLInputElement>'.
  Types of parameters 'e' and 'event' are incompatible.
    Type 'ChangeEvent<HTMLTextAreaElement | HTMLInputElement>' is not assignable to type 'ChangeEvent<HTMLInputElement> | SelectChangeEvent<string>'.
      Type 'ChangeEvent<HTMLTextAreaElement | HTMLInputElement>' is not assignable to type 'ChangeEvent<HTMLInputElement>'.
        Type 'HTMLTextAreaElement | HTMLInputElement' is not assignable to type 'HTMLInputElement'.
          Type 'HTMLTextAreaElement' is missing the following properties from type 'HTMLInputElement': accept, column  align, column  alt, column  capture, column  and 27 more.
ERROR in client/src/pages/suppliers/CreateSupplier.tsx, column  line 331, column 19 error TS2322: Type ', column  line e: React.ChangeEvent<HTMLInputElement> | SelectChangeEvent) => void' is not assignable to type 'ChangeEventHandler<HTMLTextAreaElement | HTMLInputElement>'.
ERROR in client/src/pages/suppliers/CreateSupplier.tsx, column  line 345, column 19 error TS2322: Type ', column  line e: React.ChangeEvent<HTMLInputElement> | SelectChangeEvent) => void' is not assignable to type 'ChangeEventHandler<HTMLTextAreaElement | HTMLInputElement>'.
ERROR in client/src/pages/suppliers/CreateSupplier.tsx, column  line 394, column 19 error TS2322: Type ', column  line e: React.ChangeEvent<HTMLInputElement> | SelectChangeEvent) => void' is not assignable to type 'ChangeEventHandler<HTMLTextAreaElement | HTMLInputElement>'.
ERROR in client/src/pages/suppliers/CreateSupplier.tsx, column  line 413, column 19 error TS2322: Type ', column  line e: React.ChangeEvent<HTMLInputElement> | SelectChangeEvent) => void' is not assignable to type 'ChangeEventHandler<HTMLTextAreaElement | HTMLInputElement>'.
ERROR in client/src/pages/suppliers/CreateSupplier.tsx, column  line 425, column 19 error TS2322: Type ', column  line e: React.ChangeEvent<HTMLInputElement> | SelectChangeEvent) => void' is not assignable to type 'ChangeEventHandler<HTMLTextAreaElement | HTMLInputElement>'.
ERROR in client/src/pages/suppliers/CreateSupplier.tsx, column  line 437, column 19 error TS2322: Type ', column  line e: React.ChangeEvent<HTMLInputElement> | SelectChangeEvent) => void' is not assignable to type 'ChangeEventHandler<HTMLTextAreaElement | HTMLInputElement>'.
ERROR in client/src/pages/suppliers/CreateSupplier.tsx, column  line 457, column 19 error TS2322: Type ', column  line e: React.ChangeEvent<HTMLInputElement> | SelectChangeEvent) => void' is not assignable to type 'ChangeEventHandler<HTMLTextAreaElement | HTMLInputElement>'.
ERROR in client/src/pages/suppliers/CreateSupplier.tsx, column  line 467, column 19 error TS2322: Type ', column  line e: React.ChangeEvent<HTMLInputElement> | SelectChangeEvent) => void' is not assignable to type 'ChangeEventHandler<HTMLTextAreaElement | HTMLInputElement>'.
ERROR in client/src/pages/suppliers/CreateSupplier.tsx, column  line 477, column 19 error TS2322: Type ', column  line e: React.ChangeEvent<HTMLInputElement> | SelectChangeEvent) => void' is not assignable to type 'ChangeEventHandler<HTMLTextAreaElement | HTMLInputElement>'.
ERROR in client/src/pages/suppliers/CreateSupplier.tsx, column  line 487, column 19 error TS2322: Type ', column  line e: React.ChangeEvent<HTMLInputElement> | SelectChangeEvent) => void' is not assignable to type 'ChangeEventHandler<HTMLTextAreaElement | HTMLInputElement>'.
ERROR in client/src/pages/suppliers/CreateSupplier.tsx, column  line 497, column 19 error TS2322: Type ', column  line e: React.ChangeEvent<HTMLInputElement> | SelectChangeEvent) => void' is not assignable to type 'ChangeEventHandler<HTMLTextAreaElement | HTMLInputElement>'.
ERROR in client/src/pages/suppliers/CreateSupplier.tsx, column  line 579, column 19 error TS2322: Type ', column  line e: React.ChangeEvent<HTMLInputElement> | SelectChangeEvent) => void' is not assignable to type 'ChangeEventHandler<HTMLTextAreaElement | HTMLInputElement>'.
ERROR in client/src/pages/suppliers/EditSupplier.tsx, column  line 191, column 23 error TS2345: Argument of type '{ id: string; name: string; code: string; description: string; industry: string; status: string; website: string; contactName: string; contactEmail: string; contactPhone: string; address: { street: string; city: string; state: string; zipCode: string; country: string; }; qualifications: string[]; certifications: str...' is not assignable to parameter of type 'SetStateAction<FormValues>'.
  Type '{ id: string; name: string; code: string; description: string; industry: string; status: string; website: string; contactName: string; contactEmail: string; contactPhone: string; address: { street: string; city: string; state: string; zipCode: string; country: string; }; qualifications: string[]; certifications: str...' is not assignable to type 'FormValues'.
    Types of property 'status' are incompatible.
      Type 'string' is not assignable to type '"active" | "inactive" | "pending"'.
ERROR in client/src/pages/suppliers/EditSupplier.tsx, column  line 216, column 11 error TS2698: Spread types may only be created from object types.
ERROR in client/src/pages/suppliers/EditSupplier.tsx, column  line 304, column 44 error TS2345: Argument of type 'string | undefined' is not assignable to parameter of type 'string'.
  Type 'undefined' is not assignable to type 'string'.
ERROR in client/src/pages/suppliers/EditSupplier.tsx, column  line 397, column 19 error TS2322: Type ', column  line e: React.ChangeEvent<HTMLInputElement> | SelectChangeEvent) => void' is not assignable to type 'ChangeEventHandler<HTMLTextAreaElement | HTMLInputElement>'.
  Types of parameters 'e' and 'event' are incompatible.
    Type 'ChangeEvent<HTMLTextAreaElement | HTMLInputElement>' is not assignable to type 'ChangeEvent<HTMLInputElement> | SelectChangeEvent<string>'.
ERROR in client/src/pages/suppliers/EditSupplier.tsx, column  line 410, column 19 error TS2322: Type ', column  line e: React.ChangeEvent<HTMLInputElement> | SelectChangeEvent) => void' is not assignable to type 'ChangeEventHandler<HTMLTextAreaElement | HTMLInputElement>'.
ERROR in client/src/pages/suppliers/EditSupplier.tsx, column  line 424, column 19 error TS2322: Type ', column  line e: React.ChangeEvent<HTMLInputElement> | SelectChangeEvent) => void' is not assignable to type 'ChangeEventHandler<HTMLTextAreaElement | HTMLInputElement>'.
ERROR in client/src/pages/suppliers/EditSupplier.tsx, column  line 473, column 19 error TS2322: Type ', column  line e: React.ChangeEvent<HTMLInputElement> | SelectChangeEvent) => void' is not assignable to type 'ChangeEventHandler<HTMLTextAreaElement | HTMLInputElement>'.
ERROR in client/src/pages/suppliers/EditSupplier.tsx, column  line 492, column 19 error TS2322: Type ', column  line e: React.ChangeEvent<HTMLInputElement> | SelectChangeEvent) => void' is not assignable to type 'ChangeEventHandler<HTMLTextAreaElement | HTMLInputElement>'.
ERROR in client/src/pages/suppliers/EditSupplier.tsx, column  line 504, column 19 error TS2322: Type ', column  line e: React.ChangeEvent<HTMLInputElement> | SelectChangeEvent) => void' is not assignable to type 'ChangeEventHandler<HTMLTextAreaElement | HTMLInputElement>'.
ERROR in client/src/pages/suppliers/EditSupplier.tsx, column  line 516, column 19 error TS2322: Type ', column  line e: React.ChangeEvent<HTMLInputElement> | SelectChangeEvent) => void' is not assignable to type 'ChangeEventHandler<HTMLTextAreaElement | HTMLInputElement>'.
ERROR in client/src/pages/suppliers/EditSupplier.tsx, column  line 536, column 19 error TS2322: Type ', column  line e: React.ChangeEvent<HTMLInputElement> | SelectChangeEvent) => void' is not assignable to type 'ChangeEventHandler<HTMLTextAreaElement | HTMLInputElement>'.
ERROR in client/src/pages/suppliers/EditSupplier.tsx, column  line 546, column 19 error TS2322: Type ', column  line e: React.ChangeEvent<HTMLInputElement> | SelectChangeEvent) => void' is not assignable to type 'ChangeEventHandler<HTMLTextAreaElement | HTMLInputElement>'.
ERROR in client/src/pages/suppliers/EditSupplier.tsx, column  line 556, column 19 error TS2322: Type ', column  line e: React.ChangeEvent<HTMLInputElement> | SelectChangeEvent) => void' is not assignable to type 'ChangeEventHandler<HTMLTextAreaElement | HTMLInputElement>'.
ERROR in client/src/pages/suppliers/EditSupplier.tsx, column  line 566, column 19 error TS2322: Type ', column  line e: React.ChangeEvent<HTMLInputElement> | SelectChangeEvent) => void' is not assignable to type 'ChangeEventHandler<HTMLTextAreaElement | HTMLInputElement>'.
ERROR in client/src/pages/suppliers/EditSupplier.tsx, column  line 576, column 19 error TS2322: Type ', column  line e: React.ChangeEvent<HTMLInputElement> | SelectChangeEvent) => void' is not assignable to type 'ChangeEventHandler<HTMLTextAreaElement | HTMLInputElement>'.
ERROR in client/src/pages/suppliers/EditSupplier.tsx, column  line 658, column 19 error TS2322: Type ', column  line e: React.ChangeEvent<HTMLInputElement> | SelectChangeEvent) => void' is not assignable to type 'ChangeEventHandler<HTMLTextAreaElement | HTMLInputElement>'.
ERROR in client/src/pages/suppliers/hooks/useRiskAssessment.ts, column  line 88, column 31 error TS2339: Property 'data' does not exist on type 'SupplierListResponse'.
ERROR in client/src/pages/suppliers/hooks/useRiskAssessment.ts, column  line 200, column 50 error TS7006: Parameter 'a' implicitly has an 'any' type.
ERROR in client/src/pages/suppliers/hooks/useRiskAssessment.ts, column  line 200, column 53 error TS7006: Parameter 'b' implicitly has an 'any' type.
ERROR in client/src/pages/suppliers/hooks/useSupplierAudit.ts, column  line 148, column 31 error TS2339: Property 'data' does not exist on type 'SupplierListResponse'.
ERROR in client/src/pages/suppliers/hooks/useSupplierAudit.ts, column  line 150, column 52 error TS2304: Cannot find name 'err'.
ERROR in client/src/pages/suppliers/hooks/useSupplierAudit.ts, column  line 167, column 62 error TS2304: Cannot find name 'err'.
ERROR in client/src/pages/suppliers/hooks/useSupplierAudit.ts, column  line 183, column 56 error TS2304: Cannot find name 'err'.
ERROR in client/src/pages/suppliers/hooks/useSupplierAudit.ts, column  line 230, column 46 error TS2304: Cannot find name 'err'.
ERROR in client/src/pages/suppliers/hooks/useSupplierAudit.ts, column  line 258, column 46 error TS2304: Cannot find name 'err'.
ERROR in client/src/pages/suppliers/hooks/useSupplierAudit.ts, column  line 283, column 46 error TS2304: Cannot find name 'err'.
ERROR in client/src/pages/suppliers/hooks/useSupplierAudit.ts, column  line 303, column 53 error TS2304: Cannot find name 'err'.
ERROR in client/src/pages/suppliers/hooks/useSupplierAudit.ts, column  line 335, column 86 error TS2339: Property '0' does not exist on type '{ type: "observation" | "minor-nc" | "major-nc" | "critical-nc"; description?: string | undefined; correctiveAction?: string | undefined; dueDate?: Date | undefined; }[] | undefined'.
ERROR in client/src/pages/suppliers/hooks/useSupplierMetrics.ts, column  line 46, column 59 error TS2304: Cannot find name 'err'.
ERROR in client/src/pages/suppliers/SupplierAnalyticsPage.tsx, column  line 78, column 42 error TS2551: Property 'getSupplierById' does not exist on type 'SupplierService'. Did you mean 'getSupplier'?
ERROR in client/src/pages/suppliers/SupplierAuditChecklist.tsx, column  line 242, column 17 error TS2322: Type ', column  line e: React.ChangeEvent<HTMLInputElement | {    name?: string;    value: unknown;}>) => void' is not assignable to type ', column  line event: SelectChangeEvent<"initial" | "surveillance" | "recertification" | "follow-up" | "special">, column  child: ReactNode) => void'.
  Types of parameters 'e' and 'event' are incompatible.
    Type 'SelectChangeEvent<"initial" | "surveillance" | "recertification" | "follow-up" | "special">' is not assignable to type 'ChangeEvent<HTMLInputElement | { name?: string | undefined; value: unknown; }>'.
      Type 'Event & { target: { value: "initial" | "surveillance" | "recertification" | "follow-up" | "special"; name: string; }; }' is missing the following properties from type 'ChangeEvent<HTMLInputElement | { name?: string | undefined; value: unknown; }>': nativeEvent, column  isDefaultPrevented, column  isPropagationStopped, column  persist
ERROR in client/src/pages/suppliers/SupplierAuditChecklist.tsx, column  line 292, column 17 error TS2322: Type ', column  line e: React.ChangeEvent<HTMLInputElement | {    name?: string;    value: unknown;}>) => void' is not assignable to type ', column  line event: SelectChangeEvent<"in-progress" | "completed" | "cancelled" | "delayed" | "planned">, column  child: ReactNode) => void'.
  Types of parameters 'e' and 'event' are incompatible.
    Type 'SelectChangeEvent<"in-progress" | "completed" | "cancelled" | "delayed" | "planned">' is not assignable to type 'ChangeEvent<HTMLInputElement | { name?: string | undefined; value: unknown; }>'.
      Type 'Event & { target: { value: "in-progress" | "completed" | "cancelled" | "delayed" | "planned"; name: string; }; }' is missing the following properties from type 'ChangeEvent<HTMLInputElement | { name?: string | undefined; value: unknown; }>': nativeEvent, column  isDefaultPrevented, column  isPropagationStopped, column  persist
ERROR in client/src/service-worker.ts, column  line 120, column 13 error TS2722: Cannot invoke an object which is possibly 'undefined'.
ERROR in client/src/services/api.ts, column  line 634, column 31 error TS2345: Argument of type 'NonNullable<T> | ApiResponse<T>' is not assignable to parameter of type 'T'.
  'T' could be instantiated with an arbitrary type which could be unrelated to 'NonNullable<T> | ApiResponse<T>'.
ERROR in client/src/services/customer.service.ts, column  line 2, column 28 error TS2724: '"../types/api"' has no exported member named 'ApiResponseData'. Did you mean 'ApiResponse'?
ERROR in client/src/services/erpService.ts, column  line 114, column 12 error TS18046: 'response' is of type 'unknown'.
ERROR in client/src/services/erpService.ts, column  line 125, column 12 error TS18046: 'response' is of type 'unknown'.
ERROR in client/src/services/erpService.ts, column  line 136, column 12 error TS18046: 'response' is of type 'unknown'.
ERROR in client/src/services/erpService.ts, column  line 147, column 12 error TS18046: 'response' is of type 'unknown'.
ERROR in client/src/services/erpService.ts, column  line 158, column 12 error TS18046: 'response' is of type 'unknown'.
ERROR in client/src/services/erpService.ts, column  line 170, column 12 error TS18046: 'response' is of type 'unknown'.
ERROR in client/src/services/erpService.ts, column  line 181, column 12 error TS18046: 'response' is of type 'unknown'.
ERROR in client/src/services/erpService.ts, column  line 193, column 12 error TS18046: 'response' is of type 'unknown'.
ERROR in client/src/services/erpService.ts, column  line 204, column 12 error TS18046: 'response' is of type 'unknown'.
ERROR in client/src/services/erpService.ts, column  line 216, column 12 error TS18046: 'response' is of type 'unknown'.
ERROR in client/src/services/erpService.ts, column  line 227, column 12 error TS18046: 'response' is of type 'unknown'.
ERROR in client/src/services/erpService.ts, column  line 238, column 12 error TS18046: 'response' is of type 'unknown'.
ERROR in client/src/services/erpService.ts, column  line 249, column 12 error TS18046: 'response' is of type 'unknown'.
ERROR in client/src/services/erpService.ts, column  line 260, column 5 error TS2322: Type 'unknown' is not assignable to type 'SyncResult'.
ERROR in client/src/services/erpService.ts, column  line 271, column 5 error TS2322: Type 'unknown' is not assignable to type 'SyncResult'.
ERROR in client/src/services/feedback.service.ts, column  line 169, column 12 error TS18046: 'response' is of type 'unknown'.
ERROR in client/src/services/feedback.service.ts, column  line 177, column 12 error TS18046: 'response' is of type 'unknown'.
ERROR in client/src/services/feedback.service.ts, column  line 185, column 5 error TS2322: Type 'unknown' is not assignable to type 'FeedbackListResponse'.
ERROR in client/src/services/feedback.service.ts, column  line 193, column 12 error TS18046: 'response' is of type 'unknown'.
ERROR in client/src/services/feedback.service.ts, column  line 208, column 12 error TS18046: 'response' is of type 'unknown'.
ERROR in client/src/services/feedback.service.ts, column  line 216, column 5 error TS2322: Type 'unknown' is not assignable to type 'FeedbackListResponse'.
ERROR in client/src/services/inspection.service.ts, column  line 68, column 5 error TS2322: Type 'unknown' is not assignable to type 'InspectionListResponse'.
ERROR in client/src/services/inspection.service.ts, column  line 76, column 5 error TS2322: Type 'unknown' is not assignable to type 'Inspection'.
ERROR in client/src/services/inspection.service.ts, column  line 84, column 5 error TS2322: Type 'unknown' is not assignable to type 'Inspection'.
ERROR in client/src/services/inspection.service.ts, column  line 92, column 5 error TS2322: Type 'unknown' is not assignable to type 'Inspection'.
ERROR in client/src/services/inspection.service.ts, column  line 100, column 5 error TS2322: Type 'unknown' is not assignable to type '{ success: boolean; message: string; }'.
ERROR in client/src/services/inspection.service.ts, column  line 113, column 5 error TS2322: Type 'unknown' is not assignable to type 'Inspection'.
ERROR in client/src/services/inspection.service.ts, column  line 130, column 5 error TS2322: Type 'unknown' is not assignable to type 'Inspection'.
ERROR in client/src/services/inspection.service.ts, column  line 146, column 5 error TS2322: Type 'unknown' is not assignable to type 'Inspection'.
ERROR in client/src/services/inspection.service.ts, column  line 154, column 5 error TS2322: Type 'unknown' is not assignable to type 'Inspection'.
ERROR in client/src/services/inspection.service.ts, column  line 170, column 5 error TS2322: Type 'unknown' is not assignable to type '{ total: number; scheduled: number; inProgress: number; completed: number; cancelled: number; byType: { [type: string]: number; }; byPriority: { [priority: string]: number; }; }'.
ERROR in client/src/services/inspection.service.ts, column  line 234, column 7 error TS2322: Type 'unknown' is not assignable to type 'Inspection'.
ERROR in client/src/services/inspection.service.ts, column  line 252, column 7 error TS2322: Type 'unknown' is not assignable to type 'Inspection'.
ERROR in client/src/services/report.service.ts, column  line 352, column 12 error TS18046: 'response' is of type 'unknown'.
ERROR in client/src/services/report.service.ts, column  line 357, column 12 error TS18046: 'response' is of type 'unknown'.
ERROR in client/src/services/supplier.service.ts, column  line 148, column 7 error TS2322: Type 'unknown' is not assignable to type 'SupplierListResponse'.
ERROR in client/src/services/supplier.service.ts, column  line 161, column 7 error TS2322: Type 'unknown' is not assignable to type 'Supplier'.
ERROR in client/src/services/supplier.service.ts, column  line 174, column 7 error TS2322: Type 'unknown' is not assignable to type 'Supplier'.
ERROR in client/src/services/supplier.service.ts, column  line 187, column 7 error TS2322: Type 'unknown' is not assignable to type 'Supplier'.
ERROR in client/src/services/supplier.service.ts, column  line 220, column 7 error TS2322: Type 'unknown' is not assignable to type '{ logoUrl: string; }'.
ERROR in client/src/services/supplier.service.ts, column  line 236, column 7 error TS2322: Type 'unknown' is not assignable to type 'SupplierAnalyticsData'.
ERROR in client/src/services/supplier.service.ts, column  line 252, column 7 error TS2322: Type 'unknown' is not assignable to type 'SupplierPerformanceData'.
ERROR in client/src/services/supplier.service.ts, column  line 295, column 7 error TS2322: Type 'unknown' is not assignable to type '{ success: boolean; message: string; }'.
ERROR in client/src/services/supplier.service.ts, column  line 309, column 7 error TS2322: Type 'unknown' is not assignable to type '{ success: boolean; message: string; }'.
ERROR in client/src/services/supplier.service.ts, column  line 323, column 7 error TS2322: Type 'unknown' is not assignable to type 'Supplier'.
ERROR in client/src/services/user.service.ts, column  line 38, column 12 error TS18046: 'response' is of type 'unknown'.
ERROR in client/src/services/user.service.ts, column  line 46, column 12 error TS18046: 'response' is of type 'unknown'.
ERROR in client/src/services/user.service.ts, column  line 54, column 12 error TS18046: 'response' is of type 'unknown'.
ERROR in client/src/services/user.service.ts, column  line 66, column 12 error TS18046: 'response' is of type 'unknown'.
ERROR in client/src/services/user.service.ts, column  line 74, column 12 error TS18046: 'response' is of type 'unknown'.
ERROR in client/src/services/user.service.ts, column  line 82, column 12 error TS18046: 'response' is of type 'unknown'.
ERROR in client/src/services/user.service.ts, column  line 93, column 12 error TS18046: 'response' is of type 'unknown'.
ERROR in client/src/services/userAnalytics.service.ts, column  line 176, column 12 error TS18046: 'response' is of type 'unknown'.
ERROR in client/src/services/userAnalytics.service.ts, column  line 192, column 12 error TS18046: 'response' is of type 'unknown'.
ERROR in client/src/services/userAnalytics.service.ts, column  line 208, column 12 error TS18046: 'response' is of type 'unknown'.
ERROR in client/src/test-utils/advanced-router-wrapper.tsx, column  line 130, column 29 error TS2322: Type '{ children: Element; adapter: { update: , column  line params: Record<string, column  any>) => void; remove: , column  line paramNames: string[]) => void; parse: , column  line ) => Record<string, column  any>; }; }' is not assignable to type 'IntrinsicAttributes & { children: ReactNode; ReactRouterRoute?: any; }'.
  Property 'adapter' does not exist on type 'IntrinsicAttributes & { children: ReactNode; ReactRouterRoute?: any; }'.
ERROR in client/src/test-utils/advanced-router-wrapper.tsx, column  line 203, column 29 error TS2322: Type '{ children: Element; adapter: { update: , column  line params: Record<string, column  any>) => void; remove: , column  line paramNames: string[]) => void; parse: , column  line ) => Record<string, column  any>; }; }' is not assignable to type 'IntrinsicAttributes & { children: ReactNode; ReactRouterRoute?: any; }'.
  Property 'adapter' does not exist on type 'IntrinsicAttributes & { children: ReactNode; ReactRouterRoute?: any; }'.
ERROR in client/src/utils/accessibilityThemeHelper.ts, column  line 58, column 48 error TS2339: Property 'main' does not exist on type 'PaletteColorOptions'.
  Property 'main' does not exist on type 'Partial<Color>'.
ERROR in client/src/utils/accessibilityThemeHelper.ts, column  line 59, column 52 error TS2339: Property 'main' does not exist on type 'PaletteColorOptions'.
  Property 'main' does not exist on type 'Partial<Color>'.
ERROR in client/src/utils/accessibilityThemeHelper.ts, column  line 60, column 44 error TS2339: Property 'main' does not exist on type 'PaletteColorOptions'.
  Property 'main' does not exist on type 'Partial<Color>'.
ERROR in client/src/utils/accessibilityThemeHelper.ts, column  line 61, column 48 error TS2339: Property 'main' does not exist on type 'PaletteColorOptions'.
  Property 'main' does not exist on type 'Partial<Color>'.
ERROR in client/src/utils/accessibilityThemeHelper.ts, column  line 62, column 42 error TS2339: Property 'main' does not exist on type 'PaletteColorOptions'.
  Property 'main' does not exist on type 'Partial<Color>'.
ERROR in client/src/utils/accessibilityThemeHelper.ts, column  line 63, column 48 error TS2339: Property 'main' does not exist on type 'PaletteColorOptions'.
  Property 'main' does not exist on type 'Partial<Color>'.
ERROR in client/src/utils/accessibilityThemeHelper.ts, column  line 125, column 31 error TS2339: Property 'contrastText' does not exist on type 'PaletteColorOptions'.
  Property 'contrastText' does not exist on type 'Partial<Color>'.
ERROR in client/src/utils/accessibilityThemeHelper.ts, column  line 127, column 33 error TS2339: Property 'contrastText' does not exist on type 'PaletteColorOptions'.
  Property 'contrastText' does not exist on type 'Partial<Color>'.
ERROR in client/src/utils/accessibilityThemeHelper.ts, column  line 129, column 29 error TS2339: Property 'contrastText' does not exist on type 'PaletteColorOptions'.
  Property 'contrastText' does not exist on type 'Partial<Color>'.
ERROR in client/src/utils/accessibilityThemeHelper.ts, column  line 131, column 31 error TS2339: Property 'contrastText' does not exist on type 'PaletteColorOptions'.
  Property 'contrastText' does not exist on type 'Partial<Color>'.
ERROR in client/src/utils/accessibilityThemeHelper.ts, column  line 133, column 28 error TS2339: Property 'contrastText' does not exist on type 'PaletteColorOptions'.
  Property 'contrastText' does not exist on type 'Partial<Color>'.
ERROR in client/src/utils/accessibilityThemeHelper.ts, column  line 135, column 31 error TS2339: Property 'contrastText' does not exist on type 'PaletteColorOptions'.
  Property 'contrastText' does not exist on type 'Partial<Color>'.
ERROR in client/src/utils/accessibilityThemeHelper.ts, column  line 195, column 51 error TS2339: Property 'contrastText' does not exist on type 'PaletteColorOptions'.
  Property 'contrastText' does not exist on type 'Partial<Color>'.
ERROR in client/src/utils/accessibilityThemeHelper.ts, column  line 199, column 34 error TS2339: Property 'main' does not exist on type 'PaletteColorOptions'.
  Property 'main' does not exist on type 'Partial<Color>'.
ERROR in client/src/utils/accessibilityThemeHelper.ts, column  line 201, column 53 error TS2339: Property 'contrastText' does not exist on type 'PaletteColorOptions'.
  Property 'contrastText' does not exist on type 'Partial<Color>'.
ERROR in client/src/utils/accessibilityThemeHelper.ts, column  line 205, column 36 error TS2339: Property 'main' does not exist on type 'PaletteColorOptions'.
  Property 'main' does not exist on type 'Partial<Color>'.
ERROR in client/src/utils/accessibilityThemeHelper.ts, column  line 207, column 49 error TS2339: Property 'contrastText' does not exist on type 'PaletteColorOptions'.
  Property 'contrastText' does not exist on type 'Partial<Color>'.
ERROR in client/src/utils/accessibilityThemeHelper.ts, column  line 211, column 32 error TS2339: Property 'main' does not exist on type 'PaletteColorOptions'.
  Property 'main' does not exist on type 'Partial<Color>'.
ERROR in client/src/utils/accessibilityThemeHelper.ts, column  line 213, column 51 error TS2339: Property 'contrastText' does not exist on type 'PaletteColorOptions'.
  Property 'contrastText' does not exist on type 'Partial<Color>'.
ERROR in client/src/utils/accessibilityThemeHelper.ts, column  line 217, column 34 error TS2339: Property 'main' does not exist on type 'PaletteColorOptions'.
  Property 'main' does not exist on type 'Partial<Color>'.
ERROR in client/src/utils/accessibilityThemeHelper.ts, column  line 219, column 48 error TS2339: Property 'contrastText' does not exist on type 'PaletteColorOptions'.
  Property 'contrastText' does not exist on type 'Partial<Color>'.
ERROR in client/src/utils/accessibilityThemeHelper.ts, column  line 223, column 31 error TS2339: Property 'main' does not exist on type 'PaletteColorOptions'.
  Property 'main' does not exist on type 'Partial<Color>'.
ERROR in client/src/utils/accessibilityThemeHelper.ts, column  line 225, column 51 error TS2339: Property 'contrastText' does not exist on type 'PaletteColorOptions'.
  Property 'contrastText' does not exist on type 'Partial<Color>'.
ERROR in client/src/utils/accessibilityThemeHelper.ts, column  line 229, column 34 error TS2339: Property 'main' does not exist on type 'PaletteColorOptions'.
  Property 'main' does not exist on type 'Partial<Color>'.
ERROR in client/src/utils/auth.ts, column  line 134, column 12 error TS18046: 'response' is of type 'unknown'.
ERROR in client/src/utils/bundleOptimization.ts, column  line 135, column 53 error TS2362: The left-hand side of an arithmetic operation must be of type 'any', column  'number', column  'bigint' or an enum type.
ERROR in client/src/utils/bundleOptimization.ts, column  line 135, column 66 error TS2363: The right-hand side of an arithmetic operation must be of type 'any', column  'number', column  'bigint' or an enum type.
ERROR in client/src/utils/codeSplitting.tsx, column  line 191, column 38 error TS2339: Property '__webpackChunkName' does not exist on type '{ default: T; }'.
ERROR in client/src/utils/codeSplitting.tsx, column  line 194, column 49 error TS2339: Property '__webpackChunkName' does not exist on type '{ default: T; }'.
ERROR in client/src/utils/codeSplitting.tsx, column  line 314, column 3 error TS2322: Type 'FC<CustomComponentPropsWithRef<T>>' is not assignable to type 'FC<ComponentProps<T>>'.
  Types of parameters 'props' and 'props' are incompatible.
    Type 'ComponentProps<T>' is not assignable to type 'CustomComponentPropsWithRef<T>'.
      Type 'unknown' is not assignable to type 'CustomComponentPropsWithRef<T>'.
ERROR in client/src/utils/codeSplitting.tsx, column  line 389, column 11 error TS2339: Property 'ref' does not exist on type 'InViewHookResponse'.
ERROR in client/src/utils/codeSplitting.tsx, column  line 389, column 16 error TS2339: Property 'inView' does not exist on type 'InViewHookResponse'.
ERROR in client/src/utils/codeSplitting.tsx, column  line 401, column 20 error TS2345: Argument of type ', column  line ) => React.FC<React.CustomComponentPropsWithRef<T>>' is not assignable to parameter of type 'SetStateAction<FC<ComponentProps<T>> | null>'.
  Type ', column  line ) => React.FC<React.CustomComponentPropsWithRef<T>>' is not assignable to type 'FC<ComponentProps<T>>'.
    Type 'FunctionComponent<CustomComponentPropsWithRef<T>>' is missing the following properties from type 'ReactElement<any, column  any>': type, column  props, column  key
ERROR in client/src/utils/colorContrastChecker.test.ts, column  line 3, column 3 error TS2614: Module '"./colorContrastChecker"' has no exported member 'calculateLuminance'. Did you mean to use 'import calculateLuminance from "./colorContrastChecker"' instead?
ERROR in client/src/utils/colorContrastChecker.test.ts, column  line 4, column 3 error TS2614: Module '"./colorContrastChecker"' has no exported member 'calculateContrastRatio'. Did you mean to use 'import calculateContrastRatio from "./colorContrastChecker"' instead?
ERROR in client/src/utils/colorContrastChecker.test.ts, column  line 5, column 3 error TS2614: Module '"./colorContrastChecker"' has no exported member 'ContrastLevel'. Did you mean to use 'import ContrastLevel from "./colorContrastChecker"' instead?
ERROR in client/src/utils/colorContrastChecker.test.ts, column  line 6, column 3 error TS2614: Module '"./colorContrastChecker"' has no exported member 'passesContrastCheck'. Did you mean to use 'import passesContrastCheck from "./colorContrastChecker"' instead?
ERROR in client/src/utils/colorContrastChecker.test.ts, column  line 7, column 3 error TS2614: Module '"./colorContrastChecker"' has no exported member 'getContrastCheckResult'. Did you mean to use 'import getContrastCheckResult from "./colorContrastChecker"' instead?
ERROR in client/src/utils/componentSplitting.tsx, column  line 154, column 64 error TS2322: Type 'ComponentType<{ error: Error; retry: , column  line ) => void; }> | undefined' is not assignable to type 'ReactNode'.
  Type 'ComponentClass<{ error: Error; retry: , column  line ) => void; }, column  any>' is not assignable to type 'ReactNode'.
ERROR in client/src/utils/progressiveLoader.ts, column  line 349, column 5 error TS2717: Subsequent property declarations must have the same type.  Property 'requestIdleCallback' must be of type ', column  line callback: IdleRequestCallback, column  options?: IdleRequestOptions | undefined) => number', column  but here has type ', column  line callback: , column  line deadline: { didTimeout: boolean; timeRemaining: , column  line ) => number; }) => void, column  options?: { timeout: number; } | undefined) => number'.
ERROR in client/src/utils/seo.tsx, column  line 63, column 6 error TS2786: 'Helmet' cannot be used as a JSX component.
  Its instance type 'Helmet' is not a valid JSX element.
