npm warn config ignoring workspace config at /Users/tannercoker/AeroSuite-main/client/.npmrc
src/__tests__/components/Chart.test.tsx(8,10): error TS7006: Parameter 'props' implicitly has an 'any' type.
src/__tests__/components/Chart.test.tsx(9,9): error TS7006: Parameter 'props' implicitly has an 'any' type.
src/__tests__/components/Chart.test.tsx(10,9): error TS7006: Parameter 'props' implicitly has an 'any' type.
src/__tests__/components/Chart.test.tsx(11,14): error TS7006: Parameter 'props' implicitly has an 'any' type.
src/__tests__/components/Chart.test.tsx(12,11): error TS7006: Parameter 'props' implicitly has an 'any' type.
src/__tests__/components/Chart.test.tsx(258,9): error TS2322: Type '{ type: "line"; data: { labels: string[]; datasets: { label: string; data: number[]; borderColor: string; tension: number; }[]; }; title: string; height: number; sx: { backgroundColor: string; borderRadius: string; }; }' is not assignable to type 'IntrinsicAttributes & ChartProps'.
  Property 'sx' does not exist on type 'IntrinsicAttributes & ChartProps'.
src/__tests__/components/FiltersToolbar.test.tsx(38,7): error TS2322: Type '{ id: string; label: string; type: FilterType; placeholder: string; }' is not assignable to type 'FilterDefinition'.
  Object literal may only specify known properties, and 'placeholder' does not exist in type 'FilterDefinition'.
src/__tests__/components/FiltersToolbar.test.tsx(185,9): error TS2322: Type '{ filters: FilterDefinition[]; onFilterChange: Mock<any, any>; showClearButton: boolean; }' is not assignable to type 'IntrinsicAttributes & FiltersToolbarProps'.
  Property 'showClearButton' does not exist on type 'IntrinsicAttributes & FiltersToolbarProps'. Did you mean 'showFilterButton'?
src/__tests__/components/FiltersToolbar.test.tsx(215,9): error TS2322: Type '{ filters: FilterDefinition[]; initialValues: { status: string; search: string; isVerified: boolean; }; onFilterChange: () => void; }' is not assignable to type 'IntrinsicAttributes & FiltersToolbarProps'.
  Property 'initialValues' does not exist on type 'IntrinsicAttributes & FiltersToolbarProps'.
src/__tests__/components/FiltersToolbar.test.tsx(241,9): error TS2322: Type '{ filters: FilterDefinition[]; initialValues: { status: string; category: string[]; isVerified: boolean; }; onFilterChange: () => void; showFilterCount: boolean; }' is not assignable to type 'IntrinsicAttributes & FiltersToolbarProps'.
  Property 'initialValues' does not exist on type 'IntrinsicAttributes & FiltersToolbarProps'.
src/__tests__/components/FiltersToolbar.test.tsx(256,9): error TS2322: Type '{ filters: FilterDefinition[]; onFilterChange: () => void; compact: boolean; }' is not assignable to type 'IntrinsicAttributes & FiltersToolbarProps'.
  Property 'compact' does not exist on type 'IntrinsicAttributes & FiltersToolbarProps'.
src/__tests__/components/FiltersToolbar.test.tsx(279,9): error TS2322: Type '{ filters: FilterDefinition[]; onFilterChange: () => void; sx: { backgroundColor: string; padding: string; }; }' is not assignable to type 'IntrinsicAttributes & FiltersToolbarProps'.
  Property 'sx' does not exist on type 'IntrinsicAttributes & FiltersToolbarProps'.
src/__tests__/components/FormBuilder.test.tsx(116,9): error TS2322: Type '{ title: string; fields: ({ name: string; label: string; type: string; required: boolean; placeholder: string; validation: { required: string; minLength: { value: number; message: string; }; pattern?: undefined; min?: undefined; maxLength?: undefined; }; options?: undefined; } | ... 5 more ... | { ...; })[]; default...' is not assignable to type 'IntrinsicAttributes & FormBuilderProps'.
  Property 'fields' does not exist on type 'IntrinsicAttributes & FormBuilderProps'.
src/__tests__/components/FormBuilder.test.tsx(145,9): error TS2322: Type '{ title: string; fields: ({ name: string; label: string; type: string; required: boolean; placeholder: string; validation: { required: string; minLength: { value: number; message: string; }; pattern?: undefined; min?: undefined; maxLength?: undefined; }; options?: undefined; } | ... 5 more ... | { ...; })[]; default...' is not assignable to type 'IntrinsicAttributes & FormBuilderProps'.
  Property 'fields' does not exist on type 'IntrinsicAttributes & FormBuilderProps'.
src/__tests__/components/FormBuilder.test.tsx(180,9): error TS2322: Type '{ title: string; fields: ({ name: string; label: string; type: string; required: boolean; placeholder: string; validation: { required: string; minLength: { value: number; message: string; }; pattern?: undefined; min?: undefined; maxLength?: undefined; }; options?: undefined; } | ... 5 more ... | { ...; })[]; default...' is not assignable to type 'IntrinsicAttributes & FormBuilderProps'.
  Property 'fields' does not exist on type 'IntrinsicAttributes & FormBuilderProps'.
src/__tests__/components/FormBuilder.test.tsx(216,9): error TS2322: Type '{ title: string; fields: ({ name: string; label: string; type: string; required: boolean; placeholder: string; validation: { required: string; minLength: { value: number; message: string; }; pattern?: undefined; min?: undefined; maxLength?: undefined; }; options?: undefined; } | ... 5 more ... | { ...; })[]; default...' is not assignable to type 'IntrinsicAttributes & FormBuilderProps'.
  Property 'fields' does not exist on type 'IntrinsicAttributes & FormBuilderProps'.
src/__tests__/components/FormBuilder.test.tsx(254,9): error TS2322: Type '{ title: string; fields: ({ name: string; label: string; type: string; required: boolean; placeholder: string; validation: { required: string; minLength: { value: number; message: string; }; pattern?: undefined; min?: undefined; maxLength?: undefined; }; options?: undefined; } | ... 5 more ... | { ...; })[]; default...' is not assignable to type 'IntrinsicAttributes & FormBuilderProps'.
  Property 'fields' does not exist on type 'IntrinsicAttributes & FormBuilderProps'.
src/__tests__/components/FormBuilder.test.tsx(274,9): error TS2322: Type '{ title: string; fields: ({ name: string; label: string; type: string; required: boolean; placeholder: string; validation: { required: string; minLength: { value: number; message: string; }; pattern?: undefined; min?: undefined; maxLength?: undefined; }; options?: undefined; } | ... 5 more ... | { ...; })[]; default...' is not assignable to type 'IntrinsicAttributes & FormBuilderProps'.
  Property 'fields' does not exist on type 'IntrinsicAttributes & FormBuilderProps'.
src/__tests__/components/FormBuilder.test.tsx(288,9): error TS2322: Type '{ title: string; fields: ({ name: string; label: string; type: string; required: boolean; placeholder: string; validation: { required: string; minLength: { value: number; message: string; }; pattern?: undefined; min?: undefined; maxLength?: undefined; }; options?: undefined; } | ... 5 more ... | { ...; })[]; default...' is not assignable to type 'IntrinsicAttributes & FormBuilderProps'.
  Property 'fields' does not exist on type 'IntrinsicAttributes & FormBuilderProps'.
src/__tests__/components/FormBuilder.test.tsx(305,9): error TS2322: Type '{ title: string; fields: ({ name: string; label: string; type: string; required: boolean; placeholder: string; validation: { required: string; minLength: { value: number; message: string; }; pattern?: undefined; min?: undefined; maxLength?: undefined; }; options?: undefined; } | ... 5 more ... | { ...; })[]; default...' is not assignable to type 'IntrinsicAttributes & FormBuilderProps'.
  Property 'fields' does not exist on type 'IntrinsicAttributes & FormBuilderProps'.
src/__tests__/components/FormBuilder.test.tsx(326,9): error TS2322: Type '{ title: string; fields: ({ name: string; label: string; type: string; required: boolean; placeholder: string; validation: { required: string; minLength: { value: number; message: string; }; pattern?: undefined; min?: undefined; maxLength?: undefined; }; options?: undefined; } | ... 5 more ... | { ...; })[]; default...' is not assignable to type 'IntrinsicAttributes & FormBuilderProps'.
  Property 'fields' does not exist on type 'IntrinsicAttributes & FormBuilderProps'.
src/__tests__/test-utils.tsx(54,12): error TS2786: 'SnackbarProvider' cannot be used as a JSX component.
  Its instance type 'SnackbarProvider' is not a valid JSX element.
    Property 'refs' is missing in type 'SnackbarProvider' but required in type 'ElementClass'.
src/App.tsx(26,12): error TS2786: 'HelmetProvider' cannot be used as a JSX component.
  Its instance type 'HelmetProvider' is not a valid JSX element.
    Property 'refs' is missing in type 'HelmetProvider' but required in type 'ElementClass'.
src/App.tsx(27,14): error TS2786: 'SnackbarProvider' cannot be used as a JSX component.
  Its instance type 'SnackbarProvider' is not a valid JSX element.
    Property 'refs' is missing in type 'SnackbarProvider' but required in type 'ElementClass'.
src/components/auth/TwoFactorSetup.tsx(73,19): error TS2345: Argument of type 'string | undefined' is not assignable to parameter of type 'SetStateAction<string | null>'.
  Type 'undefined' is not assignable to type 'SetStateAction<string | null>'.
src/components/auth/TwoFactorSetup.tsx(74,19): error TS2345: Argument of type 'string | undefined' is not assignable to parameter of type 'SetStateAction<string | null>'.
src/components/common/AnimatedButton.tsx(214,5): error TS2769: No overload matches this call.
  Overload 3 of 3, '(props: DefaultComponentProps<ExtendButtonBaseTypeMap<ButtonTypeMap<{}, "button">>>): Element | null', gave the following error.
    Type 'string | SystemCssProperties<Theme> | CSSSelectorObjectOrCssVariables<Theme> | readonly (Position | readonly NonNullable<...>[] | null | undefined)[] | { ...; } | ((theme: Theme) => ResponsiveStyleValue<...>) | null' is not assignable to type 'SystemStyleObject<Theme> | CssVariableType | ((theme: Theme) => string | number | SystemStyleObject<Theme>)'.
  Overload 3 of 3, '(props: DefaultComponentProps<ExtendButtonBaseTypeMap<ButtonTypeMap<{}, "button">>>): Element | null', gave the following error.
    Type 'string | SystemCssProperties<Theme> | CSSSelectorObjectOrCssVariables<Theme> | readonly (readonly string[] | Transition<string & {}> | null | undefined)[] | { ...; } | ((theme: Theme) => ResponsiveStyleValue<...>) | null' is not assignable to type 'SystemStyleObject<Theme> | CssVariableType | ((theme: Theme) => string | number | SystemStyleObject<Theme>)'.
src/components/common/AnimatedFeedback.tsx(160,7): error TS2769: No overload matches this call.
  Overload 2 of 2, '(props: DefaultComponentProps<BoxTypeMap<{}, "div", Theme>>): Element | null', gave the following error.
    Type '(string & {}) | "ruby" | "table" | "flex" | "grid" | SystemCssProperties<Theme> | CSSSelectorObjectOrCssVariables<Theme> | ... 40 more ... | null' is not assignable to type 'SystemStyleObject<Theme> | CssVariableType | ((theme: Theme) => string | number | SystemStyleObject<Theme>)'.
  Overload 2 of 2, '(props: DefaultComponentProps<BoxTypeMap<{}, "div", Theme>>): Element | null', gave the following error.
    Type '(string & {}) | "center" | SystemCssProperties<Theme> | CSSSelectorObjectOrCssVariables<Theme> | "-moz-initial" | ... 17 more ... | null' is not assignable to type 'SystemStyleObject<Theme> | CssVariableType | ((theme: Theme) => string | number | SystemStyleObject<Theme>)'.
  Overload 2 of 2, '(props: DefaultComponentProps<BoxTypeMap<{}, "div", Theme>>): Element | null', gave the following error.
    Type 'string | SystemCssProperties<Theme> | CSSSelectorObjectOrCssVariables<Theme> | readonly (readonly string[] | Color | null | undefined)[] | { ...; } | ((theme: Theme) => ResponsiveStyleValue<...>) | null' is not assignable to type 'SystemStyleObject<Theme> | CssVariableType | ((theme: Theme) => string | number | SystemStyleObject<Theme>)'.
src/components/common/AnimatedFeedback.tsx(183,5): error TS2769: No overload matches this call.
  Overload 2 of 2, '(props: DefaultComponentProps<BoxTypeMap<{}, "div", Theme>>): Element | null', gave the following error.
    Type '(string & {}) | "ruby" | "table" | "flex" | "grid" | SystemCssProperties<Theme> | CSSSelectorObjectOrCssVariables<Theme> | ... 40 more ... | null' is not assignable to type 'SystemStyleObject<Theme> | CssVariableType | ((theme: Theme) => string | number | SystemStyleObject<Theme>)'.
  Overload 2 of 2, '(props: DefaultComponentProps<BoxTypeMap<{}, "div", Theme>>): Element | null', gave the following error.
    Type '(string & {}) | "center" | SystemCssProperties<Theme> | CSSSelectorObjectOrCssVariables<Theme> | "-moz-initial" | ... 17 more ... | null' is not assignable to type 'SystemStyleObject<Theme> | CssVariableType | ((theme: Theme) => string | number | SystemStyleObject<Theme>)'.
  Overload 2 of 2, '(props: DefaultComponentProps<BoxTypeMap<{}, "div", Theme>>): Element | null', gave the following error.
    Type 'string | number | SystemCssProperties<Theme> | CSSSelectorObjectOrCssVariables<Theme> | readonly (Padding<string | number> | readonly NonNullable<...>[] | null | undefined)[] | { ...; } | ((theme: Theme) => ResponsiveStyleValue<...>) | null' is not assignable to type 'SystemStyleObject<Theme> | CssVariableType | ((theme: Theme) => string | number | SystemStyleObject<Theme>)'.
  Overload 2 of 2, '(props: DefaultComponentProps<BoxTypeMap<{}, "div", Theme>>): Element | null', gave the following error.
    Type 'string | number | SystemCssProperties<Theme> | CSSSelectorObjectOrCssVariables<Theme> | readonly (BorderRadius<string | number> | readonly NonNullable<...>[] | null | undefined)[] | { ...; } | ((theme: Theme) => ResponsiveStyleValue<...>) | null' is not assignable to type 'SystemStyleObject<Theme> | CssVariableType | ((theme: Theme) => string | number | SystemStyleObject<Theme>)'.
  Overload 2 of 2, '(props: DefaultComponentProps<BoxTypeMap<{}, "div", Theme>>): Element | null', gave the following error.
    Type 'string | SystemCssProperties<Theme> | CSSSelectorObjectOrCssVariables<Theme> | readonly (readonly string[] | BackgroundColor | null | undefined)[] | { ...; } | ((theme: Theme) => ResponsiveStyleValue<...>) | null' is not assignable to type 'SystemStyleObject<Theme> | CssVariableType | ((theme: Theme) => string | number | SystemStyleObject<Theme>)'.
  Overload 2 of 2, '(props: DefaultComponentProps<BoxTypeMap<{}, "div", Theme>>): Element | null', gave the following error.
    Type 'number | (string & {}) | "hidden" | "inset" | SystemCssProperties<Theme> | CSSSelectorObjectOrCssVariables<Theme> | ... 199 more ... | null' is not assignable to type 'SystemStyleObject<Theme> | CssVariableType | ((theme: Theme) => string | number | SystemStyleObject<Theme>)'.
  Overload 2 of 2, '(props: DefaultComponentProps<BoxTypeMap<{}, "div", Theme>>): Element | null', gave the following error.
    Type 'string | SystemCssProperties<Theme> | CSSSelectorObjectOrCssVariables<Theme> | readonly (readonly string[] | Color | null | undefined)[] | { ...; } | ((theme: Theme) => ResponsiveStyleValue<...>) | null' is not assignable to type 'SystemStyleObject<Theme> | CssVariableType | ((theme: Theme) => string | number | SystemStyleObject<Theme>)'.
src/components/common/ApiVersionWarningBanner.tsx(43,45): error TS2339: Property 'checkApiVersion' does not exist on type '{ get: <T>(url: string, config?: AxiosRequestConfig<any> | undefined, cacheOptions?: CacheOptions | undefined) => Promise<T>; post: <T>(url: string, data?: any, config?: AxiosRequestConfig<...> | undefined) => Promise<...>; put: <T>(url: string, data?: any, config?: AxiosRequestConfig<...> | undefined) => Promise<.....'.
src/components/common/ApiVersionWarningBanner.tsx(47,38): error TS2339: Property 'getMigrationGuide' does not exist on type '{ get: <T>(url: string, config?: AxiosRequestConfig<any> | undefined, cacheOptions?: CacheOptions | undefined) => Promise<T>; post: <T>(url: string, data?: any, config?: AxiosRequestConfig<...> | undefined) => Promise<...>; put: <T>(url: string, data?: any, config?: AxiosRequestConfig<...> | undefined) => Promise<.....'.
src/components/common/ApiVersionWarningBanner.tsx(47,67): error TS2339: Property 'getVersion' does not exist on type '{ get: <T>(url: string, config?: AxiosRequestConfig<any> | undefined, cacheOptions?: CacheOptions | undefined) => Promise<T>; post: <T>(url: string, data?: any, config?: AxiosRequestConfig<...> | undefined) => Promise<...>; put: <T>(url: string, data?: any, config?: AxiosRequestConfig<...> | undefined) => Promise<.....'.
src/components/common/ApiVersionWarningBanner.tsx(53,56): error TS2552: Cannot find name 'error'. Did you mean '_error'?
src/components/common/DataVisualization.tsx(319,36): error TS2322: Type '{ labels: string[]; datasets: { label: string; data: number[]; backgroundColor: string[]; borderColor: string; borderWidth: number; }[]; } | { datasets: { label: string; data: { x: number; y: number; r: number; }[]; backgroundColor: string; }[]; labels?: undefined; } | { ...; }' is not assignable to type 'ChartData<"bar", number[], string>'.
  Type '{ datasets: { label: string; data: { x: number; y: number; r: number; }[]; backgroundColor: string; }[]; labels?: undefined; }' is not assignable to type 'ChartData<"bar", number[], string>'.
    Types of property 'datasets' are incompatible.
      Type '{ label: string; data: { x: number; y: number; r: number; }[]; backgroundColor: string; }[]' is not assignable to type 'ChartDataset<"bar", number[]>[]'.
        Type '{ label: string; data: { x: number; y: number; r: number; }[]; backgroundColor: string; }' is not assignable to type 'ChartDataset<"bar", number[]>'.
          Type '{ label: string; data: { x: number; y: number; r: number; }[]; backgroundColor: string; }' is not assignable to type 'ChartDatasetProperties<"bar", number[]>'.
            Types of property 'data' are incompatible.
              Type '{ x: number; y: number; r: number; }[]' is not assignable to type 'number[]'.
                Type '{ x: number; y: number; r: number; }' is not assignable to type 'number'.
src/components/common/DataVisualization.tsx(319,53): error TS2322: Type '{ responsive: boolean; maintainAspectRatio: boolean; animation: { duration: number; }; plugins: { legend: { display: boolean; position: "top"; }; title: { display: boolean; text: string; font: { size: number; weight: string; }; }; tooltip: { ...; }; }; } | { ...; }' is not assignable to type '_DeepPartialObject<CoreChartOptions<"bar"> & ElementChartOptions<"bar"> & PluginChartOptions<"bar"> & DatasetChartOptions<"bar"> & ScaleChartOptions<...> & BarControllerChartOptions> | undefined'.
  Type '{ responsive: boolean; maintainAspectRatio: boolean; animation: { duration: number; }; plugins: { legend: { display: boolean; position: "top"; }; title: { display: boolean; text: string; font: { size: number; weight: string; }; }; tooltip: { ...; }; }; }' is not assignable to type '_DeepPartialObject<CoreChartOptions<"bar"> & ElementChartOptions<"bar"> & PluginChartOptions<"bar"> & DatasetChartOptions<"bar"> & ScaleChartOptions<...> & BarControllerChartOptions>'.
    The types of 'plugins.title.font' are incompatible between these types.
      Type '{ size: number; weight: string; }' is not assignable to type '((ctx: ScriptableChartContext, options: AnyObject) => Partial<FontSpec> | undefined) | _DeepPartialObject<Partial<FontSpec>> | _DeepPartialObject<...> | undefined'.
        Type '{ size: number; weight: string; }' is not assignable to type '_DeepPartialObject<ScriptableOptions<Partial<FontSpec>, ScriptableChartContext>>'.
          Types of property 'weight' are incompatible.
            Type 'string' is not assignable to type 'number | "bold" | "normal" | "bolder" | "lighter" | ((ctx: ScriptableChartContext, options: AnyObject) => number | "bold" | "normal" | "bolder" | "lighter" | null | undefined) | null | undefined'.
src/components/common/DataVisualization.tsx(321,37): error TS2322: Type '{ labels: string[]; datasets: { label: string; data: number[]; backgroundColor: string[]; borderColor: string; borderWidth: number; }[]; } | { datasets: { label: string; data: { x: number; y: number; r: number; }[]; backgroundColor: string; }[]; labels?: undefined; } | { ...; }' is not assignable to type 'ChartData<"line", number[], string>'.
  Type '{ datasets: { label: string; data: { x: number; y: number; r: number; }[]; backgroundColor: string; }[]; labels?: undefined; }' is not assignable to type 'ChartData<"line", number[], string>'.
    Types of property 'datasets' are incompatible.
